CRITICAL - 2022-12-29 10:57:49 --> Undefined array key "mobile"
in APPPATH\Controllers\apiController.php on line 187.
 1 APPPATH\Controllers\apiController.php(187): CodeIgniter\Debug\Exceptions->errorHandler(2, 'Undefined array key "mobile"', 'APPPATH\\Controllers\\apiController.php', 187)
 2 SYSTEMPATH\CodeIgniter.php(927): App\Controllers\apiController->userPlan()
 3 SYSTEMPATH\CodeIgniter.php(482): CodeIgniter\CodeIgniter->runController(Object(App\Controllers\apiController))
 4 SYSTEMPATH\CodeIgniter.php(351): CodeIgniter\CodeIgniter->handleRequest(null, Object(Config\Cache), false)
 5 FCPATH\index.php(67): CodeIgniter\CodeIgniter->run()
CRITICAL - 2022-12-29 10:58:20 --> Undefined array key "mobile"
in APPPATH\Controllers\apiController.php on line 187.
 1 APPPATH\Controllers\apiController.php(187): CodeIgniter\Debug\Exceptions->errorHandler(2, 'Undefined array key "mobile"', 'APPPATH\\Controllers\\apiController.php', 187)
 2 SYSTEMPATH\CodeIgniter.php(927): App\Controllers\apiController->userPlan()
 3 SYSTEMPATH\CodeIgniter.php(482): CodeIgniter\CodeIgniter->runController(Object(App\Controllers\apiController))
 4 SYSTEMPATH\CodeIgniter.php(351): CodeIgniter\CodeIgniter->handleRequest(null, Object(Config\Cache), false)
 5 FCPATH\index.php(67): CodeIgniter\CodeIgniter->run()
CRITICAL - 2022-12-29 10:58:50 --> Undefined array key "planname"
in APPPATH\Controllers\apiController.php on line 188.
 1 APPPATH\Controllers\apiController.php(188): CodeIgniter\Debug\Exceptions->errorHandler(2, 'Undefined array key "planname"', 'APPPATH\\Controllers\\apiController.php', 188)
 2 SYSTEMPATH\CodeIgniter.php(927): App\Controllers\apiController->userPlan()
 3 SYSTEMPATH\CodeIgniter.php(482): CodeIgniter\CodeIgniter->runController(Object(App\Controllers\apiController))
 4 SYSTEMPATH\CodeIgniter.php(351): CodeIgniter\CodeIgniter->handleRequest(null, Object(Config\Cache), false)
 5 FCPATH\index.php(67): CodeIgniter\CodeIgniter->run()
CRITICAL - 2022-12-29 10:59:09 --> Undefined array key "days"
in APPPATH\Controllers\apiController.php on line 189.
 1 APPPATH\Controllers\apiController.php(189): CodeIgniter\Debug\Exceptions->errorHandler(2, 'Undefined array key "days"', 'APPPATH\\Controllers\\apiController.php', 189)
 2 SYSTEMPATH\CodeIgniter.php(927): App\Controllers\apiController->userPlan()
 3 SYSTEMPATH\CodeIgniter.php(482): CodeIgniter\CodeIgniter->runController(Object(App\Controllers\apiController))
 4 SYSTEMPATH\CodeIgniter.php(351): CodeIgniter\CodeIgniter->handleRequest(null, Object(Config\Cache), false)
 5 FCPATH\index.php(67): CodeIgniter\CodeIgniter->run()
CRITICAL - 2022-12-29 10:59:27 --> Undefined array key "price"
in APPPATH\Controllers\apiController.php on line 190.
 1 APPPATH\Controllers\apiController.php(190): CodeIgniter\Debug\Exceptions->errorHandler(2, 'Undefined array key "price"', 'APPPATH\\Controllers\\apiController.php', 190)
 2 SYSTEMPATH\CodeIgniter.php(927): App\Controllers\apiController->userPlan()
 3 SYSTEMPATH\CodeIgniter.php(482): CodeIgniter\CodeIgniter->runController(Object(App\Controllers\apiController))
 4 SYSTEMPATH\CodeIgniter.php(351): CodeIgniter\CodeIgniter->handleRequest(null, Object(Config\Cache), false)
 5 FCPATH\index.php(67): CodeIgniter\CodeIgniter->run()
CRITICAL - 2022-12-29 10:59:41 --> Undefined variable $resp
in APPPATH\Controllers\apiController.php on line 278.
 1 APPPATH\Controllers\apiController.php(278): CodeIgniter\Debug\Exceptions->errorHandler(2, 'Undefined variable $resp', 'APPPATH\\Controllers\\apiController.php', 278)
 2 SYSTEMPATH\CodeIgniter.php(927): App\Controllers\apiController->userPlan()
 3 SYSTEMPATH\CodeIgniter.php(482): CodeIgniter\CodeIgniter->runController(Object(App\Controllers\apiController))
 4 SYSTEMPATH\CodeIgniter.php(351): CodeIgniter\CodeIgniter->handleRequest(null, Object(Config\Cache), false)
 5 FCPATH\index.php(67): CodeIgniter\CodeIgniter->run()
CRITICAL - 2022-12-29 11:04:08 --> You must use the "set" method to insert an entry.
in SYSTEMPATH\Database\BaseBuilder.php on line 1958.
 1 SYSTEMPATH\Database\BaseBuilder.php(1898): CodeIgniter\Database\BaseBuilder->validateInsert()
 2 APPPATH\Controllers\apiController.php(273): CodeIgniter\Database\BaseBuilder->insert([])
 3 SYSTEMPATH\CodeIgniter.php(927): App\Controllers\apiController->userPlan()
 4 SYSTEMPATH\CodeIgniter.php(482): CodeIgniter\CodeIgniter->runController(Object(App\Controllers\apiController))
 5 SYSTEMPATH\CodeIgniter.php(351): CodeIgniter\CodeIgniter->handleRequest(null, Object(Config\Cache), false)
 6 FCPATH\index.php(67): CodeIgniter\CodeIgniter->run()
CRITICAL - 2022-12-29 11:15:15 --> Undefined variable $resp
in APPPATH\Controllers\apiController.php on line 132.
 1 APPPATH\Controllers\apiController.php(132): CodeIgniter\Debug\Exceptions->errorHandler(2, 'Undefined variable $resp', 'APPPATH\\Controllers\\apiController.php', 132)
 2 SYSTEMPATH\CodeIgniter.php(927): App\Controllers\apiController->userRegister()
 3 SYSTEMPATH\CodeIgniter.php(482): CodeIgniter\CodeIgniter->runController(Object(App\Controllers\apiController))
 4 SYSTEMPATH\CodeIgniter.php(351): CodeIgniter\CodeIgniter->handleRequest(null, Object(Config\Cache), false)
 5 FCPATH\index.php(67): CodeIgniter\CodeIgniter->run()
CRITICAL - 2022-12-29 11:15:46 --> Undefined array key "device_id"
in APPPATH\Controllers\apiController.php on line 53.
 1 APPPATH\Controllers\apiController.php(53): CodeIgniter\Debug\Exceptions->errorHandler(2, 'Undefined array key "device_id"', 'APPPATH\\Controllers\\apiController.php', 53)
 2 SYSTEMPATH\CodeIgniter.php(927): App\Controllers\apiController->userRegister()
 3 SYSTEMPATH\CodeIgniter.php(482): CodeIgniter\CodeIgniter->runController(Object(App\Controllers\apiController))
 4 SYSTEMPATH\CodeIgniter.php(351): CodeIgniter\CodeIgniter->handleRequest(null, Object(Config\Cache), false)
 5 FCPATH\index.php(67): CodeIgniter\CodeIgniter->run()
CRITICAL - 2022-12-29 11:16:25 --> Undefined array key 0
in APPPATH\Controllers\apiController.php on line 225.
 1 APPPATH\Controllers\apiController.php(225): CodeIgniter\Debug\Exceptions->errorHandler(2, 'Undefined array key 0', 'APPPATH\\Controllers\\apiController.php', 225)
 2 SYSTEMPATH\CodeIgniter.php(927): App\Controllers\apiController->userPlan()
 3 SYSTEMPATH\CodeIgniter.php(482): CodeIgniter\CodeIgniter->runController(Object(App\Controllers\apiController))
 4 SYSTEMPATH\CodeIgniter.php(351): CodeIgniter\CodeIgniter->handleRequest(null, Object(Config\Cache), false)
 5 FCPATH\index.php(67): CodeIgniter\CodeIgniter->run()
CRITICAL - 2022-12-29 11:18:44 --> Undefined array key 0
in APPPATH\Controllers\apiController.php on line 225.
 1 APPPATH\Controllers\apiController.php(225): CodeIgniter\Debug\Exceptions->errorHandler(2, 'Undefined array key 0', 'APPPATH\\Controllers\\apiController.php', 225)
 2 SYSTEMPATH\CodeIgniter.php(927): App\Controllers\apiController->userPlan()
 3 SYSTEMPATH\CodeIgniter.php(482): CodeIgniter\CodeIgniter->runController(Object(App\Controllers\apiController))
 4 SYSTEMPATH\CodeIgniter.php(351): CodeIgniter\CodeIgniter->handleRequest(null, Object(Config\Cache), false)
 5 FCPATH\index.php(67): CodeIgniter\CodeIgniter->run()
CRITICAL - 2022-12-29 11:23:44 --> Undefined array key 0
in APPPATH\Controllers\apiController.php on line 225.
 1 APPPATH\Controllers\apiController.php(225): CodeIgniter\Debug\Exceptions->errorHandler(2, 'Undefined array key 0', 'APPPATH\\Controllers\\apiController.php', 225)
 2 SYSTEMPATH\CodeIgniter.php(927): App\Controllers\apiController->userPlan()
 3 SYSTEMPATH\CodeIgniter.php(482): CodeIgniter\CodeIgniter->runController(Object(App\Controllers\apiController))
 4 SYSTEMPATH\CodeIgniter.php(351): CodeIgniter\CodeIgniter->handleRequest(null, Object(Config\Cache), false)
 5 FCPATH\index.php(67): CodeIgniter\CodeIgniter->run()
CRITICAL - 2022-12-29 11:24:48 --> Undefined array key 0
in APPPATH\Controllers\apiController.php on line 225.
 1 APPPATH\Controllers\apiController.php(225): CodeIgniter\Debug\Exceptions->errorHandler(2, 'Undefined array key 0', 'APPPATH\\Controllers\\apiController.php', 225)
 2 SYSTEMPATH\CodeIgniter.php(927): App\Controllers\apiController->userPlan()
 3 SYSTEMPATH\CodeIgniter.php(482): CodeIgniter\CodeIgniter->runController(Object(App\Controllers\apiController))
 4 SYSTEMPATH\CodeIgniter.php(351): CodeIgniter\CodeIgniter->handleRequest(null, Object(Config\Cache), false)
 5 FCPATH\index.php(67): CodeIgniter\CodeIgniter->run()
CRITICAL - 2022-12-29 11:25:09 --> syntax error, unexpected token ")", expecting identifier or variable or "{" or "$"
in APPPATH\Controllers\apiController.php on line 202.
 1 SYSTEMPATH\Autoloader\Autoloader.php(259): CodeIgniter\Autoloader\Autoloader->includeFile('APPPATH\\Controllers\\apiController.php')
 2 SYSTEMPATH\Autoloader\Autoloader.php(237): CodeIgniter\Autoloader\Autoloader->loadInNamespace('App\\Controllers\\apiController')
 3 [internal function]: CodeIgniter\Autoloader\Autoloader->loadClass('App\\Controllers\\apiController')
 4 SYSTEMPATH\CodeIgniter.php(877): class_exists('\\App\\Controllers\\apiController', true)
 5 SYSTEMPATH\CodeIgniter.php(469): CodeIgniter\CodeIgniter->startController()
 6 SYSTEMPATH\CodeIgniter.php(351): CodeIgniter\CodeIgniter->handleRequest(null, Object(Config\Cache), false)
 7 FCPATH\index.php(67): CodeIgniter\CodeIgniter->run()
CRITICAL - 2022-12-29 11:25:31 --> Undefined array key 0
in APPPATH\Controllers\apiController.php on line 225.
 1 APPPATH\Controllers\apiController.php(225): CodeIgniter\Debug\Exceptions->errorHandler(2, 'Undefined array key 0', 'APPPATH\\Controllers\\apiController.php', 225)
 2 SYSTEMPATH\CodeIgniter.php(927): App\Controllers\apiController->userPlan()
 3 SYSTEMPATH\CodeIgniter.php(482): CodeIgniter\CodeIgniter->runController(Object(App\Controllers\apiController))
 4 SYSTEMPATH\CodeIgniter.php(351): CodeIgniter\CodeIgniter->handleRequest(null, Object(Config\Cache), false)
 5 FCPATH\index.php(67): CodeIgniter\CodeIgniter->run()
CRITICAL - 2022-12-29 11:26:18 --> Undefined array key 0
in APPPATH\Controllers\apiController.php on line 226.
 1 APPPATH\Controllers\apiController.php(226): CodeIgniter\Debug\Exceptions->errorHandler(2, 'Undefined array key 0', 'APPPATH\\Controllers\\apiController.php', 226)
 2 SYSTEMPATH\CodeIgniter.php(927): App\Controllers\apiController->userPlan()
 3 SYSTEMPATH\CodeIgniter.php(482): CodeIgniter\CodeIgniter->runController(Object(App\Controllers\apiController))
 4 SYSTEMPATH\CodeIgniter.php(351): CodeIgniter\CodeIgniter->handleRequest(null, Object(Config\Cache), false)
 5 FCPATH\index.php(67): CodeIgniter\CodeIgniter->run()
CRITICAL - 2022-12-29 11:27:05 --> Undefined array key 0
in APPPATH\Controllers\apiController.php on line 240.
 1 APPPATH\Controllers\apiController.php(240): CodeIgniter\Debug\Exceptions->errorHandler(2, 'Undefined array key 0', 'APPPATH\\Controllers\\apiController.php', 240)
 2 SYSTEMPATH\CodeIgniter.php(927): App\Controllers\apiController->userPlan()
 3 SYSTEMPATH\CodeIgniter.php(482): CodeIgniter\CodeIgniter->runController(Object(App\Controllers\apiController))
 4 SYSTEMPATH\CodeIgniter.php(351): CodeIgniter\CodeIgniter->handleRequest(null, Object(Config\Cache), false)
 5 FCPATH\index.php(67): CodeIgniter\CodeIgniter->run()
CRITICAL - 2022-12-29 11:30:19 --> Undefined array key 0
in APPPATH\Controllers\apiController.php on line 240.
 1 APPPATH\Controllers\apiController.php(240): CodeIgniter\Debug\Exceptions->errorHandler(2, 'Undefined array key 0', 'APPPATH\\Controllers\\apiController.php', 240)
 2 SYSTEMPATH\CodeIgniter.php(927): App\Controllers\apiController->userPlan()
 3 SYSTEMPATH\CodeIgniter.php(482): CodeIgniter\CodeIgniter->runController(Object(App\Controllers\apiController))
 4 SYSTEMPATH\CodeIgniter.php(351): CodeIgniter\CodeIgniter->handleRequest(null, Object(Config\Cache), false)
 5 FCPATH\index.php(67): CodeIgniter\CodeIgniter->run()
CRITICAL - 2022-12-29 11:32:46 --> Undefined array key 0
in APPPATH\Controllers\apiController.php on line 240.
 1 APPPATH\Controllers\apiController.php(240): CodeIgniter\Debug\Exceptions->errorHandler(2, 'Undefined array key 0', 'APPPATH\\Controllers\\apiController.php', 240)
 2 SYSTEMPATH\CodeIgniter.php(927): App\Controllers\apiController->userPlan()
 3 SYSTEMPATH\CodeIgniter.php(482): CodeIgniter\CodeIgniter->runController(Object(App\Controllers\apiController))
 4 SYSTEMPATH\CodeIgniter.php(351): CodeIgniter\CodeIgniter->handleRequest(null, Object(Config\Cache), false)
 5 FCPATH\index.php(67): CodeIgniter\CodeIgniter->run()
CRITICAL - 2022-12-29 11:35:19 --> Undefined variable $state
in APPPATH\Controllers\apiController.php on line 225.
 1 APPPATH\Controllers\apiController.php(225): CodeIgniter\Debug\Exceptions->errorHandler(2, 'Undefined variable $state', 'APPPATH\\Controllers\\apiController.php', 225)
 2 SYSTEMPATH\CodeIgniter.php(927): App\Controllers\apiController->userPlan()
 3 SYSTEMPATH\CodeIgniter.php(482): CodeIgniter\CodeIgniter->runController(Object(App\Controllers\apiController))
 4 SYSTEMPATH\CodeIgniter.php(351): CodeIgniter\CodeIgniter->handleRequest(null, Object(Config\Cache), false)
 5 FCPATH\index.php(67): CodeIgniter\CodeIgniter->run()
CRITICAL - 2022-12-29 11:35:44 --> Undefined array key 0
in APPPATH\Controllers\apiController.php on line 243.
 1 APPPATH\Controllers\apiController.php(243): CodeIgniter\Debug\Exceptions->errorHandler(2, 'Undefined array key 0', 'APPPATH\\Controllers\\apiController.php', 243)
 2 SYSTEMPATH\CodeIgniter.php(927): App\Controllers\apiController->userPlan()
 3 SYSTEMPATH\CodeIgniter.php(482): CodeIgniter\CodeIgniter->runController(Object(App\Controllers\apiController))
 4 SYSTEMPATH\CodeIgniter.php(351): CodeIgniter\CodeIgniter->handleRequest(null, Object(Config\Cache), false)
 5 FCPATH\index.php(67): CodeIgniter\CodeIgniter->run()
CRITICAL - 2022-12-29 11:36:45 --> Undefined array key 0
in APPPATH\Controllers\apiController.php on line 243.
 1 APPPATH\Controllers\apiController.php(243): CodeIgniter\Debug\Exceptions->errorHandler(2, 'Undefined array key 0', 'APPPATH\\Controllers\\apiController.php', 243)
 2 SYSTEMPATH\CodeIgniter.php(927): App\Controllers\apiController->userPlan()
 3 SYSTEMPATH\CodeIgniter.php(482): CodeIgniter\CodeIgniter->runController(Object(App\Controllers\apiController))
 4 SYSTEMPATH\CodeIgniter.php(351): CodeIgniter\CodeIgniter->handleRequest(null, Object(Config\Cache), false)
 5 FCPATH\index.php(67): CodeIgniter\CodeIgniter->run()
CRITICAL - 2022-12-29 11:39:43 --> Undefined array key 0
in APPPATH\Controllers\apiController.php on line 263.
 1 APPPATH\Controllers\apiController.php(263): CodeIgniter\Debug\Exceptions->errorHandler(2, 'Undefined array key 0', 'APPPATH\\Controllers\\apiController.php', 263)
 2 SYSTEMPATH\CodeIgniter.php(927): App\Controllers\apiController->userPlan()
 3 SYSTEMPATH\CodeIgniter.php(482): CodeIgniter\CodeIgniter->runController(Object(App\Controllers\apiController))
 4 SYSTEMPATH\CodeIgniter.php(351): CodeIgniter\CodeIgniter->handleRequest(null, Object(Config\Cache), false)
 5 FCPATH\index.php(67): CodeIgniter\CodeIgniter->run()
CRITICAL - 2022-12-29 11:40:37 --> Undefined array key 0
in APPPATH\Controllers\apiController.php on line 263.
 1 APPPATH\Controllers\apiController.php(263): CodeIgniter\Debug\Exceptions->errorHandler(2, 'Undefined array key 0', 'APPPATH\\Controllers\\apiController.php', 263)
 2 SYSTEMPATH\CodeIgniter.php(927): App\Controllers\apiController->userPlan()
 3 SYSTEMPATH\CodeIgniter.php(482): CodeIgniter\CodeIgniter->runController(Object(App\Controllers\apiController))
 4 SYSTEMPATH\CodeIgniter.php(351): CodeIgniter\CodeIgniter->handleRequest(null, Object(Config\Cache), false)
 5 FCPATH\index.php(67): CodeIgniter\CodeIgniter->run()
CRITICAL - 2022-12-29 11:41:04 --> Undefined array key 0
in APPPATH\Controllers\apiController.php on line 263.
 1 APPPATH\Controllers\apiController.php(263): CodeIgniter\Debug\Exceptions->errorHandler(2, 'Undefined array key 0', 'APPPATH\\Controllers\\apiController.php', 263)
 2 SYSTEMPATH\CodeIgniter.php(927): App\Controllers\apiController->userPlan()
 3 SYSTEMPATH\CodeIgniter.php(482): CodeIgniter\CodeIgniter->runController(Object(App\Controllers\apiController))
 4 SYSTEMPATH\CodeIgniter.php(351): CodeIgniter\CodeIgniter->handleRequest(null, Object(Config\Cache), false)
 5 FCPATH\index.php(67): CodeIgniter\CodeIgniter->run()
CRITICAL - 2022-12-29 11:42:52 --> Undefined array key 0
in APPPATH\Controllers\apiController.php on line 243.
 1 APPPATH\Controllers\apiController.php(243): CodeIgniter\Debug\Exceptions->errorHandler(2, 'Undefined array key 0', 'APPPATH\\Controllers\\apiController.php', 243)
 2 SYSTEMPATH\CodeIgniter.php(927): App\Controllers\apiController->userPlan()
 3 SYSTEMPATH\CodeIgniter.php(482): CodeIgniter\CodeIgniter->runController(Object(App\Controllers\apiController))
 4 SYSTEMPATH\CodeIgniter.php(351): CodeIgniter\CodeIgniter->handleRequest(null, Object(Config\Cache), false)
 5 FCPATH\index.php(67): CodeIgniter\CodeIgniter->run()
CRITICAL - 2022-12-29 11:43:58 --> Undefined array key 0
in APPPATH\Controllers\apiController.php on line 202.
 1 APPPATH\Controllers\apiController.php(202): CodeIgniter\Debug\Exceptions->errorHandler(2, 'Undefined array key 0', 'APPPATH\\Controllers\\apiController.php', 202)
 2 SYSTEMPATH\CodeIgniter.php(927): App\Controllers\apiController->userPlan()
 3 SYSTEMPATH\CodeIgniter.php(482): CodeIgniter\CodeIgniter->runController(Object(App\Controllers\apiController))
 4 SYSTEMPATH\CodeIgniter.php(351): CodeIgniter\CodeIgniter->handleRequest(null, Object(Config\Cache), false)
 5 FCPATH\index.php(67): CodeIgniter\CodeIgniter->run()
