CRITICAL - 2022-12-09 01:18:11 --> Undefined variable $mac
in APPPATH/Views/ccd/index.php on line 49.
 1 APPPATH/Views/ccd/index.php(49): CodeIgniter\Debug\Exceptions->errorHandler(2, 'Undefined variable $mac', 'APPPATH/Views/ccd/index.php', 49)
 2 SYSTEMPATH/View/View.php(213): include('APPPATH/Views/ccd/index.php')
 3 SYSTEMPATH/View/View.php(216): CodeIgniter\View\View->CodeIgniter\View\{closure}()
 4 SYSTEMPATH/Common.php(1134): CodeIgniter\View\View->render('ccd/index', [], true)
 5 APPPATH/Controllers/ccdController.php(9): view('ccd/index')
 6 SYSTEMPATH/CodeIgniter.php(927): App\Controllers\ccdController->index()
 7 SYSTEMPATH/CodeIgniter.php(482): CodeIgniter\CodeIgniter->runController(Object(App\Controllers\ccdController))
 8 SYSTEMPATH/CodeIgniter.php(351): CodeIgniter\CodeIgniter->handleRequest(null, Object(Config\Cache), false)
 9 FCPATH/index.php(67): CodeIgniter\CodeIgniter->run()
CRITICAL - 2022-12-09 23:46:18 --> The namespace delimiter is a backslash (\), not a slash (/). Route handler: \App\Controllers\user/adminController::logincheck
in SYSTEMPATH/Router/Router.php on line 466.
 1 SYSTEMPATH/Router/Router.php(466): CodeIgniter\Router\Exceptions\RouterException::forInvalidControllerName()
 2 SYSTEMPATH/Router/Router.php(181): CodeIgniter\Router\Router->checkRoutes()
 3 SYSTEMPATH/Commands/Utilities/Routes/FilterFinder.php(36): CodeIgniter\Router\Router->handle()
 4 SYSTEMPATH/Commands/Utilities/Routes/FilterFinder.php(59): CodeIgniter\Commands\Utilities\Routes\FilterFinder->getRouteFilters()
 5 SYSTEMPATH/Commands/Utilities/Routes/FilterCollector.php(59): CodeIgniter\Commands\Utilities\Routes\FilterFinder->find()
 6 SYSTEMPATH/Commands/Utilities/Routes.php(102): CodeIgniter\Commands\Utilities\Routes\FilterCollector->get()
 7 SYSTEMPATH/CLI/Commands.php(63): CodeIgniter\Commands\Utilities\Routes->run()
 8 SYSTEMPATH/CLI/CommandRunner.php(65): CodeIgniter\CLI\Commands->run()
 9 SYSTEMPATH/CLI/CommandRunner.php(51): CodeIgniter\CLI\CommandRunner->index()
10 SYSTEMPATH/CodeIgniter.php(920): CodeIgniter\CLI\CommandRunner->_remap()
11 SYSTEMPATH/CodeIgniter.php(482): CodeIgniter\CodeIgniter->runController()
12 SYSTEMPATH/CodeIgniter.php(347): CodeIgniter\CodeIgniter->handleRequest()
13 SYSTEMPATH/CLI/Console.php(48): CodeIgniter\CodeIgniter->run()
14 ROOTPATH/spark(98): CodeIgniter\CLI\Console->run()
ERROR - 2022-12-09 23:52:27 --> ErrorException: Undefined variable $DBDriver in /opt/lampp/htdocs/ccd-ci4/system/Commands/Generators/Views/migration.tpl.php:16
Stack trace:
#0 /opt/lampp/htdocs/ccd-ci4/system/Commands/Generators/Views/migration.tpl.php(16): CodeIgniter\Debug\Exceptions->errorHandler()
#1 /opt/lampp/htdocs/ccd-ci4/system/View/View.php(213): include('...')
#2 /opt/lampp/htdocs/ccd-ci4/system/View/View.php(216): CodeIgniter\View\View->CodeIgniter\View\{closure}()
#3 /opt/lampp/htdocs/ccd-ci4/system/Common.php(1134): CodeIgniter\View\View->render()
#4 /opt/lampp/htdocs/ccd-ci4/system/CLI/GeneratorTrait.php(235): view()
#5 /opt/lampp/htdocs/ccd-ci4/system/CLI/GeneratorTrait.php(257): CodeIgniter\Commands\Generators\SessionMigrationGenerator->renderTemplate()
#6 /opt/lampp/htdocs/ccd-ci4/system/Commands/Generators/SessionMigrationGenerator.php(100): CodeIgniter\Commands\Generators\SessionMigrationGenerator->parseTemplate()
#7 /opt/lampp/htdocs/ccd-ci4/system/CLI/GeneratorTrait.php(267): CodeIgniter\Commands\Generators\SessionMigrationGenerator->prepare()
#8 /opt/lampp/htdocs/ccd-ci4/system/CLI/GeneratorTrait.php(144): CodeIgniter\Commands\Generators\SessionMigrationGenerator->buildContent()
#9 /opt/lampp/htdocs/ccd-ci4/system/Commands/Generators/SessionMigrationGenerator.php(84): CodeIgniter\Commands\Generators\SessionMigrationGenerator->execute()
#10 /opt/lampp/htdocs/ccd-ci4/system/CLI/Commands.php(63): CodeIgniter\Commands\Generators\SessionMigrationGenerator->run()
#11 /opt/lampp/htdocs/ccd-ci4/system/CLI/CommandRunner.php(65): CodeIgniter\CLI\Commands->run()
#12 /opt/lampp/htdocs/ccd-ci4/system/CLI/CommandRunner.php(51): CodeIgniter\CLI\CommandRunner->index()
#13 /opt/lampp/htdocs/ccd-ci4/system/CodeIgniter.php(920): CodeIgniter\CLI\CommandRunner->_remap()
#14 /opt/lampp/htdocs/ccd-ci4/system/CodeIgniter.php(482): CodeIgniter\CodeIgniter->runController()
#15 /opt/lampp/htdocs/ccd-ci4/system/CodeIgniter.php(347): CodeIgniter\CodeIgniter->handleRequest()
#16 /opt/lampp/htdocs/ccd-ci4/system/CLI/Console.php(48): CodeIgniter\CodeIgniter->run()
#17 /opt/lampp/htdocs/ccd-ci4/spark(98): CodeIgniter\CLI\Console->run()
#18 {main}
CRITICAL - 2022-12-09 23:52:27 --> Undefined variable $DBDriver
in SYSTEMPATH/Commands/Generators/Views/migration.tpl.php on line 16.
 1 SYSTEMPATH/Commands/Generators/Views/migration.tpl.php(16): CodeIgniter\Debug\Exceptions->errorHandler()
 2 SYSTEMPATH/View/View.php(213): include('SYSTEMPATH/Commands/Generators/Views/migration.tpl.php')
 3 SYSTEMPATH/View/View.php(216): CodeIgniter\View\View->CodeIgniter\View\{closure}()
 4 SYSTEMPATH/Common.php(1134): CodeIgniter\View\View->render()
 5 SYSTEMPATH/CLI/GeneratorTrait.php(239): view()
 6 SYSTEMPATH/CLI/GeneratorTrait.php(257): CodeIgniter\Commands\Generators\SessionMigrationGenerator->renderTemplate()
 7 SYSTEMPATH/Commands/Generators/SessionMigrationGenerator.php(100): CodeIgniter\Commands\Generators\SessionMigrationGenerator->parseTemplate()
 8 SYSTEMPATH/CLI/GeneratorTrait.php(267): CodeIgniter\Commands\Generators\SessionMigrationGenerator->prepare()
 9 SYSTEMPATH/CLI/GeneratorTrait.php(144): CodeIgniter\Commands\Generators\SessionMigrationGenerator->buildContent()
10 SYSTEMPATH/Commands/Generators/SessionMigrationGenerator.php(84): CodeIgniter\Commands\Generators\SessionMigrationGenerator->execute()
11 SYSTEMPATH/CLI/Commands.php(63): CodeIgniter\Commands\Generators\SessionMigrationGenerator->run()
12 SYSTEMPATH/CLI/CommandRunner.php(65): CodeIgniter\CLI\Commands->run()
13 SYSTEMPATH/CLI/CommandRunner.php(51): CodeIgniter\CLI\CommandRunner->index()
14 SYSTEMPATH/CodeIgniter.php(920): CodeIgniter\CLI\CommandRunner->_remap()
15 SYSTEMPATH/CodeIgniter.php(482): CodeIgniter\CodeIgniter->runController()
16 SYSTEMPATH/CodeIgniter.php(347): CodeIgniter\CodeIgniter->handleRequest()
17 SYSTEMPATH/CLI/Console.php(48): CodeIgniter\CodeIgniter->run()
18 ROOTPATH/spark(98): CodeIgniter\CLI\Console->run()
ERROR - 2022-12-09 23:53:25 --> ErrorException: Undefined variable $DBDriver in /opt/lampp/htdocs/ccd-ci4/system/Commands/Generators/Views/migration.tpl.php:16
Stack trace:
#0 /opt/lampp/htdocs/ccd-ci4/system/Commands/Generators/Views/migration.tpl.php(16): CodeIgniter\Debug\Exceptions->errorHandler()
#1 /opt/lampp/htdocs/ccd-ci4/system/View/View.php(213): include('...')
#2 /opt/lampp/htdocs/ccd-ci4/system/View/View.php(216): CodeIgniter\View\View->CodeIgniter\View\{closure}()
#3 /opt/lampp/htdocs/ccd-ci4/system/Common.php(1134): CodeIgniter\View\View->render()
#4 /opt/lampp/htdocs/ccd-ci4/system/CLI/GeneratorTrait.php(235): view()
#5 /opt/lampp/htdocs/ccd-ci4/system/CLI/GeneratorTrait.php(257): CodeIgniter\Commands\Generators\SessionMigrationGenerator->renderTemplate()
#6 /opt/lampp/htdocs/ccd-ci4/system/Commands/Generators/SessionMigrationGenerator.php(100): CodeIgniter\Commands\Generators\SessionMigrationGenerator->parseTemplate()
#7 /opt/lampp/htdocs/ccd-ci4/system/CLI/GeneratorTrait.php(267): CodeIgniter\Commands\Generators\SessionMigrationGenerator->prepare()
#8 /opt/lampp/htdocs/ccd-ci4/system/CLI/GeneratorTrait.php(144): CodeIgniter\Commands\Generators\SessionMigrationGenerator->buildContent()
#9 /opt/lampp/htdocs/ccd-ci4/system/Commands/Generators/SessionMigrationGenerator.php(84): CodeIgniter\Commands\Generators\SessionMigrationGenerator->execute()
#10 /opt/lampp/htdocs/ccd-ci4/system/CLI/Commands.php(63): CodeIgniter\Commands\Generators\SessionMigrationGenerator->run()
#11 /opt/lampp/htdocs/ccd-ci4/system/CLI/CommandRunner.php(65): CodeIgniter\CLI\Commands->run()
#12 /opt/lampp/htdocs/ccd-ci4/system/CLI/CommandRunner.php(51): CodeIgniter\CLI\CommandRunner->index()
#13 /opt/lampp/htdocs/ccd-ci4/system/CodeIgniter.php(920): CodeIgniter\CLI\CommandRunner->_remap()
#14 /opt/lampp/htdocs/ccd-ci4/system/CodeIgniter.php(482): CodeIgniter\CodeIgniter->runController()
#15 /opt/lampp/htdocs/ccd-ci4/system/CodeIgniter.php(347): CodeIgniter\CodeIgniter->handleRequest()
#16 /opt/lampp/htdocs/ccd-ci4/system/CLI/Console.php(48): CodeIgniter\CodeIgniter->run()
#17 /opt/lampp/htdocs/ccd-ci4/spark(98): CodeIgniter\CLI\Console->run()
#18 {main}
CRITICAL - 2022-12-09 23:53:25 --> Undefined variable $DBDriver
in SYSTEMPATH/Commands/Generators/Views/migration.tpl.php on line 16.
 1 SYSTEMPATH/Commands/Generators/Views/migration.tpl.php(16): CodeIgniter\Debug\Exceptions->errorHandler()
 2 SYSTEMPATH/View/View.php(213): include('SYSTEMPATH/Commands/Generators/Views/migration.tpl.php')
 3 SYSTEMPATH/View/View.php(216): CodeIgniter\View\View->CodeIgniter\View\{closure}()
 4 SYSTEMPATH/Common.php(1134): CodeIgniter\View\View->render()
 5 SYSTEMPATH/CLI/GeneratorTrait.php(239): view()
 6 SYSTEMPATH/CLI/GeneratorTrait.php(257): CodeIgniter\Commands\Generators\SessionMigrationGenerator->renderTemplate()
 7 SYSTEMPATH/Commands/Generators/SessionMigrationGenerator.php(100): CodeIgniter\Commands\Generators\SessionMigrationGenerator->parseTemplate()
 8 SYSTEMPATH/CLI/GeneratorTrait.php(267): CodeIgniter\Commands\Generators\SessionMigrationGenerator->prepare()
 9 SYSTEMPATH/CLI/GeneratorTrait.php(144): CodeIgniter\Commands\Generators\SessionMigrationGenerator->buildContent()
10 SYSTEMPATH/Commands/Generators/SessionMigrationGenerator.php(84): CodeIgniter\Commands\Generators\SessionMigrationGenerator->execute()
11 SYSTEMPATH/CLI/Commands.php(63): CodeIgniter\Commands\Generators\SessionMigrationGenerator->run()
12 SYSTEMPATH/CLI/CommandRunner.php(65): CodeIgniter\CLI\Commands->run()
13 SYSTEMPATH/CLI/CommandRunner.php(51): CodeIgniter\CLI\CommandRunner->index()
14 SYSTEMPATH/CodeIgniter.php(920): CodeIgniter\CLI\CommandRunner->_remap()
15 SYSTEMPATH/CodeIgniter.php(482): CodeIgniter\CodeIgniter->runController()
16 SYSTEMPATH/CodeIgniter.php(347): CodeIgniter\CodeIgniter->handleRequest()
17 SYSTEMPATH/CLI/Console.php(48): CodeIgniter\CodeIgniter->run()
18 ROOTPATH/spark(98): CodeIgniter\CLI\Console->run()
ERROR - 2022-12-09 23:53:44 --> ErrorException: Undefined variable $DBDriver in /opt/lampp/htdocs/ccd-ci4/system/Commands/Generators/Views/migration.tpl.php:16
Stack trace:
#0 /opt/lampp/htdocs/ccd-ci4/system/Commands/Generators/Views/migration.tpl.php(16): CodeIgniter\Debug\Exceptions->errorHandler()
#1 /opt/lampp/htdocs/ccd-ci4/system/View/View.php(213): include('...')
#2 /opt/lampp/htdocs/ccd-ci4/system/View/View.php(216): CodeIgniter\View\View->CodeIgniter\View\{closure}()
#3 /opt/lampp/htdocs/ccd-ci4/system/Common.php(1134): CodeIgniter\View\View->render()
#4 /opt/lampp/htdocs/ccd-ci4/system/CLI/GeneratorTrait.php(235): view()
#5 /opt/lampp/htdocs/ccd-ci4/system/CLI/GeneratorTrait.php(257): CodeIgniter\Commands\Generators\SessionMigrationGenerator->renderTemplate()
#6 /opt/lampp/htdocs/ccd-ci4/system/Commands/Generators/SessionMigrationGenerator.php(100): CodeIgniter\Commands\Generators\SessionMigrationGenerator->parseTemplate()
#7 /opt/lampp/htdocs/ccd-ci4/system/CLI/GeneratorTrait.php(267): CodeIgniter\Commands\Generators\SessionMigrationGenerator->prepare()
#8 /opt/lampp/htdocs/ccd-ci4/system/CLI/GeneratorTrait.php(144): CodeIgniter\Commands\Generators\SessionMigrationGenerator->buildContent()
#9 /opt/lampp/htdocs/ccd-ci4/system/Commands/Generators/SessionMigrationGenerator.php(84): CodeIgniter\Commands\Generators\SessionMigrationGenerator->execute()
#10 /opt/lampp/htdocs/ccd-ci4/system/CLI/Commands.php(63): CodeIgniter\Commands\Generators\SessionMigrationGenerator->run()
#11 /opt/lampp/htdocs/ccd-ci4/system/CLI/CommandRunner.php(65): CodeIgniter\CLI\Commands->run()
#12 /opt/lampp/htdocs/ccd-ci4/system/CLI/CommandRunner.php(51): CodeIgniter\CLI\CommandRunner->index()
#13 /opt/lampp/htdocs/ccd-ci4/system/CodeIgniter.php(920): CodeIgniter\CLI\CommandRunner->_remap()
#14 /opt/lampp/htdocs/ccd-ci4/system/CodeIgniter.php(482): CodeIgniter\CodeIgniter->runController()
#15 /opt/lampp/htdocs/ccd-ci4/system/CodeIgniter.php(347): CodeIgniter\CodeIgniter->handleRequest()
#16 /opt/lampp/htdocs/ccd-ci4/system/CLI/Console.php(48): CodeIgniter\CodeIgniter->run()
#17 /opt/lampp/htdocs/ccd-ci4/spark(98): CodeIgniter\CLI\Console->run()
#18 {main}
CRITICAL - 2022-12-09 23:53:44 --> Undefined variable $DBDriver
in SYSTEMPATH/Commands/Generators/Views/migration.tpl.php on line 16.
 1 SYSTEMPATH/Commands/Generators/Views/migration.tpl.php(16): CodeIgniter\Debug\Exceptions->errorHandler()
 2 SYSTEMPATH/View/View.php(213): include('SYSTEMPATH/Commands/Generators/Views/migration.tpl.php')
 3 SYSTEMPATH/View/View.php(216): CodeIgniter\View\View->CodeIgniter\View\{closure}()
 4 SYSTEMPATH/Common.php(1134): CodeIgniter\View\View->render()
 5 SYSTEMPATH/CLI/GeneratorTrait.php(239): view()
 6 SYSTEMPATH/CLI/GeneratorTrait.php(257): CodeIgniter\Commands\Generators\SessionMigrationGenerator->renderTemplate()
 7 SYSTEMPATH/Commands/Generators/SessionMigrationGenerator.php(100): CodeIgniter\Commands\Generators\SessionMigrationGenerator->parseTemplate()
 8 SYSTEMPATH/CLI/GeneratorTrait.php(267): CodeIgniter\Commands\Generators\SessionMigrationGenerator->prepare()
 9 SYSTEMPATH/CLI/GeneratorTrait.php(144): CodeIgniter\Commands\Generators\SessionMigrationGenerator->buildContent()
10 SYSTEMPATH/Commands/Generators/SessionMigrationGenerator.php(84): CodeIgniter\Commands\Generators\SessionMigrationGenerator->execute()
11 SYSTEMPATH/CLI/Commands.php(63): CodeIgniter\Commands\Generators\SessionMigrationGenerator->run()
12 SYSTEMPATH/CLI/CommandRunner.php(65): CodeIgniter\CLI\Commands->run()
13 SYSTEMPATH/CLI/CommandRunner.php(51): CodeIgniter\CLI\CommandRunner->index()
14 SYSTEMPATH/CodeIgniter.php(920): CodeIgniter\CLI\CommandRunner->_remap()
15 SYSTEMPATH/CodeIgniter.php(482): CodeIgniter\CodeIgniter->runController()
16 SYSTEMPATH/CodeIgniter.php(347): CodeIgniter\CodeIgniter->handleRequest()
17 SYSTEMPATH/CLI/Console.php(48): CodeIgniter\CodeIgniter->run()
18 ROOTPATH/spark(98): CodeIgniter\CLI\Console->run()
