CRITICAL - 2023-01-20 23:34:18 --> Attempt to read property "username" on null
in APPPATH\Controllers\dataController.php on line 95.
 1 APPPATH\Controllers\dataController.php(95): CodeIgniter\Debug\Exceptions->errorHandler(2, 'Attempt to read property "username" on null', 'APPPATH\\Controllers\\dataController.php', 95)
 2 SYSTEMPATH\CodeIgniter.php(927): App\Controllers\dataController->loginck()
 3 SYSTEMPATH\CodeIgniter.php(482): CodeIgniter\CodeIgniter->runController(Object(App\Controllers\dataController))
 4 SYSTEMPATH\CodeIgniter.php(351): CodeIgniter\CodeIgniter->handleRequest(null, Object(Config\Cache), false)
 5 FCPATH\index.php(67): CodeIgniter\CodeIgniter->run()
CRITICAL - 2023-01-20 23:36:01 --> Attempt to read property "username" on null
in APPPATH\Controllers\dataController.php on line 95.
 1 APPPATH\Controllers\dataController.php(95): CodeIgniter\Debug\Exceptions->errorHandler(2, 'Attempt to read property "username" on null', 'APPPATH\\Controllers\\dataController.php', 95)
 2 SYSTEMPATH\CodeIgniter.php(927): App\Controllers\dataController->loginck()
 3 SYSTEMPATH\CodeIgniter.php(482): CodeIgniter\CodeIgniter->runController(Object(App\Controllers\dataController))
 4 SYSTEMPATH\CodeIgniter.php(351): CodeIgniter\CodeIgniter->handleRequest(null, Object(Config\Cache), false)
 5 FCPATH\index.php(67): CodeIgniter\CodeIgniter->run()
CRITICAL - 2023-01-20 23:39:11 --> count(): Argument #1 ($value) must be of type Countable|array, null given
in APPPATH\Views\admin\index.php on line 38.
 1 SYSTEMPATH\View\View.php(213): include()
 2 SYSTEMPATH\View\View.php(216): CodeIgniter\View\View->CodeIgniter\View\{closure}()
 3 SYSTEMPATH\Common.php(1134): CodeIgniter\View\View->render('admin/index', [], true)
 4 APPPATH\Controllers\dataController.php(31): view('admin/index', [...])
 5 SYSTEMPATH\CodeIgniter.php(927): App\Controllers\dataController->loginck()
 6 SYSTEMPATH\CodeIgniter.php(482): CodeIgniter\CodeIgniter->runController(Object(App\Controllers\dataController))
 7 SYSTEMPATH\CodeIgniter.php(351): CodeIgniter\CodeIgniter->handleRequest(null, Object(Config\Cache), false)
 8 FCPATH\index.php(67): CodeIgniter\CodeIgniter->run()
CRITICAL - 2023-01-20 23:39:39 --> count(): Argument #1 ($value) must be of type Countable|array, null given
in APPPATH\Views\admin\index.php on line 38.
 1 SYSTEMPATH\View\View.php(213): include()
 2 SYSTEMPATH\View\View.php(216): CodeIgniter\View\View->CodeIgniter\View\{closure}()
 3 SYSTEMPATH\Common.php(1134): CodeIgniter\View\View->render('admin/index', [], true)
 4 APPPATH\Controllers\dataController.php(31): view('admin/index', [...])
 5 SYSTEMPATH\CodeIgniter.php(927): App\Controllers\dataController->loginck()
 6 SYSTEMPATH\CodeIgniter.php(482): CodeIgniter\CodeIgniter->runController(Object(App\Controllers\dataController))
 7 SYSTEMPATH\CodeIgniter.php(351): CodeIgniter\CodeIgniter->handleRequest(null, Object(Config\Cache), false)
 8 FCPATH\index.php(67): CodeIgniter\CodeIgniter->run()
CRITICAL - 2023-01-20 23:39:52 --> count(): Argument #1 ($value) must be of type Countable|array, null given
in APPPATH\Views\admin\index.php on line 61.
 1 SYSTEMPATH\View\View.php(213): include()
 2 SYSTEMPATH\View\View.php(216): CodeIgniter\View\View->CodeIgniter\View\{closure}()
 3 SYSTEMPATH\Common.php(1134): CodeIgniter\View\View->render('admin/index', [], true)
 4 APPPATH\Controllers\dataController.php(31): view('admin/index', [...])
 5 SYSTEMPATH\CodeIgniter.php(927): App\Controllers\dataController->loginck()
 6 SYSTEMPATH\CodeIgniter.php(482): CodeIgniter\CodeIgniter->runController(Object(App\Controllers\dataController))
 7 SYSTEMPATH\CodeIgniter.php(351): CodeIgniter\CodeIgniter->handleRequest(null, Object(Config\Cache), false)
 8 FCPATH\index.php(67): CodeIgniter\CodeIgniter->run()
CRITICAL - 2023-01-20 23:40:05 --> count(): Argument #1 ($value) must be of type Countable|array, null given
in APPPATH\Views\admin\index.php on line 86.
 1 SYSTEMPATH\View\View.php(213): include()
 2 SYSTEMPATH\View\View.php(216): CodeIgniter\View\View->CodeIgniter\View\{closure}()
 3 SYSTEMPATH\Common.php(1134): CodeIgniter\View\View->render('admin/index', [], true)
 4 APPPATH\Controllers\dataController.php(31): view('admin/index', [...])
 5 SYSTEMPATH\CodeIgniter.php(927): App\Controllers\dataController->loginck()
 6 SYSTEMPATH\CodeIgniter.php(482): CodeIgniter\CodeIgniter->runController(Object(App\Controllers\dataController))
 7 SYSTEMPATH\CodeIgniter.php(351): CodeIgniter\CodeIgniter->handleRequest(null, Object(Config\Cache), false)
 8 FCPATH\index.php(67): CodeIgniter\CodeIgniter->run()
CRITICAL - 2023-01-20 23:40:17 --> count(): Argument #1 ($value) must be of type Countable|array, null given
in APPPATH\Views\admin\index.php on line 111.
 1 SYSTEMPATH\View\View.php(213): include()
 2 SYSTEMPATH\View\View.php(216): CodeIgniter\View\View->CodeIgniter\View\{closure}()
 3 SYSTEMPATH\Common.php(1134): CodeIgniter\View\View->render('admin/index', [], true)
 4 APPPATH\Controllers\dataController.php(31): view('admin/index', [...])
 5 SYSTEMPATH\CodeIgniter.php(927): App\Controllers\dataController->loginck()
 6 SYSTEMPATH\CodeIgniter.php(482): CodeIgniter\CodeIgniter->runController(Object(App\Controllers\dataController))
 7 SYSTEMPATH\CodeIgniter.php(351): CodeIgniter\CodeIgniter->handleRequest(null, Object(Config\Cache), false)
 8 FCPATH\index.php(67): CodeIgniter\CodeIgniter->run()
