CRITICAL - 2022-12-16 16:24:34 --> Session: Configured save path "/opt/lampp/htdocs/ci4-dataapp/writable/session" is not writable by the PHP process.
in SYSTEMPATH/Session/Handlers/FileHandler.php on line 102.
 1 SYSTEMPATH/Session/Handlers/FileHandler.php(102): CodeIgniter\Session\Exceptions\SessionException::forWriteProtectedSavePath('FCPATH/writable/session')
 2 [internal function]: CodeIgniter\Session\Handlers\FileHandler->open('FCPATH/writable/session', 'ci_session')
 3 SYSTEMPATH/Session/Session.php(912): session_start()
 4 SYSTEMPATH/Session/Session.php(234): CodeIgniter\Session\Session->startSession()
 5 SYSTEMPATH/Config/Services.php(665): CodeIgniter\Session\Session->start()
 6 SYSTEMPATH/Config/BaseService.php(253): CodeIgniter\Config\Services::session(Object(Config\App), false)
 7 SYSTEMPATH/Config/BaseService.php(194): CodeIgniter\Config\BaseService::__callStatic('session', [...])
 8 SYSTEMPATH/Config/Services.php(637): CodeIgniter\Config\BaseService::getSharedInstance('session', null)
 9 SYSTEMPATH/Config/BaseService.php(253): CodeIgniter\Config\Services::session()
10 APPPATH/Controllers/BaseController.php(54): CodeIgniter\Config\BaseService::__callStatic('session', [])
11 SYSTEMPATH/CodeIgniter.php(890): App\Controllers\BaseController->initController(Object(CodeIgniter\HTTP\IncomingRequest), Object(CodeIgniter\HTTP\Response), Object(CodeIgniter\Log\Logger))
12 SYSTEMPATH/CodeIgniter.php(473): CodeIgniter\CodeIgniter->createController()
13 SYSTEMPATH/CodeIgniter.php(351): CodeIgniter\CodeIgniter->handleRequest(null, Object(Config\Cache), false)
14 FCPATH/index.php(67): CodeIgniter\CodeIgniter->run()
CRITICAL - 2022-12-16 23:31:22 --> Invalid file: admin/criminal-Entry.php
in SYSTEMPATH/Exceptions/FrameworkException.php on line 33.
 1 SYSTEMPATH/View/View.php(201): CodeIgniter\Exceptions\FrameworkException::forInvalidFile('admin/criminal-Entry.php')
 2 SYSTEMPATH/Common.php(1134): CodeIgniter\View\View->render('admin/criminal-Entry', [], true)
 3 APPPATH/Controllers/adminController.php(1145): view('admin/criminal-Entry', [...])
 4 SYSTEMPATH/CodeIgniter.php(927): App\Controllers\adminController->crimanalEntry()
 5 SYSTEMPATH/CodeIgniter.php(482): CodeIgniter\CodeIgniter->runController(Object(App\Controllers\adminController))
 6 SYSTEMPATH/CodeIgniter.php(351): CodeIgniter\CodeIgniter->handleRequest(null, Object(Config\Cache), false)
 7 FCPATH/index.php(67): CodeIgniter\CodeIgniter->run()
ERROR - 2022-12-16 23:42:26 --> mysqli_sql_exception: Table 'newccd.usertbl' doesn't exist in /opt/lampp/htdocs/data-search/system/Database/MySQLi/Connection.php:292
Stack trace:
#0 /opt/lampp/htdocs/data-search/system/Database/MySQLi/Connection.php(292): mysqli->query('SELECT *\nFROM `...', 0)
#1 /opt/lampp/htdocs/data-search/system/Database/BaseConnection.php(666): CodeIgniter\Database\MySQLi\Connection->execute('SELECT *\nFROM `...')
#2 /opt/lampp/htdocs/data-search/system/Database/BaseConnection.php(593): CodeIgniter\Database\BaseConnection->simpleQuery('SELECT *\nFROM `...')
#3 /opt/lampp/htdocs/data-search/system/Database/BaseBuilder.php(1585): CodeIgniter\Database\BaseConnection->query('SELECT *\nFROM `...', Array, false)
#4 /opt/lampp/htdocs/data-search/app/Controllers/adminController.php(115): CodeIgniter\Database\BaseBuilder->get()
#5 /opt/lampp/htdocs/data-search/system/CodeIgniter.php(927): App\Controllers\adminController->userList()
#6 /opt/lampp/htdocs/data-search/system/CodeIgniter.php(482): CodeIgniter\CodeIgniter->runController(Object(App\Controllers\adminController))
#7 /opt/lampp/htdocs/data-search/system/CodeIgniter.php(351): CodeIgniter\CodeIgniter->handleRequest(NULL, Object(Config\Cache), false)
#8 /opt/lampp/htdocs/data-search/index.php(67): CodeIgniter\CodeIgniter->run()
#9 {main}
CRITICAL - 2022-12-16 23:42:26 --> Table 'newccd.usertbl' doesn't exist
in SYSTEMPATH/Database/MySQLi/Connection.php on line 292.
 1 SYSTEMPATH/Database/MySQLi/Connection.php(292): mysqli->query('SELECT *
FROM `usertbl`', 0)
 2 SYSTEMPATH/Database/BaseConnection.php(666): CodeIgniter\Database\MySQLi\Connection->execute('SELECT *
FROM `usertbl`')
 3 SYSTEMPATH/Database/BaseConnection.php(593): CodeIgniter\Database\BaseConnection->simpleQuery('SELECT *
FROM `usertbl`')
 4 SYSTEMPATH/Database/BaseBuilder.php(1585): CodeIgniter\Database\BaseConnection->query('SELECT *
FROM `usertbl`', [], false)
 5 APPPATH/Controllers/adminController.php(115): CodeIgniter\Database\BaseBuilder->get()
 6 SYSTEMPATH/CodeIgniter.php(927): App\Controllers\adminController->userList()
 7 SYSTEMPATH/CodeIgniter.php(482): CodeIgniter\CodeIgniter->runController(Object(App\Controllers\adminController))
 8 SYSTEMPATH/CodeIgniter.php(351): CodeIgniter\CodeIgniter->handleRequest(null, Object(Config\Cache), false)
 9 FCPATH/index.php(67): CodeIgniter\CodeIgniter->run()
CRITICAL - 2022-12-16 23:43:13 --> Undefined variable $crimanalListData
in APPPATH/Views/admin/user-list.php on line 79.
 1 APPPATH/Views/admin/user-list.php(79): CodeIgniter\Debug\Exceptions->errorHandler(2, 'Undefined variable $crimanalListData', 'APPPATH/Views/admin/user-list.php', 79)
 2 SYSTEMPATH/View/View.php(213): include('APPPATH/Views/admin/user-list.php')
 3 SYSTEMPATH/View/View.php(216): CodeIgniter\View\View->CodeIgniter\View\{closure}()
 4 SYSTEMPATH/Common.php(1134): CodeIgniter\View\View->render('admin/user-list', [], true)
 5 APPPATH/Controllers/adminController.php(118): view('admin/user-list', [...])
 6 SYSTEMPATH/CodeIgniter.php(927): App\Controllers\adminController->userList()
 7 SYSTEMPATH/CodeIgniter.php(482): CodeIgniter\CodeIgniter->runController(Object(App\Controllers\adminController))
 8 SYSTEMPATH/CodeIgniter.php(351): CodeIgniter\CodeIgniter->handleRequest(null, Object(Config\Cache), false)
 9 FCPATH/index.php(67): CodeIgniter\CodeIgniter->run()
CRITICAL - 2022-12-16 23:43:15 --> Undefined variable $crimanalListData
in APPPATH/Views/admin/user-list.php on line 79.
 1 APPPATH/Views/admin/user-list.php(79): CodeIgniter\Debug\Exceptions->errorHandler(2, 'Undefined variable $crimanalListData', 'APPPATH/Views/admin/user-list.php', 79)
 2 SYSTEMPATH/View/View.php(213): include('APPPATH/Views/admin/user-list.php')
 3 SYSTEMPATH/View/View.php(216): CodeIgniter\View\View->CodeIgniter\View\{closure}()
 4 SYSTEMPATH/Common.php(1134): CodeIgniter\View\View->render('admin/user-list', [], true)
 5 APPPATH/Controllers/adminController.php(118): view('admin/user-list', [...])
 6 SYSTEMPATH/CodeIgniter.php(927): App\Controllers\adminController->userList()
 7 SYSTEMPATH/CodeIgniter.php(482): CodeIgniter\CodeIgniter->runController(Object(App\Controllers\adminController))
 8 SYSTEMPATH/CodeIgniter.php(351): CodeIgniter\CodeIgniter->handleRequest(null, Object(Config\Cache), false)
 9 FCPATH/index.php(67): CodeIgniter\CodeIgniter->run()
CRITICAL - 2022-12-16 23:46:18 --> Undefined property: stdClass::$createAt
in APPPATH/Views/admin/user-list.php on line 44.
 1 APPPATH/Views/admin/user-list.php(44): CodeIgniter\Debug\Exceptions->errorHandler(2, 'Undefined property: stdClass::$createAt', 'APPPATH/Views/admin/user-list.php', 44)
 2 SYSTEMPATH/View/View.php(213): include('APPPATH/Views/admin/user-list.php')
 3 SYSTEMPATH/View/View.php(216): CodeIgniter\View\View->CodeIgniter\View\{closure}()
 4 SYSTEMPATH/Common.php(1134): CodeIgniter\View\View->render('admin/user-list', [], true)
 5 APPPATH/Controllers/adminController.php(118): view('admin/user-list', [...])
 6 SYSTEMPATH/CodeIgniter.php(927): App\Controllers\adminController->userList()
 7 SYSTEMPATH/CodeIgniter.php(482): CodeIgniter\CodeIgniter->runController(Object(App\Controllers\adminController))
 8 SYSTEMPATH/CodeIgniter.php(351): CodeIgniter\CodeIgniter->handleRequest(null, Object(Config\Cache), false)
 9 FCPATH/index.php(67): CodeIgniter\CodeIgniter->run()
