CRITICAL - 2023-01-18 14:50:29 --> Undefined variable $date1
in APPPATH\Controllers\apiController.php on line 221.
 1 APPPATH\Controllers\apiController.php(221): CodeIgniter\Debug\Exceptions->errorHandler(2, 'Undefined variable $date1', 'APPPATH\\Controllers\\apiController.php', 221)
 2 SYSTEMPATH\CodeIgniter.php(927): App\Controllers\apiController->userPlan()
 3 SYSTEMPATH\CodeIgniter.php(482): CodeIgniter\CodeIgniter->runController(Object(App\Controllers\apiController))
 4 SYSTEMPATH\CodeIgniter.php(351): CodeIgniter\CodeIgniter->handleRequest(null, Object(Config\Cache), false)
 5 FCPATH\index.php(67): CodeIgniter\CodeIgniter->run()
CRITICAL - 2023-01-18 14:50:54 --> syntax error, unexpected variable "$date3"
in APPPATH\Controllers\apiController.php on line 218.
 1 SYSTEMPATH\Autoloader\Autoloader.php(259): CodeIgniter\Autoloader\Autoloader->includeFile('APPPATH\\Controllers\\apiController.php')
 2 SYSTEMPATH\Autoloader\Autoloader.php(237): CodeIgniter\Autoloader\Autoloader->loadInNamespace('App\\Controllers\\apiController')
 3 [internal function]: CodeIgniter\Autoloader\Autoloader->loadClass('App\\Controllers\\apiController')
 4 SYSTEMPATH\CodeIgniter.php(877): class_exists('\\App\\Controllers\\apiController', true)
 5 SYSTEMPATH\CodeIgniter.php(469): CodeIgniter\CodeIgniter->startController()
 6 SYSTEMPATH\CodeIgniter.php(351): CodeIgniter\CodeIgniter->handleRequest(null, Object(Config\Cache), false)
 7 FCPATH\index.php(67): CodeIgniter\CodeIgniter->run()
CRITICAL - 2023-01-18 14:51:07 --> date() expects at least 1 argument, 0 given
in APPPATH\Controllers\apiController.php on line 216.
 1 APPPATH\Controllers\apiController.php(216): date()
 2 SYSTEMPATH\CodeIgniter.php(927): App\Controllers\apiController->userPlan()
 3 SYSTEMPATH\CodeIgniter.php(482): CodeIgniter\CodeIgniter->runController(Object(App\Controllers\apiController))
 4 SYSTEMPATH\CodeIgniter.php(351): CodeIgniter\CodeIgniter->handleRequest(null, Object(Config\Cache), false)
 5 FCPATH\index.php(67): CodeIgniter\CodeIgniter->run()
CRITICAL - 2023-01-18 14:51:21 --> date() expects at least 1 argument, 0 given
in APPPATH\Controllers\apiController.php on line 216.
 1 APPPATH\Controllers\apiController.php(216): date()
 2 SYSTEMPATH\CodeIgniter.php(927): App\Controllers\apiController->userPlan()
 3 SYSTEMPATH\CodeIgniter.php(482): CodeIgniter\CodeIgniter->runController(Object(App\Controllers\apiController))
 4 SYSTEMPATH\CodeIgniter.php(351): CodeIgniter\CodeIgniter->handleRequest(null, Object(Config\Cache), false)
 5 FCPATH\index.php(67): CodeIgniter\CodeIgniter->run()
CRITICAL - 2023-01-18 14:51:40 --> date() expects at least 1 argument, 0 given
in APPPATH\Controllers\apiController.php on line 216.
 1 APPPATH\Controllers\apiController.php(216): date()
 2 SYSTEMPATH\CodeIgniter.php(927): App\Controllers\apiController->userPlan()
 3 SYSTEMPATH\CodeIgniter.php(482): CodeIgniter\CodeIgniter->runController(Object(App\Controllers\apiController))
 4 SYSTEMPATH\CodeIgniter.php(351): CodeIgniter\CodeIgniter->handleRequest(null, Object(Config\Cache), false)
 5 FCPATH\index.php(67): CodeIgniter\CodeIgniter->run()
CRITICAL - 2023-01-18 15:02:12 --> Unsupported operand types: string + string
in APPPATH\Controllers\apiController.php on line 218.
 1 SYSTEMPATH\CodeIgniter.php(927): App\Controllers\apiController->userPlan()
 2 SYSTEMPATH\CodeIgniter.php(482): CodeIgniter\CodeIgniter->runController(Object(App\Controllers\apiController))
 3 SYSTEMPATH\CodeIgniter.php(351): CodeIgniter\CodeIgniter->handleRequest(null, Object(Config\Cache), false)
 4 FCPATH\index.php(67): CodeIgniter\CodeIgniter->run()
CRITICAL - 2023-01-18 15:04:01 --> Unsupported operand types: int + string
in APPPATH\Controllers\apiController.php on line 218.
 1 SYSTEMPATH\CodeIgniter.php(927): App\Controllers\apiController->userPlan()
 2 SYSTEMPATH\CodeIgniter.php(482): CodeIgniter\CodeIgniter->runController(Object(App\Controllers\apiController))
 3 SYSTEMPATH\CodeIgniter.php(351): CodeIgniter\CodeIgniter->handleRequest(null, Object(Config\Cache), false)
 4 FCPATH\index.php(67): CodeIgniter\CodeIgniter->run()
CRITICAL - 2023-01-18 15:06:53 --> Unsupported operand types: int + string
in APPPATH\Controllers\apiController.php on line 218.
 1 SYSTEMPATH\CodeIgniter.php(927): App\Controllers\apiController->userPlan()
 2 SYSTEMPATH\CodeIgniter.php(482): CodeIgniter\CodeIgniter->runController(Object(App\Controllers\apiController))
 3 SYSTEMPATH\CodeIgniter.php(351): CodeIgniter\CodeIgniter->handleRequest(null, Object(Config\Cache), false)
 4 FCPATH\index.php(67): CodeIgniter\CodeIgniter->run()
CRITICAL - 2023-01-18 15:11:11 --> Unsupported operand types: string + string
in APPPATH\Controllers\apiController.php on line 203.
 1 SYSTEMPATH\CodeIgniter.php(927): App\Controllers\apiController->userPlan()
 2 SYSTEMPATH\CodeIgniter.php(482): CodeIgniter\CodeIgniter->runController(Object(App\Controllers\apiController))
 3 SYSTEMPATH\CodeIgniter.php(351): CodeIgniter\CodeIgniter->handleRequest(null, Object(Config\Cache), false)
 4 FCPATH\index.php(67): CodeIgniter\CodeIgniter->run()
CRITICAL - 2023-01-18 15:11:40 --> Unsupported operand types: string + string
in APPPATH\Controllers\apiController.php on line 203.
 1 SYSTEMPATH\CodeIgniter.php(927): App\Controllers\apiController->userPlan()
 2 SYSTEMPATH\CodeIgniter.php(482): CodeIgniter\CodeIgniter->runController(Object(App\Controllers\apiController))
 3 SYSTEMPATH\CodeIgniter.php(351): CodeIgniter\CodeIgniter->handleRequest(null, Object(Config\Cache), false)
 4 FCPATH\index.php(67): CodeIgniter\CodeIgniter->run()
ERROR - 2023-01-18 15:18:26 --> mysqli_sql_exception: Unknown column 'pakageEnd' in 'field list' in C:\xampp\htdocs\data-search\system\Database\MySQLi\Connection.php:292
Stack trace:
#0 C:\xampp\htdocs\data-search\system\Database\MySQLi\Connection.php(292): mysqli->query('UPDATE `plantbl...', 0)
#1 C:\xampp\htdocs\data-search\system\Database\BaseConnection.php(666): CodeIgniter\Database\MySQLi\Connection->execute('UPDATE `plantbl...')
#2 C:\xampp\htdocs\data-search\system\Database\BaseConnection.php(593): CodeIgniter\Database\BaseConnection->simpleQuery('UPDATE `plantbl...')
#3 C:\xampp\htdocs\data-search\system\Database\BaseBuilder.php(2079): CodeIgniter\Database\BaseConnection->query('UPDATE `plantbl...', Array, false)
#4 C:\xampp\htdocs\data-search\app\Controllers\apiController.php(264): CodeIgniter\Database\BaseBuilder->update(Array)
#5 C:\xampp\htdocs\data-search\system\CodeIgniter.php(927): App\Controllers\apiController->userPlan()
#6 C:\xampp\htdocs\data-search\system\CodeIgniter.php(482): CodeIgniter\CodeIgniter->runController(Object(App\Controllers\apiController))
#7 C:\xampp\htdocs\data-search\system\CodeIgniter.php(351): CodeIgniter\CodeIgniter->handleRequest(NULL, Object(Config\Cache), false)
#8 C:\xampp\htdocs\data-search\index.php(67): CodeIgniter\CodeIgniter->run()
#9 {main}
CRITICAL - 2023-01-18 15:18:26 --> Unknown column 'pakageEnd' in 'field list'
in SYSTEMPATH\Database\MySQLi\Connection.php on line 292.
 1 SYSTEMPATH\Database\MySQLi\Connection.php(292): mysqli->query('UPDATE `plantbl` SET `plan` = \'456\', `validity_days` = \' + 456 day\', `price` = \'123\', `status` = 1, `pakageEnd` = \'2024-04-18\'
WHERE `userid` = \'69\'', 0)
 2 SYSTEMPATH\Database\BaseConnection.php(666): CodeIgniter\Database\MySQLi\Connection->execute('UPDATE `plantbl` SET `plan` = \'456\', `validity_days` = \' + 456 day\', `price` = \'123\', `status` = 1, `pakageEnd` = \'2024-04-18\'
WHERE `userid` = \'69\'')
 3 SYSTEMPATH\Database\BaseConnection.php(593): CodeIgniter\Database\BaseConnection->simpleQuery('UPDATE `plantbl` SET `plan` = \'456\', `validity_days` = \' + 456 day\', `price` = \'123\', `status` = 1, `pakageEnd` = \'2024-04-18\'
WHERE `userid` = \'69\'')
 4 SYSTEMPATH\Database\BaseBuilder.php(2079): CodeIgniter\Database\BaseConnection->query('UPDATE `plantbl` SET `plan` = :plan:, `validity_days` = :validity_days:, `price` = :price:, `status` = :status:, `pakageEnd` = :pakageEnd:
WHERE `userid` = :userid:', [...], false)
 5 APPPATH\Controllers\apiController.php(264): CodeIgniter\Database\BaseBuilder->update([...])
 6 SYSTEMPATH\CodeIgniter.php(927): App\Controllers\apiController->userPlan()
 7 SYSTEMPATH\CodeIgniter.php(482): CodeIgniter\CodeIgniter->runController(Object(App\Controllers\apiController))
 8 SYSTEMPATH\CodeIgniter.php(351): CodeIgniter\CodeIgniter->handleRequest(null, Object(Config\Cache), false)
 9 FCPATH\index.php(67): CodeIgniter\CodeIgniter->run()
ERROR - 2023-01-18 15:19:37 --> mysqli_sql_exception: Unknown column 'plan_validity' in 'field list' in C:\xampp\htdocs\data-search\system\Database\MySQLi\Connection.php:292
Stack trace:
#0 C:\xampp\htdocs\data-search\system\Database\MySQLi\Connection.php(292): mysqli->query('UPDATE `plantbl...', 0)
#1 C:\xampp\htdocs\data-search\system\Database\BaseConnection.php(666): CodeIgniter\Database\MySQLi\Connection->execute('UPDATE `plantbl...')
#2 C:\xampp\htdocs\data-search\system\Database\BaseConnection.php(593): CodeIgniter\Database\BaseConnection->simpleQuery('UPDATE `plantbl...')
#3 C:\xampp\htdocs\data-search\system\Database\BaseBuilder.php(2079): CodeIgniter\Database\BaseConnection->query('UPDATE `plantbl...', Array, false)
#4 C:\xampp\htdocs\data-search\app\Controllers\apiController.php(264): CodeIgniter\Database\BaseBuilder->update(Array)
#5 C:\xampp\htdocs\data-search\system\CodeIgniter.php(927): App\Controllers\apiController->userPlan()
#6 C:\xampp\htdocs\data-search\system\CodeIgniter.php(482): CodeIgniter\CodeIgniter->runController(Object(App\Controllers\apiController))
#7 C:\xampp\htdocs\data-search\system\CodeIgniter.php(351): CodeIgniter\CodeIgniter->handleRequest(NULL, Object(Config\Cache), false)
#8 C:\xampp\htdocs\data-search\index.php(67): CodeIgniter\CodeIgniter->run()
#9 {main}
CRITICAL - 2023-01-18 15:19:37 --> Unknown column 'plan_validity' in 'field list'
in SYSTEMPATH\Database\MySQLi\Connection.php on line 292.
 1 SYSTEMPATH\Database\MySQLi\Connection.php(292): mysqli->query('UPDATE `plantbl` SET `plan` = \'456\', `validity_days` = \' + 456 day\', `price` = \'123\', `status` = 1, `plan_validity` = \'2024-04-18\'
WHERE `userid` = \'69\'', 0)
 2 SYSTEMPATH\Database\BaseConnection.php(666): CodeIgniter\Database\MySQLi\Connection->execute('UPDATE `plantbl` SET `plan` = \'456\', `validity_days` = \' + 456 day\', `price` = \'123\', `status` = 1, `plan_validity` = \'2024-04-18\'
WHERE `userid` = \'69\'')
 3 SYSTEMPATH\Database\BaseConnection.php(593): CodeIgniter\Database\BaseConnection->simpleQuery('UPDATE `plantbl` SET `plan` = \'456\', `validity_days` = \' + 456 day\', `price` = \'123\', `status` = 1, `plan_validity` = \'2024-04-18\'
WHERE `userid` = \'69\'')
 4 SYSTEMPATH\Database\BaseBuilder.php(2079): CodeIgniter\Database\BaseConnection->query('UPDATE `plantbl` SET `plan` = :plan:, `validity_days` = :validity_days:, `price` = :price:, `status` = :status:, `plan_validity` = :plan_validity:
WHERE `userid` = :userid:', [...], false)
 5 APPPATH\Controllers\apiController.php(264): CodeIgniter\Database\BaseBuilder->update([...])
 6 SYSTEMPATH\CodeIgniter.php(927): App\Controllers\apiController->userPlan()
 7 SYSTEMPATH\CodeIgniter.php(482): CodeIgniter\CodeIgniter->runController(Object(App\Controllers\apiController))
 8 SYSTEMPATH\CodeIgniter.php(351): CodeIgniter\CodeIgniter->handleRequest(null, Object(Config\Cache), false)
 9 FCPATH\index.php(67): CodeIgniter\CodeIgniter->run()
ERROR - 2023-01-18 15:22:54 --> mysqli_sql_exception: Unknown column 'plan_validity' in 'field list' in C:\xampp\htdocs\data-search\system\Database\MySQLi\Connection.php:292
Stack trace:
#0 C:\xampp\htdocs\data-search\system\Database\MySQLi\Connection.php(292): mysqli->query('INSERT INTO `pl...', 0)
#1 C:\xampp\htdocs\data-search\system\Database\BaseConnection.php(666): CodeIgniter\Database\MySQLi\Connection->execute('INSERT INTO `pl...')
#2 C:\xampp\htdocs\data-search\system\Database\BaseConnection.php(593): CodeIgniter\Database\BaseConnection->simpleQuery('INSERT INTO `pl...')
#3 C:\xampp\htdocs\data-search\system\Database\BaseBuilder.php(1916): CodeIgniter\Database\BaseConnection->query('INSERT INTO `pl...', Array, false)
#4 C:\xampp\htdocs\data-search\app\Controllers\apiController.php(288): CodeIgniter\Database\BaseBuilder->insert(Array)
#5 C:\xampp\htdocs\data-search\system\CodeIgniter.php(927): App\Controllers\apiController->userPlan()
#6 C:\xampp\htdocs\data-search\system\CodeIgniter.php(482): CodeIgniter\CodeIgniter->runController(Object(App\Controllers\apiController))
#7 C:\xampp\htdocs\data-search\system\CodeIgniter.php(351): CodeIgniter\CodeIgniter->handleRequest(NULL, Object(Config\Cache), false)
#8 C:\xampp\htdocs\data-search\index.php(67): CodeIgniter\CodeIgniter->run()
#9 {main}
CRITICAL - 2023-01-18 15:22:54 --> Unknown column 'plan_validity' in 'field list'
in SYSTEMPATH\Database\MySQLi\Connection.php on line 292.
 1 SYSTEMPATH\Database\MySQLi\Connection.php(292): mysqli->query('INSERT INTO `plantbl` (`userid`, `plan`, `validity_days`, `price`, `plan_validity`, `status`) VALUES (\'70\', \'456\', \' + 456 day\', \'123\', \'2024-04-18\', 1)', 0)
 2 SYSTEMPATH\Database\BaseConnection.php(666): CodeIgniter\Database\MySQLi\Connection->execute('INSERT INTO `plantbl` (`userid`, `plan`, `validity_days`, `price`, `plan_validity`, `status`) VALUES (\'70\', \'456\', \' + 456 day\', \'123\', \'2024-04-18\', 1)')
 3 SYSTEMPATH\Database\BaseConnection.php(593): CodeIgniter\Database\BaseConnection->simpleQuery('INSERT INTO `plantbl` (`userid`, `plan`, `validity_days`, `price`, `plan_validity`, `status`) VALUES (\'70\', \'456\', \' + 456 day\', \'123\', \'2024-04-18\', 1)')
 4 SYSTEMPATH\Database\BaseBuilder.php(1916): CodeIgniter\Database\BaseConnection->query('INSERT INTO `plantbl` (`userid`, `plan`, `validity_days`, `price`, `plan_validity`, `status`) VALUES (:userid:, :plan:, :validity_days:, :price:, :plan_validity:, :status:)', [...], false)
 5 APPPATH\Controllers\apiController.php(288): CodeIgniter\Database\BaseBuilder->insert([...])
 6 SYSTEMPATH\CodeIgniter.php(927): App\Controllers\apiController->userPlan()
 7 SYSTEMPATH\CodeIgniter.php(482): CodeIgniter\CodeIgniter->runController(Object(App\Controllers\apiController))
 8 SYSTEMPATH\CodeIgniter.php(351): CodeIgniter\CodeIgniter->handleRequest(null, Object(Config\Cache), false)
 9 FCPATH\index.php(67): CodeIgniter\CodeIgniter->run()
ERROR - 2023-01-18 15:24:08 --> mysqli_sql_exception: Unknown column 'plan_validity' in 'field list' in C:\xampp\htdocs\data-search\system\Database\MySQLi\Connection.php:292
Stack trace:
#0 C:\xampp\htdocs\data-search\system\Database\MySQLi\Connection.php(292): mysqli->query('INSERT INTO `pl...', 0)
#1 C:\xampp\htdocs\data-search\system\Database\BaseConnection.php(666): CodeIgniter\Database\MySQLi\Connection->execute('INSERT INTO `pl...')
#2 C:\xampp\htdocs\data-search\system\Database\BaseConnection.php(593): CodeIgniter\Database\BaseConnection->simpleQuery('INSERT INTO `pl...')
#3 C:\xampp\htdocs\data-search\system\Database\BaseBuilder.php(1916): CodeIgniter\Database\BaseConnection->query('INSERT INTO `pl...', Array, false)
#4 C:\xampp\htdocs\data-search\app\Controllers\apiController.php(288): CodeIgniter\Database\BaseBuilder->insert(Array)
#5 C:\xampp\htdocs\data-search\system\CodeIgniter.php(927): App\Controllers\apiController->userPlan()
#6 C:\xampp\htdocs\data-search\system\CodeIgniter.php(482): CodeIgniter\CodeIgniter->runController(Object(App\Controllers\apiController))
#7 C:\xampp\htdocs\data-search\system\CodeIgniter.php(351): CodeIgniter\CodeIgniter->handleRequest(NULL, Object(Config\Cache), false)
#8 C:\xampp\htdocs\data-search\index.php(67): CodeIgniter\CodeIgniter->run()
#9 {main}
CRITICAL - 2023-01-18 15:24:08 --> Unknown column 'plan_validity' in 'field list'
in SYSTEMPATH\Database\MySQLi\Connection.php on line 292.
 1 SYSTEMPATH\Database\MySQLi\Connection.php(292): mysqli->query('INSERT INTO `plantbl` (`userid`, `plan`, `validity_days`, `price`, `plan_validity`, `status`) VALUES (\'70\', \'456\', \' + 456 day\', \'123\', \'2024-04-18\', 1)', 0)
 2 SYSTEMPATH\Database\BaseConnection.php(666): CodeIgniter\Database\MySQLi\Connection->execute('INSERT INTO `plantbl` (`userid`, `plan`, `validity_days`, `price`, `plan_validity`, `status`) VALUES (\'70\', \'456\', \' + 456 day\', \'123\', \'2024-04-18\', 1)')
 3 SYSTEMPATH\Database\BaseConnection.php(593): CodeIgniter\Database\BaseConnection->simpleQuery('INSERT INTO `plantbl` (`userid`, `plan`, `validity_days`, `price`, `plan_validity`, `status`) VALUES (\'70\', \'456\', \' + 456 day\', \'123\', \'2024-04-18\', 1)')
 4 SYSTEMPATH\Database\BaseBuilder.php(1916): CodeIgniter\Database\BaseConnection->query('INSERT INTO `plantbl` (`userid`, `plan`, `validity_days`, `price`, `plan_validity`, `status`) VALUES (:userid:, :plan:, :validity_days:, :price:, :plan_validity:, :status:)', [...], false)
 5 APPPATH\Controllers\apiController.php(288): CodeIgniter\Database\BaseBuilder->insert([...])
 6 SYSTEMPATH\CodeIgniter.php(927): App\Controllers\apiController->userPlan()
 7 SYSTEMPATH\CodeIgniter.php(482): CodeIgniter\CodeIgniter->runController(Object(App\Controllers\apiController))
 8 SYSTEMPATH\CodeIgniter.php(351): CodeIgniter\CodeIgniter->handleRequest(null, Object(Config\Cache), false)
 9 FCPATH\index.php(67): CodeIgniter\CodeIgniter->run()
CRITICAL - 2023-01-18 15:35:24 --> Undefined variable $result
in APPPATH\Controllers\apiController.php on line 259.
 1 APPPATH\Controllers\apiController.php(259): CodeIgniter\Debug\Exceptions->errorHandler(2, 'Undefined variable $result', 'APPPATH\\Controllers\\apiController.php', 259)
 2 SYSTEMPATH\CodeIgniter.php(927): App\Controllers\apiController->userPlan()
 3 SYSTEMPATH\CodeIgniter.php(482): CodeIgniter\CodeIgniter->runController(Object(App\Controllers\apiController))
 4 SYSTEMPATH\CodeIgniter.php(351): CodeIgniter\CodeIgniter->handleRequest(null, Object(Config\Cache), false)
 5 FCPATH\index.php(67): CodeIgniter\CodeIgniter->run()
CRITICAL - 2023-01-18 15:35:54 --> Object of class stdClass could not be converted to string
in SYSTEMPATH\Database\Query.php on line 335.
 1 SYSTEMPATH\Database\Query.php(335): strtr('UPDATE `plantbl` SET 0 = :0:
WHERE `userid` = :userid:', [...])
 2 SYSTEMPATH\Database\Query.php(310): CodeIgniter\Database\Query->matchNamedBinds('UPDATE `plantbl` SET 0 = :0:
WHERE `userid` = :userid:', [...])
 3 SYSTEMPATH\Database\Query.php(159): CodeIgniter\Database\Query->compileBinds()
 4 SYSTEMPATH\Database\BaseConnection.php(593): CodeIgniter\Database\Query->getQuery()
 5 SYSTEMPATH\Database\BaseBuilder.php(2079): CodeIgniter\Database\BaseConnection->query('UPDATE `plantbl` SET 0 = :0:
WHERE `userid` = :userid:', [...], false)
 6 APPPATH\Controllers\apiController.php(267): CodeIgniter\Database\BaseBuilder->update([...])
 7 SYSTEMPATH\CodeIgniter.php(927): App\Controllers\apiController->userPlan()
 8 SYSTEMPATH\CodeIgniter.php(482): CodeIgniter\CodeIgniter->runController(Object(App\Controllers\apiController))
 9 SYSTEMPATH\CodeIgniter.php(351): CodeIgniter\CodeIgniter->handleRequest(null, Object(Config\Cache), false)
10 FCPATH\index.php(67): CodeIgniter\CodeIgniter->run()
CRITICAL - 2023-01-18 15:41:15 --> syntax error, unexpected single-quoted string "Result", expecting ")"
in APPPATH\Controllers\apiController.php on line 278.
 1 SYSTEMPATH\Autoloader\Autoloader.php(259): CodeIgniter\Autoloader\Autoloader->includeFile('APPPATH\\Controllers\\apiController.php')
 2 SYSTEMPATH\Autoloader\Autoloader.php(237): CodeIgniter\Autoloader\Autoloader->loadInNamespace('App\\Controllers\\apiController')
 3 [internal function]: CodeIgniter\Autoloader\Autoloader->loadClass('App\\Controllers\\apiController')
 4 SYSTEMPATH\CodeIgniter.php(877): class_exists('\\App\\Controllers\\apiController', true)
 5 SYSTEMPATH\CodeIgniter.php(469): CodeIgniter\CodeIgniter->startController()
 6 SYSTEMPATH\CodeIgniter.php(351): CodeIgniter\CodeIgniter->handleRequest(null, Object(Config\Cache), false)
 7 FCPATH\index.php(67): CodeIgniter\CodeIgniter->run()
CRITICAL - 2023-01-18 15:59:07 --> Array to string conversion
in APPPATH\Controllers\apiController.php on line 216.
 1 APPPATH\Controllers\apiController.php(216): CodeIgniter\Debug\Exceptions->errorHandler(2, 'Array to string conversion', 'APPPATH\\Controllers\\apiController.php', 216)
 2 SYSTEMPATH\CodeIgniter.php(927): App\Controllers\apiController->userPlan()
 3 SYSTEMPATH\CodeIgniter.php(482): CodeIgniter\CodeIgniter->runController(Object(App\Controllers\apiController))
 4 SYSTEMPATH\CodeIgniter.php(351): CodeIgniter\CodeIgniter->handleRequest(null, Object(Config\Cache), false)
 5 FCPATH\index.php(67): CodeIgniter\CodeIgniter->run()
CRITICAL - 2023-01-18 15:59:17 --> Undefined variable $2023-01-18
in APPPATH\Controllers\apiController.php on line 221.
 1 APPPATH\Controllers\apiController.php(221): CodeIgniter\Debug\Exceptions->errorHandler(2, 'Undefined variable $2023-01-18', 'APPPATH\\Controllers\\apiController.php', 221)
 2 SYSTEMPATH\CodeIgniter.php(927): App\Controllers\apiController->userPlan()
 3 SYSTEMPATH\CodeIgniter.php(482): CodeIgniter\CodeIgniter->runController(Object(App\Controllers\apiController))
 4 SYSTEMPATH\CodeIgniter.php(351): CodeIgniter\CodeIgniter->handleRequest(null, Object(Config\Cache), false)
 5 FCPATH\index.php(67): CodeIgniter\CodeIgniter->run()
CRITICAL - 2023-01-18 15:59:29 --> date_diff(): Argument #1 ($baseObject) must be of type DateTimeInterface, string given
in APPPATH\Controllers\apiController.php on line 221.
 1 APPPATH\Controllers\apiController.php(221): date_diff('2023-01-18', '2024-04-18')
 2 SYSTEMPATH\CodeIgniter.php(927): App\Controllers\apiController->userPlan()
 3 SYSTEMPATH\CodeIgniter.php(482): CodeIgniter\CodeIgniter->runController(Object(App\Controllers\apiController))
 4 SYSTEMPATH\CodeIgniter.php(351): CodeIgniter\CodeIgniter->handleRequest(null, Object(Config\Cache), false)
 5 FCPATH\index.php(67): CodeIgniter\CodeIgniter->run()
CRITICAL - 2023-01-18 15:59:47 --> Undefined variable $diff
in APPPATH\Controllers\apiController.php on line 224.
 1 APPPATH\Controllers\apiController.php(224): CodeIgniter\Debug\Exceptions->errorHandler(2, 'Undefined variable $diff', 'APPPATH\\Controllers\\apiController.php', 224)
 2 SYSTEMPATH\CodeIgniter.php(927): App\Controllers\apiController->userPlan()
 3 SYSTEMPATH\CodeIgniter.php(482): CodeIgniter\CodeIgniter->runController(Object(App\Controllers\apiController))
 4 SYSTEMPATH\CodeIgniter.php(351): CodeIgniter\CodeIgniter->handleRequest(null, Object(Config\Cache), false)
 5 FCPATH\index.php(67): CodeIgniter\CodeIgniter->run()
