CRITICAL - 2022-12-23 00:00:33 --> Undefined array key "mobile"
in APPPATH\Controllers\apiController.php on line 134.
 1 APPPATH\Controllers\apiController.php(134): CodeIgniter\Debug\Exceptions->errorHandler(2, 'Undefined array key "mobile"', 'APPPATH\\Controllers\\apiController.php', 134)
 2 SYSTEMPATH\CodeIgniter.php(927): App\Controllers\apiController->userVerify()
 3 SYSTEMPATH\CodeIgniter.php(482): CodeIgniter\CodeIgniter->runController(Object(App\Controllers\apiController))
 4 SYSTEMPATH\CodeIgniter.php(351): CodeIgniter\CodeIgniter->handleRequest(null, Object(Config\Cache), false)
 5 FCPATH\index.php(67): CodeIgniter\CodeIgniter->run()
CRITICAL - 2022-12-23 00:02:18 --> Undefined array key "mobile"
in APPPATH\Controllers\apiController.php on line 134.
 1 APPPATH\Controllers\apiController.php(134): CodeIgniter\Debug\Exceptions->errorHandler(2, 'Undefined array key "mobile"', 'APPPATH\\Controllers\\apiController.php', 134)
 2 SYSTEMPATH\CodeIgniter.php(927): App\Controllers\apiController->userVerify()
 3 SYSTEMPATH\CodeIgniter.php(482): CodeIgniter\CodeIgniter->runController(Object(App\Controllers\apiController))
 4 SYSTEMPATH\CodeIgniter.php(351): CodeIgniter\CodeIgniter->handleRequest(null, Object(Config\Cache), false)
 5 FCPATH\index.php(67): CodeIgniter\CodeIgniter->run()
CRITICAL - 2022-12-23 00:02:53 --> Undefined array key "mobile"
in APPPATH\Controllers\apiController.php on line 134.
 1 APPPATH\Controllers\apiController.php(134): CodeIgniter\Debug\Exceptions->errorHandler(2, 'Undefined array key "mobile"', 'APPPATH\\Controllers\\apiController.php', 134)
 2 SYSTEMPATH\CodeIgniter.php(927): App\Controllers\apiController->userVerify()
 3 SYSTEMPATH\CodeIgniter.php(482): CodeIgniter\CodeIgniter->runController(Object(App\Controllers\apiController))
 4 SYSTEMPATH\CodeIgniter.php(351): CodeIgniter\CodeIgniter->handleRequest(null, Object(Config\Cache), false)
 5 FCPATH\index.php(67): CodeIgniter\CodeIgniter->run()
CRITICAL - 2022-12-23 00:03:34 --> Undefined array key "mobile"
in APPPATH\Controllers\apiController.php on line 134.
 1 APPPATH\Controllers\apiController.php(134): CodeIgniter\Debug\Exceptions->errorHandler(2, 'Undefined array key "mobile"', 'APPPATH\\Controllers\\apiController.php', 134)
 2 SYSTEMPATH\CodeIgniter.php(927): App\Controllers\apiController->userVerify()
 3 SYSTEMPATH\CodeIgniter.php(482): CodeIgniter\CodeIgniter->runController(Object(App\Controllers\apiController))
 4 SYSTEMPATH\CodeIgniter.php(351): CodeIgniter\CodeIgniter->handleRequest(null, Object(Config\Cache), false)
 5 FCPATH\index.php(67): CodeIgniter\CodeIgniter->run()
CRITICAL - 2022-12-23 00:04:43 --> Undefined array key "mobile"
in APPPATH\Controllers\apiController.php on line 134.
 1 APPPATH\Controllers\apiController.php(134): CodeIgniter\Debug\Exceptions->errorHandler(2, 'Undefined array key "mobile"', 'APPPATH\\Controllers\\apiController.php', 134)
 2 SYSTEMPATH\CodeIgniter.php(927): App\Controllers\apiController->userVerify()
 3 SYSTEMPATH\CodeIgniter.php(482): CodeIgniter\CodeIgniter->runController(Object(App\Controllers\apiController))
 4 SYSTEMPATH\CodeIgniter.php(351): CodeIgniter\CodeIgniter->handleRequest(null, Object(Config\Cache), false)
 5 FCPATH\index.php(67): CodeIgniter\CodeIgniter->run()
CRITICAL - 2022-12-23 00:05:39 --> Undefined array key "mobile"
in APPPATH\Controllers\apiController.php on line 134.
 1 APPPATH\Controllers\apiController.php(134): CodeIgniter\Debug\Exceptions->errorHandler(2, 'Undefined array key "mobile"', 'APPPATH\\Controllers\\apiController.php', 134)
 2 SYSTEMPATH\CodeIgniter.php(927): App\Controllers\apiController->userVerify()
 3 SYSTEMPATH\CodeIgniter.php(482): CodeIgniter\CodeIgniter->runController(Object(App\Controllers\apiController))
 4 SYSTEMPATH\CodeIgniter.php(351): CodeIgniter\CodeIgniter->handleRequest(null, Object(Config\Cache), false)
 5 FCPATH\index.php(67): CodeIgniter\CodeIgniter->run()
CRITICAL - 2022-12-23 00:05:40 --> Undefined array key "mobile"
in APPPATH\Controllers\apiController.php on line 134.
 1 APPPATH\Controllers\apiController.php(134): CodeIgniter\Debug\Exceptions->errorHandler(2, 'Undefined array key "mobile"', 'APPPATH\\Controllers\\apiController.php', 134)
 2 SYSTEMPATH\CodeIgniter.php(927): App\Controllers\apiController->userVerify()
 3 SYSTEMPATH\CodeIgniter.php(482): CodeIgniter\CodeIgniter->runController(Object(App\Controllers\apiController))
 4 SYSTEMPATH\CodeIgniter.php(351): CodeIgniter\CodeIgniter->handleRequest(null, Object(Config\Cache), false)
 5 FCPATH\index.php(67): CodeIgniter\CodeIgniter->run()
CRITICAL - 2022-12-23 00:05:41 --> Undefined array key "mobile"
in APPPATH\Controllers\apiController.php on line 134.
 1 APPPATH\Controllers\apiController.php(134): CodeIgniter\Debug\Exceptions->errorHandler(2, 'Undefined array key "mobile"', 'APPPATH\\Controllers\\apiController.php', 134)
 2 SYSTEMPATH\CodeIgniter.php(927): App\Controllers\apiController->userVerify()
 3 SYSTEMPATH\CodeIgniter.php(482): CodeIgniter\CodeIgniter->runController(Object(App\Controllers\apiController))
 4 SYSTEMPATH\CodeIgniter.php(351): CodeIgniter\CodeIgniter->handleRequest(null, Object(Config\Cache), false)
 5 FCPATH\index.php(67): CodeIgniter\CodeIgniter->run()
CRITICAL - 2022-12-23 00:05:56 --> Undefined array key "mobile"
in APPPATH\Controllers\apiController.php on line 134.
 1 APPPATH\Controllers\apiController.php(134): CodeIgniter\Debug\Exceptions->errorHandler(2, 'Undefined array key "mobile"', 'APPPATH\\Controllers\\apiController.php', 134)
 2 SYSTEMPATH\CodeIgniter.php(927): App\Controllers\apiController->userVerify()
 3 SYSTEMPATH\CodeIgniter.php(482): CodeIgniter\CodeIgniter->runController(Object(App\Controllers\apiController))
 4 SYSTEMPATH\CodeIgniter.php(351): CodeIgniter\CodeIgniter->handleRequest(null, Object(Config\Cache), false)
 5 FCPATH\index.php(67): CodeIgniter\CodeIgniter->run()
CRITICAL - 2022-12-23 00:06:16 --> Undefined variable $mobile
in APPPATH\Controllers\apiController.php on line 142.
 1 APPPATH\Controllers\apiController.php(142): CodeIgniter\Debug\Exceptions->errorHandler(2, 'Undefined variable $mobile', 'APPPATH\\Controllers\\apiController.php', 142)
 2 SYSTEMPATH\CodeIgniter.php(927): App\Controllers\apiController->userVerify()
 3 SYSTEMPATH\CodeIgniter.php(482): CodeIgniter\CodeIgniter->runController(Object(App\Controllers\apiController))
 4 SYSTEMPATH\CodeIgniter.php(351): CodeIgniter\CodeIgniter->handleRequest(null, Object(Config\Cache), false)
 5 FCPATH\index.php(67): CodeIgniter\CodeIgniter->run()
CRITICAL - 2022-12-23 00:06:26 --> Undefined variable $mobile
in APPPATH\Controllers\apiController.php on line 142.
 1 APPPATH\Controllers\apiController.php(142): CodeIgniter\Debug\Exceptions->errorHandler(2, 'Undefined variable $mobile', 'APPPATH\\Controllers\\apiController.php', 142)
 2 SYSTEMPATH\CodeIgniter.php(927): App\Controllers\apiController->userVerify()
 3 SYSTEMPATH\CodeIgniter.php(482): CodeIgniter\CodeIgniter->runController(Object(App\Controllers\apiController))
 4 SYSTEMPATH\CodeIgniter.php(351): CodeIgniter\CodeIgniter->handleRequest(null, Object(Config\Cache), false)
 5 FCPATH\index.php(67): CodeIgniter\CodeIgniter->run()
CRITICAL - 2022-12-23 00:06:31 --> Undefined variable $mobile
in APPPATH\Controllers\apiController.php on line 142.
 1 APPPATH\Controllers\apiController.php(142): CodeIgniter\Debug\Exceptions->errorHandler(2, 'Undefined variable $mobile', 'APPPATH\\Controllers\\apiController.php', 142)
 2 SYSTEMPATH\CodeIgniter.php(927): App\Controllers\apiController->userVerify()
 3 SYSTEMPATH\CodeIgniter.php(482): CodeIgniter\CodeIgniter->runController(Object(App\Controllers\apiController))
 4 SYSTEMPATH\CodeIgniter.php(351): CodeIgniter\CodeIgniter->handleRequest(null, Object(Config\Cache), false)
 5 FCPATH\index.php(67): CodeIgniter\CodeIgniter->run()
CRITICAL - 2022-12-23 00:06:37 --> Undefined variable $mobile
in APPPATH\Controllers\apiController.php on line 142.
 1 APPPATH\Controllers\apiController.php(142): CodeIgniter\Debug\Exceptions->errorHandler(2, 'Undefined variable $mobile', 'APPPATH\\Controllers\\apiController.php', 142)
 2 SYSTEMPATH\CodeIgniter.php(927): App\Controllers\apiController->userVerify()
 3 SYSTEMPATH\CodeIgniter.php(482): CodeIgniter\CodeIgniter->runController(Object(App\Controllers\apiController))
 4 SYSTEMPATH\CodeIgniter.php(351): CodeIgniter\CodeIgniter->handleRequest(null, Object(Config\Cache), false)
 5 FCPATH\index.php(67): CodeIgniter\CodeIgniter->run()
CRITICAL - 2022-12-23 00:07:36 --> Undefined array key "mobile"
in APPPATH\Controllers\apiController.php on line 142.
 1 APPPATH\Controllers\apiController.php(142): CodeIgniter\Debug\Exceptions->errorHandler(2, 'Undefined array key "mobile"', 'APPPATH\\Controllers\\apiController.php', 142)
 2 SYSTEMPATH\CodeIgniter.php(927): App\Controllers\apiController->userVerify()
 3 SYSTEMPATH\CodeIgniter.php(482): CodeIgniter\CodeIgniter->runController(Object(App\Controllers\apiController))
 4 SYSTEMPATH\CodeIgniter.php(351): CodeIgniter\CodeIgniter->handleRequest(null, Object(Config\Cache), false)
 5 FCPATH\index.php(67): CodeIgniter\CodeIgniter->run()
CRITICAL - 2022-12-23 00:08:44 --> Undefined array key "device_id"
in APPPATH\Controllers\apiController.php on line 53.
 1 APPPATH\Controllers\apiController.php(53): CodeIgniter\Debug\Exceptions->errorHandler(2, 'Undefined array key "device_id"', 'APPPATH\\Controllers\\apiController.php', 53)
 2 SYSTEMPATH\CodeIgniter.php(927): App\Controllers\apiController->userRegister()
 3 SYSTEMPATH\CodeIgniter.php(482): CodeIgniter\CodeIgniter->runController(Object(App\Controllers\apiController))
 4 SYSTEMPATH\CodeIgniter.php(351): CodeIgniter\CodeIgniter->handleRequest(null, Object(Config\Cache), false)
 5 FCPATH\index.php(67): CodeIgniter\CodeIgniter->run()
CRITICAL - 2022-12-23 00:10:28 --> syntax error, unexpected variable "$this"
in APPPATH\Controllers\apiController.php on line 153.
 1 SYSTEMPATH\Autoloader\Autoloader.php(259): CodeIgniter\Autoloader\Autoloader->includeFile('APPPATH\\Controllers\\apiController.php')
 2 SYSTEMPATH\Autoloader\Autoloader.php(237): CodeIgniter\Autoloader\Autoloader->loadInNamespace('App\\Controllers\\apiController')
 3 [internal function]: CodeIgniter\Autoloader\Autoloader->loadClass('App\\Controllers\\apiController')
 4 SYSTEMPATH\CodeIgniter.php(877): class_exists('\\App\\Controllers\\apiController', true)
 5 SYSTEMPATH\CodeIgniter.php(469): CodeIgniter\CodeIgniter->startController()
 6 SYSTEMPATH\CodeIgniter.php(351): CodeIgniter\CodeIgniter->handleRequest(null, Object(Config\Cache), false)
 7 FCPATH\index.php(67): CodeIgniter\CodeIgniter->run()
CRITICAL - 2022-12-23 00:12:22 --> syntax error, unexpected token "}"
in APPPATH\Controllers\apiController.php on line 165.
 1 SYSTEMPATH\Autoloader\Autoloader.php(259): CodeIgniter\Autoloader\Autoloader->includeFile('APPPATH\\Controllers\\apiController.php')
 2 SYSTEMPATH\Autoloader\Autoloader.php(237): CodeIgniter\Autoloader\Autoloader->loadInNamespace('App\\Controllers\\apiController')
 3 [internal function]: CodeIgniter\Autoloader\Autoloader->loadClass('App\\Controllers\\apiController')
 4 SYSTEMPATH\CodeIgniter.php(877): class_exists('\\App\\Controllers\\apiController', true)
 5 SYSTEMPATH\CodeIgniter.php(469): CodeIgniter\CodeIgniter->startController()
 6 SYSTEMPATH\CodeIgniter.php(351): CodeIgniter\CodeIgniter->handleRequest(null, Object(Config\Cache), false)
 7 FCPATH\index.php(67): CodeIgniter\CodeIgniter->run()
CRITICAL - 2022-12-23 00:17:52 --> Undefined array key 0
in APPPATH\Controllers\apiController.php on line 84.
 1 APPPATH\Controllers\apiController.php(84): CodeIgniter\Debug\Exceptions->errorHandler(2, 'Undefined array key 0', 'APPPATH\\Controllers\\apiController.php', 84)
 2 SYSTEMPATH\CodeIgniter.php(927): App\Controllers\apiController->userRegister()
 3 SYSTEMPATH\CodeIgniter.php(482): CodeIgniter\CodeIgniter->runController(Object(App\Controllers\apiController))
 4 SYSTEMPATH\CodeIgniter.php(351): CodeIgniter\CodeIgniter->handleRequest(null, Object(Config\Cache), false)
 5 FCPATH\index.php(67): CodeIgniter\CodeIgniter->run()
CRITICAL - 2022-12-23 00:17:55 --> Undefined array key 0
in APPPATH\Controllers\apiController.php on line 84.
 1 APPPATH\Controllers\apiController.php(84): CodeIgniter\Debug\Exceptions->errorHandler(2, 'Undefined array key 0', 'APPPATH\\Controllers\\apiController.php', 84)
 2 SYSTEMPATH\CodeIgniter.php(927): App\Controllers\apiController->userRegister()
 3 SYSTEMPATH\CodeIgniter.php(482): CodeIgniter\CodeIgniter->runController(Object(App\Controllers\apiController))
 4 SYSTEMPATH\CodeIgniter.php(351): CodeIgniter\CodeIgniter->handleRequest(null, Object(Config\Cache), false)
 5 FCPATH\index.php(67): CodeIgniter\CodeIgniter->run()
CRITICAL - 2022-12-23 00:18:41 --> Undefined array key 0
in APPPATH\Controllers\apiController.php on line 84.
 1 APPPATH\Controllers\apiController.php(84): CodeIgniter\Debug\Exceptions->errorHandler(2, 'Undefined array key 0', 'APPPATH\\Controllers\\apiController.php', 84)
 2 SYSTEMPATH\CodeIgniter.php(927): App\Controllers\apiController->userRegister()
 3 SYSTEMPATH\CodeIgniter.php(482): CodeIgniter\CodeIgniter->runController(Object(App\Controllers\apiController))
 4 SYSTEMPATH\CodeIgniter.php(351): CodeIgniter\CodeIgniter->handleRequest(null, Object(Config\Cache), false)
 5 FCPATH\index.php(67): CodeIgniter\CodeIgniter->run()
CRITICAL - 2022-12-23 00:18:42 --> Undefined array key 0
in APPPATH\Controllers\apiController.php on line 84.
 1 APPPATH\Controllers\apiController.php(84): CodeIgniter\Debug\Exceptions->errorHandler(2, 'Undefined array key 0', 'APPPATH\\Controllers\\apiController.php', 84)
 2 SYSTEMPATH\CodeIgniter.php(927): App\Controllers\apiController->userRegister()
 3 SYSTEMPATH\CodeIgniter.php(482): CodeIgniter\CodeIgniter->runController(Object(App\Controllers\apiController))
 4 SYSTEMPATH\CodeIgniter.php(351): CodeIgniter\CodeIgniter->handleRequest(null, Object(Config\Cache), false)
 5 FCPATH\index.php(67): CodeIgniter\CodeIgniter->run()
CRITICAL - 2022-12-23 00:18:44 --> Undefined array key 0
in APPPATH\Controllers\apiController.php on line 84.
 1 APPPATH\Controllers\apiController.php(84): CodeIgniter\Debug\Exceptions->errorHandler(2, 'Undefined array key 0', 'APPPATH\\Controllers\\apiController.php', 84)
 2 SYSTEMPATH\CodeIgniter.php(927): App\Controllers\apiController->userRegister()
 3 SYSTEMPATH\CodeIgniter.php(482): CodeIgniter\CodeIgniter->runController(Object(App\Controllers\apiController))
 4 SYSTEMPATH\CodeIgniter.php(351): CodeIgniter\CodeIgniter->handleRequest(null, Object(Config\Cache), false)
 5 FCPATH\index.php(67): CodeIgniter\CodeIgniter->run()
CRITICAL - 2022-12-23 00:18:49 --> Undefined array key "mobile"
in APPPATH\Controllers\apiController.php on line 134.
 1 APPPATH\Controllers\apiController.php(134): CodeIgniter\Debug\Exceptions->errorHandler(2, 'Undefined array key "mobile"', 'APPPATH\\Controllers\\apiController.php', 134)
 2 SYSTEMPATH\CodeIgniter.php(927): App\Controllers\apiController->userVerify()
 3 SYSTEMPATH\CodeIgniter.php(482): CodeIgniter\CodeIgniter->runController(Object(App\Controllers\apiController))
 4 SYSTEMPATH\CodeIgniter.php(351): CodeIgniter\CodeIgniter->handleRequest(null, Object(Config\Cache), false)
 5 FCPATH\index.php(67): CodeIgniter\CodeIgniter->run()
CRITICAL - 2022-12-23 00:19:30 --> Undefined array key 0
in APPPATH\Controllers\apiController.php on line 84.
 1 APPPATH\Controllers\apiController.php(84): CodeIgniter\Debug\Exceptions->errorHandler(2, 'Undefined array key 0', 'APPPATH\\Controllers\\apiController.php', 84)
 2 SYSTEMPATH\CodeIgniter.php(927): App\Controllers\apiController->userRegister()
 3 SYSTEMPATH\CodeIgniter.php(482): CodeIgniter\CodeIgniter->runController(Object(App\Controllers\apiController))
 4 SYSTEMPATH\CodeIgniter.php(351): CodeIgniter\CodeIgniter->handleRequest(null, Object(Config\Cache), false)
 5 FCPATH\index.php(67): CodeIgniter\CodeIgniter->run()
CRITICAL - 2022-12-23 00:19:32 --> Undefined array key 0
in APPPATH\Controllers\apiController.php on line 84.
 1 APPPATH\Controllers\apiController.php(84): CodeIgniter\Debug\Exceptions->errorHandler(2, 'Undefined array key 0', 'APPPATH\\Controllers\\apiController.php', 84)
 2 SYSTEMPATH\CodeIgniter.php(927): App\Controllers\apiController->userRegister()
 3 SYSTEMPATH\CodeIgniter.php(482): CodeIgniter\CodeIgniter->runController(Object(App\Controllers\apiController))
 4 SYSTEMPATH\CodeIgniter.php(351): CodeIgniter\CodeIgniter->handleRequest(null, Object(Config\Cache), false)
 5 FCPATH\index.php(67): CodeIgniter\CodeIgniter->run()
CRITICAL - 2022-12-23 00:23:00 --> Undefined array key "otp"
in APPPATH\Controllers\apiController.php on line 135.
 1 APPPATH\Controllers\apiController.php(135): CodeIgniter\Debug\Exceptions->errorHandler(2, 'Undefined array key "otp"', 'APPPATH\\Controllers\\apiController.php', 135)
 2 SYSTEMPATH\CodeIgniter.php(927): App\Controllers\apiController->userVerify()
 3 SYSTEMPATH\CodeIgniter.php(482): CodeIgniter\CodeIgniter->runController(Object(App\Controllers\apiController))
 4 SYSTEMPATH\CodeIgniter.php(351): CodeIgniter\CodeIgniter->handleRequest(null, Object(Config\Cache), false)
 5 FCPATH\index.php(67): CodeIgniter\CodeIgniter->run()
CRITICAL - 2022-12-23 00:24:05 --> syntax error, unexpected single-quoted string "token", expecting ")"
in APPPATH\Controllers\apiController.php on line 91.
 1 SYSTEMPATH\Autoloader\Autoloader.php(259): CodeIgniter\Autoloader\Autoloader->includeFile('APPPATH\\Controllers\\apiController.php')
 2 SYSTEMPATH\Autoloader\Autoloader.php(237): CodeIgniter\Autoloader\Autoloader->loadInNamespace('App\\Controllers\\apiController')
 3 [internal function]: CodeIgniter\Autoloader\Autoloader->loadClass('App\\Controllers\\apiController')
 4 SYSTEMPATH\CodeIgniter.php(877): class_exists('\\App\\Controllers\\apiController', true)
 5 SYSTEMPATH\CodeIgniter.php(469): CodeIgniter\CodeIgniter->startController()
 6 SYSTEMPATH\CodeIgniter.php(351): CodeIgniter\CodeIgniter->handleRequest(null, Object(Config\Cache), false)
 7 FCPATH\index.php(67): CodeIgniter\CodeIgniter->run()
CRITICAL - 2022-12-23 00:24:08 --> syntax error, unexpected single-quoted string "token", expecting ")"
in APPPATH\Controllers\apiController.php on line 91.
 1 SYSTEMPATH\Autoloader\Autoloader.php(259): CodeIgniter\Autoloader\Autoloader->includeFile('APPPATH\\Controllers\\apiController.php')
 2 SYSTEMPATH\Autoloader\Autoloader.php(237): CodeIgniter\Autoloader\Autoloader->loadInNamespace('App\\Controllers\\apiController')
 3 [internal function]: CodeIgniter\Autoloader\Autoloader->loadClass('App\\Controllers\\apiController')
 4 SYSTEMPATH\CodeIgniter.php(877): class_exists('\\App\\Controllers\\apiController', true)
 5 SYSTEMPATH\CodeIgniter.php(469): CodeIgniter\CodeIgniter->startController()
 6 SYSTEMPATH\CodeIgniter.php(351): CodeIgniter\CodeIgniter->handleRequest(null, Object(Config\Cache), false)
 7 FCPATH\index.php(67): CodeIgniter\CodeIgniter->run()
CRITICAL - 2022-12-23 00:24:09 --> syntax error, unexpected single-quoted string "token", expecting ")"
in APPPATH\Controllers\apiController.php on line 91.
 1 SYSTEMPATH\Autoloader\Autoloader.php(259): CodeIgniter\Autoloader\Autoloader->includeFile('APPPATH\\Controllers\\apiController.php')
 2 SYSTEMPATH\Autoloader\Autoloader.php(237): CodeIgniter\Autoloader\Autoloader->loadInNamespace('App\\Controllers\\apiController')
 3 [internal function]: CodeIgniter\Autoloader\Autoloader->loadClass('App\\Controllers\\apiController')
 4 SYSTEMPATH\CodeIgniter.php(877): class_exists('\\App\\Controllers\\apiController', true)
 5 SYSTEMPATH\CodeIgniter.php(469): CodeIgniter\CodeIgniter->startController()
 6 SYSTEMPATH\CodeIgniter.php(351): CodeIgniter\CodeIgniter->handleRequest(null, Object(Config\Cache), false)
 7 FCPATH\index.php(67): CodeIgniter\CodeIgniter->run()
CRITICAL - 2022-12-23 00:24:10 --> syntax error, unexpected single-quoted string "token", expecting ")"
in APPPATH\Controllers\apiController.php on line 91.
 1 SYSTEMPATH\Autoloader\Autoloader.php(259): CodeIgniter\Autoloader\Autoloader->includeFile('APPPATH\\Controllers\\apiController.php')
 2 SYSTEMPATH\Autoloader\Autoloader.php(237): CodeIgniter\Autoloader\Autoloader->loadInNamespace('App\\Controllers\\apiController')
 3 [internal function]: CodeIgniter\Autoloader\Autoloader->loadClass('App\\Controllers\\apiController')
 4 SYSTEMPATH\CodeIgniter.php(877): class_exists('\\App\\Controllers\\apiController', true)
 5 SYSTEMPATH\CodeIgniter.php(469): CodeIgniter\CodeIgniter->startController()
 6 SYSTEMPATH\CodeIgniter.php(351): CodeIgniter\CodeIgniter->handleRequest(null, Object(Config\Cache), false)
 7 FCPATH\index.php(67): CodeIgniter\CodeIgniter->run()
CRITICAL - 2022-12-23 00:24:38 --> syntax error, unexpected single-quoted string "token", expecting ")"
in APPPATH\Controllers\apiController.php on line 91.
 1 SYSTEMPATH\Autoloader\Autoloader.php(259): CodeIgniter\Autoloader\Autoloader->includeFile('APPPATH\\Controllers\\apiController.php')
 2 SYSTEMPATH\Autoloader\Autoloader.php(237): CodeIgniter\Autoloader\Autoloader->loadInNamespace('App\\Controllers\\apiController')
 3 [internal function]: CodeIgniter\Autoloader\Autoloader->loadClass('App\\Controllers\\apiController')
 4 SYSTEMPATH\CodeIgniter.php(877): class_exists('\\App\\Controllers\\apiController', true)
 5 SYSTEMPATH\CodeIgniter.php(469): CodeIgniter\CodeIgniter->startController()
 6 SYSTEMPATH\CodeIgniter.php(351): CodeIgniter\CodeIgniter->handleRequest(null, Object(Config\Cache), false)
 7 FCPATH\index.php(67): CodeIgniter\CodeIgniter->run()
CRITICAL - 2022-12-23 00:25:12 --> Undefined array key 0
in APPPATH\Controllers\apiController.php on line 84.
 1 APPPATH\Controllers\apiController.php(84): CodeIgniter\Debug\Exceptions->errorHandler(2, 'Undefined array key 0', 'APPPATH\\Controllers\\apiController.php', 84)
 2 SYSTEMPATH\CodeIgniter.php(927): App\Controllers\apiController->userRegister()
 3 SYSTEMPATH\CodeIgniter.php(482): CodeIgniter\CodeIgniter->runController(Object(App\Controllers\apiController))
 4 SYSTEMPATH\CodeIgniter.php(351): CodeIgniter\CodeIgniter->handleRequest(null, Object(Config\Cache), false)
 5 FCPATH\index.php(67): CodeIgniter\CodeIgniter->run()
CRITICAL - 2022-12-23 00:25:49 --> Undefined array key "otp"
in APPPATH\Controllers\apiController.php on line 130.
 1 APPPATH\Controllers\apiController.php(130): CodeIgniter\Debug\Exceptions->errorHandler(2, 'Undefined array key "otp"', 'APPPATH\\Controllers\\apiController.php', 130)
 2 SYSTEMPATH\CodeIgniter.php(927): App\Controllers\apiController->userVerify()
 3 SYSTEMPATH\CodeIgniter.php(482): CodeIgniter\CodeIgniter->runController(Object(App\Controllers\apiController))
 4 SYSTEMPATH\CodeIgniter.php(351): CodeIgniter\CodeIgniter->handleRequest(null, Object(Config\Cache), false)
 5 FCPATH\index.php(67): CodeIgniter\CodeIgniter->run()
CRITICAL - 2022-12-23 00:30:44 --> Undefined array key 0
in APPPATH\Controllers\apiController.php on line 84.
 1 APPPATH\Controllers\apiController.php(84): CodeIgniter\Debug\Exceptions->errorHandler(2, 'Undefined array key 0', 'APPPATH\\Controllers\\apiController.php', 84)
 2 SYSTEMPATH\CodeIgniter.php(927): App\Controllers\apiController->userRegister()
 3 SYSTEMPATH\CodeIgniter.php(482): CodeIgniter\CodeIgniter->runController(Object(App\Controllers\apiController))
 4 SYSTEMPATH\CodeIgniter.php(351): CodeIgniter\CodeIgniter->handleRequest(null, Object(Config\Cache), false)
 5 FCPATH\index.php(67): CodeIgniter\CodeIgniter->run()
CRITICAL - 2022-12-23 00:30:57 --> Undefined array key 0
in APPPATH\Controllers\apiController.php on line 84.
 1 APPPATH\Controllers\apiController.php(84): CodeIgniter\Debug\Exceptions->errorHandler(2, 'Undefined array key 0', 'APPPATH\\Controllers\\apiController.php', 84)
 2 SYSTEMPATH\CodeIgniter.php(927): App\Controllers\apiController->userRegister()
 3 SYSTEMPATH\CodeIgniter.php(482): CodeIgniter\CodeIgniter->runController(Object(App\Controllers\apiController))
 4 SYSTEMPATH\CodeIgniter.php(351): CodeIgniter\CodeIgniter->handleRequest(null, Object(Config\Cache), false)
 5 FCPATH\index.php(67): CodeIgniter\CodeIgniter->run()
CRITICAL - 2022-12-23 00:34:20 --> Undefined array key 0
in APPPATH\Controllers\apiController.php on line 84.
 1 APPPATH\Controllers\apiController.php(84): CodeIgniter\Debug\Exceptions->errorHandler(2, 'Undefined array key 0', 'APPPATH\\Controllers\\apiController.php', 84)
 2 SYSTEMPATH\CodeIgniter.php(927): App\Controllers\apiController->userRegister()
 3 SYSTEMPATH\CodeIgniter.php(482): CodeIgniter\CodeIgniter->runController(Object(App\Controllers\apiController))
 4 SYSTEMPATH\CodeIgniter.php(351): CodeIgniter\CodeIgniter->handleRequest(null, Object(Config\Cache), false)
 5 FCPATH\index.php(67): CodeIgniter\CodeIgniter->run()
CRITICAL - 2022-12-23 00:34:32 --> Undefined array key 0
in APPPATH\Controllers\apiController.php on line 84.
 1 APPPATH\Controllers\apiController.php(84): CodeIgniter\Debug\Exceptions->errorHandler(2, 'Undefined array key 0', 'APPPATH\\Controllers\\apiController.php', 84)
 2 SYSTEMPATH\CodeIgniter.php(927): App\Controllers\apiController->userRegister()
 3 SYSTEMPATH\CodeIgniter.php(482): CodeIgniter\CodeIgniter->runController(Object(App\Controllers\apiController))
 4 SYSTEMPATH\CodeIgniter.php(351): CodeIgniter\CodeIgniter->handleRequest(null, Object(Config\Cache), false)
 5 FCPATH\index.php(67): CodeIgniter\CodeIgniter->run()
CRITICAL - 2022-12-23 00:35:10 --> Undefined array key 0
in APPPATH\Controllers\apiController.php on line 84.
 1 APPPATH\Controllers\apiController.php(84): CodeIgniter\Debug\Exceptions->errorHandler(2, 'Undefined array key 0', 'APPPATH\\Controllers\\apiController.php', 84)
 2 SYSTEMPATH\CodeIgniter.php(927): App\Controllers\apiController->userRegister()
 3 SYSTEMPATH\CodeIgniter.php(482): CodeIgniter\CodeIgniter->runController(Object(App\Controllers\apiController))
 4 SYSTEMPATH\CodeIgniter.php(351): CodeIgniter\CodeIgniter->handleRequest(null, Object(Config\Cache), false)
 5 FCPATH\index.php(67): CodeIgniter\CodeIgniter->run()
CRITICAL - 2022-12-23 00:37:24 --> Undefined array key 0
in APPPATH\Controllers\apiController.php on line 84.
 1 APPPATH\Controllers\apiController.php(84): CodeIgniter\Debug\Exceptions->errorHandler(2, 'Undefined array key 0', 'APPPATH\\Controllers\\apiController.php', 84)
 2 SYSTEMPATH\CodeIgniter.php(927): App\Controllers\apiController->userRegister()
 3 SYSTEMPATH\CodeIgniter.php(482): CodeIgniter\CodeIgniter->runController(Object(App\Controllers\apiController))
 4 SYSTEMPATH\CodeIgniter.php(351): CodeIgniter\CodeIgniter->handleRequest(null, Object(Config\Cache), false)
 5 FCPATH\index.php(67): CodeIgniter\CodeIgniter->run()
CRITICAL - 2022-12-23 00:37:26 --> Undefined array key 0
in APPPATH\Controllers\apiController.php on line 84.
 1 APPPATH\Controllers\apiController.php(84): CodeIgniter\Debug\Exceptions->errorHandler(2, 'Undefined array key 0', 'APPPATH\\Controllers\\apiController.php', 84)
 2 SYSTEMPATH\CodeIgniter.php(927): App\Controllers\apiController->userRegister()
 3 SYSTEMPATH\CodeIgniter.php(482): CodeIgniter\CodeIgniter->runController(Object(App\Controllers\apiController))
 4 SYSTEMPATH\CodeIgniter.php(351): CodeIgniter\CodeIgniter->handleRequest(null, Object(Config\Cache), false)
 5 FCPATH\index.php(67): CodeIgniter\CodeIgniter->run()
CRITICAL - 2022-12-23 00:38:01 --> Undefined array key 0
in APPPATH\Controllers\apiController.php on line 84.
 1 APPPATH\Controllers\apiController.php(84): CodeIgniter\Debug\Exceptions->errorHandler(2, 'Undefined array key 0', 'APPPATH\\Controllers\\apiController.php', 84)
 2 SYSTEMPATH\CodeIgniter.php(927): App\Controllers\apiController->userRegister()
 3 SYSTEMPATH\CodeIgniter.php(482): CodeIgniter\CodeIgniter->runController(Object(App\Controllers\apiController))
 4 SYSTEMPATH\CodeIgniter.php(351): CodeIgniter\CodeIgniter->handleRequest(null, Object(Config\Cache), false)
 5 FCPATH\index.php(67): CodeIgniter\CodeIgniter->run()
CRITICAL - 2022-12-23 00:38:20 --> Undefined array key 0
in APPPATH\Controllers\apiController.php on line 84.
 1 APPPATH\Controllers\apiController.php(84): CodeIgniter\Debug\Exceptions->errorHandler(2, 'Undefined array key 0', 'APPPATH\\Controllers\\apiController.php', 84)
 2 SYSTEMPATH\CodeIgniter.php(927): App\Controllers\apiController->userRegister()
 3 SYSTEMPATH\CodeIgniter.php(482): CodeIgniter\CodeIgniter->runController(Object(App\Controllers\apiController))
 4 SYSTEMPATH\CodeIgniter.php(351): CodeIgniter\CodeIgniter->handleRequest(null, Object(Config\Cache), false)
 5 FCPATH\index.php(67): CodeIgniter\CodeIgniter->run()
CRITICAL - 2022-12-23 00:39:14 --> Undefined variable $resp
in APPPATH\Controllers\apiController.php on line 126.
 1 APPPATH\Controllers\apiController.php(126): CodeIgniter\Debug\Exceptions->errorHandler(2, 'Undefined variable $resp', 'APPPATH\\Controllers\\apiController.php', 126)
 2 SYSTEMPATH\CodeIgniter.php(927): App\Controllers\apiController->userRegister()
 3 SYSTEMPATH\CodeIgniter.php(482): CodeIgniter\CodeIgniter->runController(Object(App\Controllers\apiController))
 4 SYSTEMPATH\CodeIgniter.php(351): CodeIgniter\CodeIgniter->handleRequest(null, Object(Config\Cache), false)
 5 FCPATH\index.php(67): CodeIgniter\CodeIgniter->run()
CRITICAL - 2022-12-23 00:40:37 --> Undefined variable $resp
in APPPATH\Controllers\apiController.php on line 126.
 1 APPPATH\Controllers\apiController.php(126): CodeIgniter\Debug\Exceptions->errorHandler(2, 'Undefined variable $resp', 'APPPATH\\Controllers\\apiController.php', 126)
 2 SYSTEMPATH\CodeIgniter.php(927): App\Controllers\apiController->userRegister()
 3 SYSTEMPATH\CodeIgniter.php(482): CodeIgniter\CodeIgniter->runController(Object(App\Controllers\apiController))
 4 SYSTEMPATH\CodeIgniter.php(351): CodeIgniter\CodeIgniter->handleRequest(null, Object(Config\Cache), false)
 5 FCPATH\index.php(67): CodeIgniter\CodeIgniter->run()
CRITICAL - 2022-12-23 00:41:27 --> Undefined variable $resp
in APPPATH\Controllers\apiController.php on line 126.
 1 APPPATH\Controllers\apiController.php(126): CodeIgniter\Debug\Exceptions->errorHandler(2, 'Undefined variable $resp', 'APPPATH\\Controllers\\apiController.php', 126)
 2 SYSTEMPATH\CodeIgniter.php(927): App\Controllers\apiController->userRegister()
 3 SYSTEMPATH\CodeIgniter.php(482): CodeIgniter\CodeIgniter->runController(Object(App\Controllers\apiController))
 4 SYSTEMPATH\CodeIgniter.php(351): CodeIgniter\CodeIgniter->handleRequest(null, Object(Config\Cache), false)
 5 FCPATH\index.php(67): CodeIgniter\CodeIgniter->run()
CRITICAL - 2022-12-23 00:42:28 --> Undefined variable $resp
in APPPATH\Controllers\apiController.php on line 126.
 1 APPPATH\Controllers\apiController.php(126): CodeIgniter\Debug\Exceptions->errorHandler(2, 'Undefined variable $resp', 'APPPATH\\Controllers\\apiController.php', 126)
 2 SYSTEMPATH\CodeIgniter.php(927): App\Controllers\apiController->userRegister()
 3 SYSTEMPATH\CodeIgniter.php(482): CodeIgniter\CodeIgniter->runController(Object(App\Controllers\apiController))
 4 SYSTEMPATH\CodeIgniter.php(351): CodeIgniter\CodeIgniter->handleRequest(null, Object(Config\Cache), false)
 5 FCPATH\index.php(67): CodeIgniter\CodeIgniter->run()
CRITICAL - 2022-12-23 00:48:31 --> json_encode() expects at least 1 argument, 0 given
in APPPATH\Controllers\apiController.php on line 79.
 1 APPPATH\Controllers\apiController.php(79): json_encode()
 2 SYSTEMPATH\CodeIgniter.php(927): App\Controllers\apiController->userRegister()
 3 SYSTEMPATH\CodeIgniter.php(482): CodeIgniter\CodeIgniter->runController(Object(App\Controllers\apiController))
 4 SYSTEMPATH\CodeIgniter.php(351): CodeIgniter\CodeIgniter->handleRequest(null, Object(Config\Cache), false)
 5 FCPATH\index.php(67): CodeIgniter\CodeIgniter->run()
CRITICAL - 2022-12-23 00:49:02 --> Undefined array key 0
in APPPATH\Controllers\apiController.php on line 84.
 1 APPPATH\Controllers\apiController.php(84): CodeIgniter\Debug\Exceptions->errorHandler(2, 'Undefined array key 0', 'APPPATH\\Controllers\\apiController.php', 84)
 2 SYSTEMPATH\CodeIgniter.php(927): App\Controllers\apiController->userRegister()
 3 SYSTEMPATH\CodeIgniter.php(482): CodeIgniter\CodeIgniter->runController(Object(App\Controllers\apiController))
 4 SYSTEMPATH\CodeIgniter.php(351): CodeIgniter\CodeIgniter->handleRequest(null, Object(Config\Cache), false)
 5 FCPATH\index.php(67): CodeIgniter\CodeIgniter->run()
CRITICAL - 2022-12-23 00:49:16 --> Undefined array key 0
in APPPATH\Controllers\apiController.php on line 84.
 1 APPPATH\Controllers\apiController.php(84): CodeIgniter\Debug\Exceptions->errorHandler(2, 'Undefined array key 0', 'APPPATH\\Controllers\\apiController.php', 84)
 2 SYSTEMPATH\CodeIgniter.php(927): App\Controllers\apiController->userRegister()
 3 SYSTEMPATH\CodeIgniter.php(482): CodeIgniter\CodeIgniter->runController(Object(App\Controllers\apiController))
 4 SYSTEMPATH\CodeIgniter.php(351): CodeIgniter\CodeIgniter->handleRequest(null, Object(Config\Cache), false)
 5 FCPATH\index.php(67): CodeIgniter\CodeIgniter->run()
CRITICAL - 2022-12-23 00:49:44 --> Undefined array key 0
in APPPATH\Controllers\apiController.php on line 84.
 1 APPPATH\Controllers\apiController.php(84): CodeIgniter\Debug\Exceptions->errorHandler(2, 'Undefined array key 0', 'APPPATH\\Controllers\\apiController.php', 84)
 2 SYSTEMPATH\CodeIgniter.php(927): App\Controllers\apiController->userRegister()
 3 SYSTEMPATH\CodeIgniter.php(482): CodeIgniter\CodeIgniter->runController(Object(App\Controllers\apiController))
 4 SYSTEMPATH\CodeIgniter.php(351): CodeIgniter\CodeIgniter->handleRequest(null, Object(Config\Cache), false)
 5 FCPATH\index.php(67): CodeIgniter\CodeIgniter->run()
CRITICAL - 2022-12-23 00:49:49 --> Undefined array key 0
in APPPATH\Controllers\apiController.php on line 84.
 1 APPPATH\Controllers\apiController.php(84): CodeIgniter\Debug\Exceptions->errorHandler(2, 'Undefined array key 0', 'APPPATH\\Controllers\\apiController.php', 84)
 2 SYSTEMPATH\CodeIgniter.php(927): App\Controllers\apiController->userRegister()
 3 SYSTEMPATH\CodeIgniter.php(482): CodeIgniter\CodeIgniter->runController(Object(App\Controllers\apiController))
 4 SYSTEMPATH\CodeIgniter.php(351): CodeIgniter\CodeIgniter->handleRequest(null, Object(Config\Cache), false)
 5 FCPATH\index.php(67): CodeIgniter\CodeIgniter->run()
CRITICAL - 2022-12-23 00:52:00 --> Call to undefined function App\Controllers\getResult()
in APPPATH\Controllers\apiController.php on line 76.
 1 SYSTEMPATH\CodeIgniter.php(927): App\Controllers\apiController->userRegister()
 2 SYSTEMPATH\CodeIgniter.php(482): CodeIgniter\CodeIgniter->runController(Object(App\Controllers\apiController))
 3 SYSTEMPATH\CodeIgniter.php(351): CodeIgniter\CodeIgniter->handleRequest(null, Object(Config\Cache), false)
 4 FCPATH\index.php(67): CodeIgniter\CodeIgniter->run()
CRITICAL - 2022-12-23 00:52:15 --> Call to undefined function App\Controllers\getResult()
in APPPATH\Controllers\apiController.php on line 76.
 1 SYSTEMPATH\CodeIgniter.php(927): App\Controllers\apiController->userRegister()
 2 SYSTEMPATH\CodeIgniter.php(482): CodeIgniter\CodeIgniter->runController(Object(App\Controllers\apiController))
 3 SYSTEMPATH\CodeIgniter.php(351): CodeIgniter\CodeIgniter->handleRequest(null, Object(Config\Cache), false)
 4 FCPATH\index.php(67): CodeIgniter\CodeIgniter->run()
CRITICAL - 2022-12-23 00:52:19 --> Call to undefined function App\Controllers\getResult()
in APPPATH\Controllers\apiController.php on line 76.
 1 SYSTEMPATH\CodeIgniter.php(927): App\Controllers\apiController->userRegister()
 2 SYSTEMPATH\CodeIgniter.php(482): CodeIgniter\CodeIgniter->runController(Object(App\Controllers\apiController))
 3 SYSTEMPATH\CodeIgniter.php(351): CodeIgniter\CodeIgniter->handleRequest(null, Object(Config\Cache), false)
 4 FCPATH\index.php(67): CodeIgniter\CodeIgniter->run()
CRITICAL - 2022-12-23 00:52:32 --> Call to undefined function App\Controllers\getResult()
in APPPATH\Controllers\apiController.php on line 76.
 1 SYSTEMPATH\CodeIgniter.php(927): App\Controllers\apiController->userRegister()
 2 SYSTEMPATH\CodeIgniter.php(482): CodeIgniter\CodeIgniter->runController(Object(App\Controllers\apiController))
 3 SYSTEMPATH\CodeIgniter.php(351): CodeIgniter\CodeIgniter->handleRequest(null, Object(Config\Cache), false)
 4 FCPATH\index.php(67): CodeIgniter\CodeIgniter->run()
CRITICAL - 2022-12-23 00:52:55 --> Call to undefined function App\Controllers\getResult()
in APPPATH\Controllers\apiController.php on line 76.
 1 SYSTEMPATH\CodeIgniter.php(927): App\Controllers\apiController->userRegister()
 2 SYSTEMPATH\CodeIgniter.php(482): CodeIgniter\CodeIgniter->runController(Object(App\Controllers\apiController))
 3 SYSTEMPATH\CodeIgniter.php(351): CodeIgniter\CodeIgniter->handleRequest(null, Object(Config\Cache), false)
 4 FCPATH\index.php(67): CodeIgniter\CodeIgniter->run()
CRITICAL - 2022-12-23 00:53:53 --> Undefined variable $data
in APPPATH\Controllers\apiController.php on line 84.
 1 APPPATH\Controllers\apiController.php(84): CodeIgniter\Debug\Exceptions->errorHandler(2, 'Undefined variable $data', 'APPPATH\\Controllers\\apiController.php', 84)
 2 SYSTEMPATH\CodeIgniter.php(927): App\Controllers\apiController->userRegister()
 3 SYSTEMPATH\CodeIgniter.php(482): CodeIgniter\CodeIgniter->runController(Object(App\Controllers\apiController))
 4 SYSTEMPATH\CodeIgniter.php(351): CodeIgniter\CodeIgniter->handleRequest(null, Object(Config\Cache), false)
 5 FCPATH\index.php(67): CodeIgniter\CodeIgniter->run()
CRITICAL - 2022-12-23 00:54:22 --> Undefined variable $data
in APPPATH\Controllers\apiController.php on line 84.
 1 APPPATH\Controllers\apiController.php(84): CodeIgniter\Debug\Exceptions->errorHandler(2, 'Undefined variable $data', 'APPPATH\\Controllers\\apiController.php', 84)
 2 SYSTEMPATH\CodeIgniter.php(927): App\Controllers\apiController->userRegister()
 3 SYSTEMPATH\CodeIgniter.php(482): CodeIgniter\CodeIgniter->runController(Object(App\Controllers\apiController))
 4 SYSTEMPATH\CodeIgniter.php(351): CodeIgniter\CodeIgniter->handleRequest(null, Object(Config\Cache), false)
 5 FCPATH\index.php(67): CodeIgniter\CodeIgniter->run()
CRITICAL - 2022-12-23 00:54:44 --> Undefined variable $data
in APPPATH\Controllers\apiController.php on line 84.
 1 APPPATH\Controllers\apiController.php(84): CodeIgniter\Debug\Exceptions->errorHandler(2, 'Undefined variable $data', 'APPPATH\\Controllers\\apiController.php', 84)
 2 SYSTEMPATH\CodeIgniter.php(927): App\Controllers\apiController->userRegister()
 3 SYSTEMPATH\CodeIgniter.php(482): CodeIgniter\CodeIgniter->runController(Object(App\Controllers\apiController))
 4 SYSTEMPATH\CodeIgniter.php(351): CodeIgniter\CodeIgniter->handleRequest(null, Object(Config\Cache), false)
 5 FCPATH\index.php(67): CodeIgniter\CodeIgniter->run()
CRITICAL - 2022-12-23 00:54:59 --> Undefined variable $data
in APPPATH\Controllers\apiController.php on line 84.
 1 APPPATH\Controllers\apiController.php(84): CodeIgniter\Debug\Exceptions->errorHandler(2, 'Undefined variable $data', 'APPPATH\\Controllers\\apiController.php', 84)
 2 SYSTEMPATH\CodeIgniter.php(927): App\Controllers\apiController->userRegister()
 3 SYSTEMPATH\CodeIgniter.php(482): CodeIgniter\CodeIgniter->runController(Object(App\Controllers\apiController))
 4 SYSTEMPATH\CodeIgniter.php(351): CodeIgniter\CodeIgniter->handleRequest(null, Object(Config\Cache), false)
 5 FCPATH\index.php(67): CodeIgniter\CodeIgniter->run()
CRITICAL - 2022-12-23 00:55:05 --> Undefined variable $data
in APPPATH\Controllers\apiController.php on line 84.
 1 APPPATH\Controllers\apiController.php(84): CodeIgniter\Debug\Exceptions->errorHandler(2, 'Undefined variable $data', 'APPPATH\\Controllers\\apiController.php', 84)
 2 SYSTEMPATH\CodeIgniter.php(927): App\Controllers\apiController->userRegister()
 3 SYSTEMPATH\CodeIgniter.php(482): CodeIgniter\CodeIgniter->runController(Object(App\Controllers\apiController))
 4 SYSTEMPATH\CodeIgniter.php(351): CodeIgniter\CodeIgniter->handleRequest(null, Object(Config\Cache), false)
 5 FCPATH\index.php(67): CodeIgniter\CodeIgniter->run()
CRITICAL - 2022-12-23 00:57:27 --> Call to undefined function App\Controllers\getResult()
in APPPATH\Controllers\apiController.php on line 76.
 1 SYSTEMPATH\CodeIgniter.php(927): App\Controllers\apiController->userRegister()
 2 SYSTEMPATH\CodeIgniter.php(482): CodeIgniter\CodeIgniter->runController(Object(App\Controllers\apiController))
 3 SYSTEMPATH\CodeIgniter.php(351): CodeIgniter\CodeIgniter->handleRequest(null, Object(Config\Cache), false)
 4 FCPATH\index.php(67): CodeIgniter\CodeIgniter->run()
CRITICAL - 2022-12-23 00:57:43 --> Call to undefined function App\Controllers\getResult()
in APPPATH\Controllers\apiController.php on line 76.
 1 SYSTEMPATH\CodeIgniter.php(927): App\Controllers\apiController->userRegister()
 2 SYSTEMPATH\CodeIgniter.php(482): CodeIgniter\CodeIgniter->runController(Object(App\Controllers\apiController))
 3 SYSTEMPATH\CodeIgniter.php(351): CodeIgniter\CodeIgniter->handleRequest(null, Object(Config\Cache), false)
 4 FCPATH\index.php(67): CodeIgniter\CodeIgniter->run()
CRITICAL - 2022-12-23 00:57:57 --> Undefined variable $data
in APPPATH\Controllers\apiController.php on line 84.
 1 APPPATH\Controllers\apiController.php(84): CodeIgniter\Debug\Exceptions->errorHandler(2, 'Undefined variable $data', 'APPPATH\\Controllers\\apiController.php', 84)
 2 SYSTEMPATH\CodeIgniter.php(927): App\Controllers\apiController->userRegister()
 3 SYSTEMPATH\CodeIgniter.php(482): CodeIgniter\CodeIgniter->runController(Object(App\Controllers\apiController))
 4 SYSTEMPATH\CodeIgniter.php(351): CodeIgniter\CodeIgniter->handleRequest(null, Object(Config\Cache), false)
 5 FCPATH\index.php(67): CodeIgniter\CodeIgniter->run()
CRITICAL - 2022-12-23 00:58:16 --> Call to undefined function App\Controllers\getResult()
in APPPATH\Controllers\apiController.php on line 76.
 1 SYSTEMPATH\CodeIgniter.php(927): App\Controllers\apiController->userRegister()
 2 SYSTEMPATH\CodeIgniter.php(482): CodeIgniter\CodeIgniter->runController(Object(App\Controllers\apiController))
 3 SYSTEMPATH\CodeIgniter.php(351): CodeIgniter\CodeIgniter->handleRequest(null, Object(Config\Cache), false)
 4 FCPATH\index.php(67): CodeIgniter\CodeIgniter->run()
CRITICAL - 2022-12-23 00:58:55 --> Call to undefined function App\Controllers\getResult()
in APPPATH\Controllers\apiController.php on line 76.
 1 SYSTEMPATH\CodeIgniter.php(927): App\Controllers\apiController->userRegister()
 2 SYSTEMPATH\CodeIgniter.php(482): CodeIgniter\CodeIgniter->runController(Object(App\Controllers\apiController))
 3 SYSTEMPATH\CodeIgniter.php(351): CodeIgniter\CodeIgniter->handleRequest(null, Object(Config\Cache), false)
 4 FCPATH\index.php(67): CodeIgniter\CodeIgniter->run()
CRITICAL - 2022-12-23 00:59:07 --> Undefined variable $data
in APPPATH\Controllers\apiController.php on line 84.
 1 APPPATH\Controllers\apiController.php(84): CodeIgniter\Debug\Exceptions->errorHandler(2, 'Undefined variable $data', 'APPPATH\\Controllers\\apiController.php', 84)
 2 SYSTEMPATH\CodeIgniter.php(927): App\Controllers\apiController->userRegister()
 3 SYSTEMPATH\CodeIgniter.php(482): CodeIgniter\CodeIgniter->runController(Object(App\Controllers\apiController))
 4 SYSTEMPATH\CodeIgniter.php(351): CodeIgniter\CodeIgniter->handleRequest(null, Object(Config\Cache), false)
 5 FCPATH\index.php(67): CodeIgniter\CodeIgniter->run()
CRITICAL - 2022-12-23 00:59:19 --> Undefined variable $data
in APPPATH\Controllers\apiController.php on line 84.
 1 APPPATH\Controllers\apiController.php(84): CodeIgniter\Debug\Exceptions->errorHandler(2, 'Undefined variable $data', 'APPPATH\\Controllers\\apiController.php', 84)
 2 SYSTEMPATH\CodeIgniter.php(927): App\Controllers\apiController->userRegister()
 3 SYSTEMPATH\CodeIgniter.php(482): CodeIgniter\CodeIgniter->runController(Object(App\Controllers\apiController))
 4 SYSTEMPATH\CodeIgniter.php(351): CodeIgniter\CodeIgniter->handleRequest(null, Object(Config\Cache), false)
 5 FCPATH\index.php(67): CodeIgniter\CodeIgniter->run()
CRITICAL - 2022-12-23 01:04:24 --> Call to undefined method CodeIgniter\Database\MySQLi\Builder::getResult()
in APPPATH\Controllers\apiController.php on line 69.
 1 SYSTEMPATH\CodeIgniter.php(927): App\Controllers\apiController->userRegister()
 2 SYSTEMPATH\CodeIgniter.php(482): CodeIgniter\CodeIgniter->runController(Object(App\Controllers\apiController))
 3 SYSTEMPATH\CodeIgniter.php(351): CodeIgniter\CodeIgniter->handleRequest(null, Object(Config\Cache), false)
 4 FCPATH\index.php(67): CodeIgniter\CodeIgniter->run()
CRITICAL - 2022-12-23 01:05:39 --> Undefined array key 0
in APPPATH\Controllers\apiController.php on line 84.
 1 APPPATH\Controllers\apiController.php(84): CodeIgniter\Debug\Exceptions->errorHandler(2, 'Undefined array key 0', 'APPPATH\\Controllers\\apiController.php', 84)
 2 SYSTEMPATH\CodeIgniter.php(927): App\Controllers\apiController->userRegister()
 3 SYSTEMPATH\CodeIgniter.php(482): CodeIgniter\CodeIgniter->runController(Object(App\Controllers\apiController))
 4 SYSTEMPATH\CodeIgniter.php(351): CodeIgniter\CodeIgniter->handleRequest(null, Object(Config\Cache), false)
 5 FCPATH\index.php(67): CodeIgniter\CodeIgniter->run()
CRITICAL - 2022-12-23 01:06:13 --> Undefined array key 0
in APPPATH\Controllers\apiController.php on line 78.
 1 APPPATH\Controllers\apiController.php(78): CodeIgniter\Debug\Exceptions->errorHandler(2, 'Undefined array key 0', 'APPPATH\\Controllers\\apiController.php', 78)
 2 SYSTEMPATH\CodeIgniter.php(927): App\Controllers\apiController->userRegister()
 3 SYSTEMPATH\CodeIgniter.php(482): CodeIgniter\CodeIgniter->runController(Object(App\Controllers\apiController))
 4 SYSTEMPATH\CodeIgniter.php(351): CodeIgniter\CodeIgniter->handleRequest(null, Object(Config\Cache), false)
 5 FCPATH\index.php(67): CodeIgniter\CodeIgniter->run()
CRITICAL - 2022-12-23 01:06:27 --> Undefined array key 0
in APPPATH\Controllers\apiController.php on line 78.
 1 APPPATH\Controllers\apiController.php(78): CodeIgniter\Debug\Exceptions->errorHandler(2, 'Undefined array key 0', 'APPPATH\\Controllers\\apiController.php', 78)
 2 SYSTEMPATH\CodeIgniter.php(927): App\Controllers\apiController->userRegister()
 3 SYSTEMPATH\CodeIgniter.php(482): CodeIgniter\CodeIgniter->runController(Object(App\Controllers\apiController))
 4 SYSTEMPATH\CodeIgniter.php(351): CodeIgniter\CodeIgniter->handleRequest(null, Object(Config\Cache), false)
 5 FCPATH\index.php(67): CodeIgniter\CodeIgniter->run()
CRITICAL - 2022-12-23 01:07:52 --> Undefined array key "mobile"
in APPPATH\Controllers\apiController.php on line 134.
 1 APPPATH\Controllers\apiController.php(134): CodeIgniter\Debug\Exceptions->errorHandler(2, 'Undefined array key "mobile"', 'APPPATH\\Controllers\\apiController.php', 134)
 2 SYSTEMPATH\CodeIgniter.php(927): App\Controllers\apiController->userVerify()
 3 SYSTEMPATH\CodeIgniter.php(482): CodeIgniter\CodeIgniter->runController(Object(App\Controllers\apiController))
 4 SYSTEMPATH\CodeIgniter.php(351): CodeIgniter\CodeIgniter->handleRequest(null, Object(Config\Cache), false)
 5 FCPATH\index.php(67): CodeIgniter\CodeIgniter->run()
CRITICAL - 2022-12-23 01:09:27 --> Call to undefined method CodeIgniter\Database\MySQLi\Builder::getResult()
in APPPATH\Controllers\apiController.php on line 75.
 1 SYSTEMPATH\CodeIgniter.php(927): App\Controllers\apiController->userRegister()
 2 SYSTEMPATH\CodeIgniter.php(482): CodeIgniter\CodeIgniter->runController(Object(App\Controllers\apiController))
 3 SYSTEMPATH\CodeIgniter.php(351): CodeIgniter\CodeIgniter->handleRequest(null, Object(Config\Cache), false)
 4 FCPATH\index.php(67): CodeIgniter\CodeIgniter->run()
CRITICAL - 2022-12-23 01:13:29 --> syntax error, unexpected token ";", expecting "]"
in APPPATH\Controllers\apiController.php on line 56.
 1 SYSTEMPATH\Autoloader\Autoloader.php(259): CodeIgniter\Autoloader\Autoloader->includeFile('APPPATH\\Controllers\\apiController.php')
 2 SYSTEMPATH\Autoloader\Autoloader.php(237): CodeIgniter\Autoloader\Autoloader->loadInNamespace('App\\Controllers\\apiController')
 3 [internal function]: CodeIgniter\Autoloader\Autoloader->loadClass('App\\Controllers\\apiController')
 4 SYSTEMPATH\CodeIgniter.php(877): class_exists('\\App\\Controllers\\apiController', true)
 5 SYSTEMPATH\CodeIgniter.php(469): CodeIgniter\CodeIgniter->startController()
 6 SYSTEMPATH\CodeIgniter.php(351): CodeIgniter\CodeIgniter->handleRequest(null, Object(Config\Cache), false)
 7 FCPATH\index.php(67): CodeIgniter\CodeIgniter->run()
CRITICAL - 2022-12-23 10:09:38 --> Undefined array key "device_id"
in APPPATH\Controllers\apiController.php on line 53.
 1 APPPATH\Controllers\apiController.php(53): CodeIgniter\Debug\Exceptions->errorHandler(2, 'Undefined array key "device_id"', 'APPPATH\\Controllers\\apiController.php', 53)
 2 SYSTEMPATH\CodeIgniter.php(927): App\Controllers\apiController->userRegister()
 3 SYSTEMPATH\CodeIgniter.php(482): CodeIgniter\CodeIgniter->runController(Object(App\Controllers\apiController))
 4 SYSTEMPATH\CodeIgniter.php(351): CodeIgniter\CodeIgniter->handleRequest(null, Object(Config\Cache), false)
 5 FCPATH\index.php(67): CodeIgniter\CodeIgniter->run()
CRITICAL - 2022-12-23 10:10:54 --> Undefined array key "mobile"
in APPPATH\Controllers\apiController.php on line 137.
 1 APPPATH\Controllers\apiController.php(137): CodeIgniter\Debug\Exceptions->errorHandler(2, 'Undefined array key "mobile"', 'APPPATH\\Controllers\\apiController.php', 137)
 2 SYSTEMPATH\CodeIgniter.php(927): App\Controllers\apiController->userVerify()
 3 SYSTEMPATH\CodeIgniter.php(482): CodeIgniter\CodeIgniter->runController(Object(App\Controllers\apiController))
 4 SYSTEMPATH\CodeIgniter.php(351): CodeIgniter\CodeIgniter->handleRequest(null, Object(Config\Cache), false)
 5 FCPATH\index.php(67): CodeIgniter\CodeIgniter->run()
CRITICAL - 2022-12-23 10:13:34 --> syntax error, unexpected token "}"
in APPPATH\Controllers\apiController.php on line 84.
 1 SYSTEMPATH\Autoloader\Autoloader.php(259): CodeIgniter\Autoloader\Autoloader->includeFile('APPPATH\\Controllers\\apiController.php')
 2 SYSTEMPATH\Autoloader\Autoloader.php(237): CodeIgniter\Autoloader\Autoloader->loadInNamespace('App\\Controllers\\apiController')
 3 [internal function]: CodeIgniter\Autoloader\Autoloader->loadClass('App\\Controllers\\apiController')
 4 SYSTEMPATH\CodeIgniter.php(877): class_exists('\\App\\Controllers\\apiController', true)
 5 SYSTEMPATH\CodeIgniter.php(469): CodeIgniter\CodeIgniter->startController()
 6 SYSTEMPATH\CodeIgniter.php(351): CodeIgniter\CodeIgniter->handleRequest(null, Object(Config\Cache), false)
 7 FCPATH\index.php(67): CodeIgniter\CodeIgniter->run()
CRITICAL - 2022-12-23 10:14:54 --> syntax error, unexpected token ";", expecting "]"
in APPPATH\Controllers\apiController.php on line 56.
 1 SYSTEMPATH\Autoloader\Autoloader.php(259): CodeIgniter\Autoloader\Autoloader->includeFile('APPPATH\\Controllers\\apiController.php')
 2 SYSTEMPATH\Autoloader\Autoloader.php(237): CodeIgniter\Autoloader\Autoloader->loadInNamespace('App\\Controllers\\apiController')
 3 [internal function]: CodeIgniter\Autoloader\Autoloader->loadClass('App\\Controllers\\apiController')
 4 SYSTEMPATH\CodeIgniter.php(877): class_exists('\\App\\Controllers\\apiController', true)
 5 SYSTEMPATH\CodeIgniter.php(469): CodeIgniter\CodeIgniter->startController()
 6 SYSTEMPATH\CodeIgniter.php(351): CodeIgniter\CodeIgniter->handleRequest(null, Object(Config\Cache), false)
 7 FCPATH\index.php(67): CodeIgniter\CodeIgniter->run()
CRITICAL - 2022-12-23 10:16:59 --> Undefined variable $rresult
in APPPATH\Controllers\apiController.php on line 76.
 1 APPPATH\Controllers\apiController.php(76): CodeIgniter\Debug\Exceptions->errorHandler(2, 'Undefined variable $rresult', 'APPPATH\\Controllers\\apiController.php', 76)
 2 SYSTEMPATH\CodeIgniter.php(927): App\Controllers\apiController->userRegister()
 3 SYSTEMPATH\CodeIgniter.php(482): CodeIgniter\CodeIgniter->runController(Object(App\Controllers\apiController))
 4 SYSTEMPATH\CodeIgniter.php(351): CodeIgniter\CodeIgniter->handleRequest(null, Object(Config\Cache), false)
 5 FCPATH\index.php(67): CodeIgniter\CodeIgniter->run()
CRITICAL - 2022-12-23 10:17:16 --> Object of class CodeIgniter\Database\MySQLi\Result could not be converted to string
in APPPATH\Controllers\apiController.php on line 76.
 1 SYSTEMPATH\CodeIgniter.php(927): App\Controllers\apiController->userRegister()
 2 SYSTEMPATH\CodeIgniter.php(482): CodeIgniter\CodeIgniter->runController(Object(App\Controllers\apiController))
 3 SYSTEMPATH\CodeIgniter.php(351): CodeIgniter\CodeIgniter->handleRequest(null, Object(Config\Cache), false)
 4 FCPATH\index.php(67): CodeIgniter\CodeIgniter->run()
ERROR - 2022-12-23 10:24:08 --> mysqli_sql_exception: You have an error in your SQL syntax; check the manual that corresponds to your MariaDB server version for the right syntax to use near '671492 = :671492:' at line 1 in C:\xampp\htdocs\data-search\system\Database\MySQLi\Connection.php:292
Stack trace:
#0 C:\xampp\htdocs\data-search\system\Database\MySQLi\Connection.php(292): mysqli->query('UPDATE `usertbl...', 0)
#1 C:\xampp\htdocs\data-search\system\Database\BaseConnection.php(666): CodeIgniter\Database\MySQLi\Connection->execute('UPDATE `usertbl...')
#2 C:\xampp\htdocs\data-search\system\Database\BaseConnection.php(593): CodeIgniter\Database\BaseConnection->simpleQuery('UPDATE `usertbl...')
#3 C:\xampp\htdocs\data-search\system\Database\BaseBuilder.php(2079): CodeIgniter\Database\BaseConnection->query('UPDATE `usertbl...', Array, false)
#4 C:\xampp\htdocs\data-search\app\Controllers\apiController.php(85): CodeIgniter\Database\BaseBuilder->update('671492')
#5 C:\xampp\htdocs\data-search\system\CodeIgniter.php(927): App\Controllers\apiController->userRegister()
#6 C:\xampp\htdocs\data-search\system\CodeIgniter.php(482): CodeIgniter\CodeIgniter->runController(Object(App\Controllers\apiController))
#7 C:\xampp\htdocs\data-search\system\CodeIgniter.php(351): CodeIgniter\CodeIgniter->handleRequest(NULL, Object(Config\Cache), false)
#8 C:\xampp\htdocs\data-search\index.php(67): CodeIgniter\CodeIgniter->run()
#9 {main}
CRITICAL - 2022-12-23 10:24:08 --> You have an error in your SQL syntax; check the manual that corresponds to your MariaDB server version for the right syntax to use near '671492 = :671492:' at line 1
in SYSTEMPATH\Database\MySQLi\Connection.php on line 292.
 1 SYSTEMPATH\Database\MySQLi\Connection.php(292): mysqli->query('UPDATE `usertbl` SET 671492 = :671492:', 0)
 2 SYSTEMPATH\Database\BaseConnection.php(666): CodeIgniter\Database\MySQLi\Connection->execute('UPDATE `usertbl` SET 671492 = :671492:')
 3 SYSTEMPATH\Database\BaseConnection.php(593): CodeIgniter\Database\BaseConnection->simpleQuery('UPDATE `usertbl` SET 671492 = :671492:')
 4 SYSTEMPATH\Database\BaseBuilder.php(2079): CodeIgniter\Database\BaseConnection->query('UPDATE `usertbl` SET 671492 = :671492:', [...], false)
 5 APPPATH\Controllers\apiController.php(85): CodeIgniter\Database\BaseBuilder->update('671492')
 6 SYSTEMPATH\CodeIgniter.php(927): App\Controllers\apiController->userRegister()
 7 SYSTEMPATH\CodeIgniter.php(482): CodeIgniter\CodeIgniter->runController(Object(App\Controllers\apiController))
 8 SYSTEMPATH\CodeIgniter.php(351): CodeIgniter\CodeIgniter->handleRequest(null, Object(Config\Cache), false)
 9 FCPATH\index.php(67): CodeIgniter\CodeIgniter->run()
CRITICAL - 2022-12-23 10:26:06 --> syntax error, unexpected token ";", expecting "]"
in APPPATH\Controllers\apiController.php on line 87.
 1 SYSTEMPATH\Autoloader\Autoloader.php(259): CodeIgniter\Autoloader\Autoloader->includeFile('APPPATH\\Controllers\\apiController.php')
 2 SYSTEMPATH\Autoloader\Autoloader.php(237): CodeIgniter\Autoloader\Autoloader->loadInNamespace('App\\Controllers\\apiController')
 3 [internal function]: CodeIgniter\Autoloader\Autoloader->loadClass('App\\Controllers\\apiController')
 4 SYSTEMPATH\CodeIgniter.php(877): class_exists('\\App\\Controllers\\apiController', true)
 5 SYSTEMPATH\CodeIgniter.php(469): CodeIgniter\CodeIgniter->startController()
 6 SYSTEMPATH\CodeIgniter.php(351): CodeIgniter\CodeIgniter->handleRequest(null, Object(Config\Cache), false)
 7 FCPATH\index.php(67): CodeIgniter\CodeIgniter->run()
CRITICAL - 2022-12-23 10:26:43 --> syntax error, unexpected token ";", expecting "]"
in APPPATH\Controllers\apiController.php on line 87.
 1 SYSTEMPATH\Autoloader\Autoloader.php(259): CodeIgniter\Autoloader\Autoloader->includeFile('APPPATH\\Controllers\\apiController.php')
 2 SYSTEMPATH\Autoloader\Autoloader.php(237): CodeIgniter\Autoloader\Autoloader->loadInNamespace('App\\Controllers\\apiController')
 3 [internal function]: CodeIgniter\Autoloader\Autoloader->loadClass('App\\Controllers\\apiController')
 4 SYSTEMPATH\CodeIgniter.php(877): class_exists('\\App\\Controllers\\apiController', true)
 5 SYSTEMPATH\CodeIgniter.php(469): CodeIgniter\CodeIgniter->startController()
 6 SYSTEMPATH\CodeIgniter.php(351): CodeIgniter\CodeIgniter->handleRequest(null, Object(Config\Cache), false)
 7 FCPATH\index.php(67): CodeIgniter\CodeIgniter->run()
CRITICAL - 2022-12-23 10:26:47 --> syntax error, unexpected token ";", expecting "]"
in APPPATH\Controllers\apiController.php on line 87.
 1 SYSTEMPATH\Autoloader\Autoloader.php(259): CodeIgniter\Autoloader\Autoloader->includeFile('APPPATH\\Controllers\\apiController.php')
 2 SYSTEMPATH\Autoloader\Autoloader.php(237): CodeIgniter\Autoloader\Autoloader->loadInNamespace('App\\Controllers\\apiController')
 3 [internal function]: CodeIgniter\Autoloader\Autoloader->loadClass('App\\Controllers\\apiController')
 4 SYSTEMPATH\CodeIgniter.php(877): class_exists('\\App\\Controllers\\apiController', true)
 5 SYSTEMPATH\CodeIgniter.php(469): CodeIgniter\CodeIgniter->startController()
 6 SYSTEMPATH\CodeIgniter.php(351): CodeIgniter\CodeIgniter->handleRequest(null, Object(Config\Cache), false)
 7 FCPATH\index.php(67): CodeIgniter\CodeIgniter->run()
CRITICAL - 2022-12-23 10:26:51 --> syntax error, unexpected token ";", expecting "]"
in APPPATH\Controllers\apiController.php on line 87.
 1 SYSTEMPATH\Autoloader\Autoloader.php(259): CodeIgniter\Autoloader\Autoloader->includeFile('APPPATH\\Controllers\\apiController.php')
 2 SYSTEMPATH\Autoloader\Autoloader.php(237): CodeIgniter\Autoloader\Autoloader->loadInNamespace('App\\Controllers\\apiController')
 3 [internal function]: CodeIgniter\Autoloader\Autoloader->loadClass('App\\Controllers\\apiController')
 4 SYSTEMPATH\CodeIgniter.php(877): class_exists('\\App\\Controllers\\apiController', true)
 5 SYSTEMPATH\CodeIgniter.php(469): CodeIgniter\CodeIgniter->startController()
 6 SYSTEMPATH\CodeIgniter.php(351): CodeIgniter\CodeIgniter->handleRequest(null, Object(Config\Cache), false)
 7 FCPATH\index.php(67): CodeIgniter\CodeIgniter->run()
CRITICAL - 2022-12-23 10:26:52 --> syntax error, unexpected token ";", expecting "]"
in APPPATH\Controllers\apiController.php on line 87.
 1 SYSTEMPATH\Autoloader\Autoloader.php(259): CodeIgniter\Autoloader\Autoloader->includeFile('APPPATH\\Controllers\\apiController.php')
 2 SYSTEMPATH\Autoloader\Autoloader.php(237): CodeIgniter\Autoloader\Autoloader->loadInNamespace('App\\Controllers\\apiController')
 3 [internal function]: CodeIgniter\Autoloader\Autoloader->loadClass('App\\Controllers\\apiController')
 4 SYSTEMPATH\CodeIgniter.php(877): class_exists('\\App\\Controllers\\apiController', true)
 5 SYSTEMPATH\CodeIgniter.php(469): CodeIgniter\CodeIgniter->startController()
 6 SYSTEMPATH\CodeIgniter.php(351): CodeIgniter\CodeIgniter->handleRequest(null, Object(Config\Cache), false)
 7 FCPATH\index.php(67): CodeIgniter\CodeIgniter->run()
CRITICAL - 2022-12-23 10:27:24 --> Undefined variable $resp
in APPPATH\Controllers\apiController.php on line 131.
 1 APPPATH\Controllers\apiController.php(131): CodeIgniter\Debug\Exceptions->errorHandler(2, 'Undefined variable $resp', 'APPPATH\\Controllers\\apiController.php', 131)
 2 SYSTEMPATH\CodeIgniter.php(927): App\Controllers\apiController->userRegister()
 3 SYSTEMPATH\CodeIgniter.php(482): CodeIgniter\CodeIgniter->runController(Object(App\Controllers\apiController))
 4 SYSTEMPATH\CodeIgniter.php(351): CodeIgniter\CodeIgniter->handleRequest(null, Object(Config\Cache), false)
 5 FCPATH\index.php(67): CodeIgniter\CodeIgniter->run()
CRITICAL - 2022-12-23 10:31:16 --> Undefined variable $resp
in APPPATH\Controllers\apiController.php on line 131.
 1 APPPATH\Controllers\apiController.php(131): CodeIgniter\Debug\Exceptions->errorHandler(2, 'Undefined variable $resp', 'APPPATH\\Controllers\\apiController.php', 131)
 2 SYSTEMPATH\CodeIgniter.php(927): App\Controllers\apiController->userRegister()
 3 SYSTEMPATH\CodeIgniter.php(482): CodeIgniter\CodeIgniter->runController(Object(App\Controllers\apiController))
 4 SYSTEMPATH\CodeIgniter.php(351): CodeIgniter\CodeIgniter->handleRequest(null, Object(Config\Cache), false)
 5 FCPATH\index.php(67): CodeIgniter\CodeIgniter->run()
CRITICAL - 2022-12-23 10:32:00 --> Undefined variable $resp
in APPPATH\Controllers\apiController.php on line 131.
 1 APPPATH\Controllers\apiController.php(131): CodeIgniter\Debug\Exceptions->errorHandler(2, 'Undefined variable $resp', 'APPPATH\\Controllers\\apiController.php', 131)
 2 SYSTEMPATH\CodeIgniter.php(927): App\Controllers\apiController->userRegister()
 3 SYSTEMPATH\CodeIgniter.php(482): CodeIgniter\CodeIgniter->runController(Object(App\Controllers\apiController))
 4 SYSTEMPATH\CodeIgniter.php(351): CodeIgniter\CodeIgniter->handleRequest(null, Object(Config\Cache), false)
 5 FCPATH\index.php(67): CodeIgniter\CodeIgniter->run()
CRITICAL - 2022-12-23 10:32:03 --> Undefined variable $resp
in APPPATH\Controllers\apiController.php on line 131.
 1 APPPATH\Controllers\apiController.php(131): CodeIgniter\Debug\Exceptions->errorHandler(2, 'Undefined variable $resp', 'APPPATH\\Controllers\\apiController.php', 131)
 2 SYSTEMPATH\CodeIgniter.php(927): App\Controllers\apiController->userRegister()
 3 SYSTEMPATH\CodeIgniter.php(482): CodeIgniter\CodeIgniter->runController(Object(App\Controllers\apiController))
 4 SYSTEMPATH\CodeIgniter.php(351): CodeIgniter\CodeIgniter->handleRequest(null, Object(Config\Cache), false)
 5 FCPATH\index.php(67): CodeIgniter\CodeIgniter->run()
CRITICAL - 2022-12-23 10:33:30 --> syntax error, unexpected token "}"
in APPPATH\Controllers\apiController.php on line 135.
 1 SYSTEMPATH\Autoloader\Autoloader.php(259): CodeIgniter\Autoloader\Autoloader->includeFile('APPPATH\\Controllers\\apiController.php')
 2 SYSTEMPATH\Autoloader\Autoloader.php(237): CodeIgniter\Autoloader\Autoloader->loadInNamespace('App\\Controllers\\apiController')
 3 [internal function]: CodeIgniter\Autoloader\Autoloader->loadClass('App\\Controllers\\apiController')
 4 SYSTEMPATH\CodeIgniter.php(877): class_exists('\\App\\Controllers\\apiController', true)
 5 SYSTEMPATH\CodeIgniter.php(469): CodeIgniter\CodeIgniter->startController()
 6 SYSTEMPATH\CodeIgniter.php(351): CodeIgniter\CodeIgniter->handleRequest(null, Object(Config\Cache), false)
 7 FCPATH\index.php(67): CodeIgniter\CodeIgniter->run()
CRITICAL - 2022-12-23 10:33:59 --> syntax error, unexpected token "public"
in APPPATH\Controllers\apiController.php on line 138.
 1 SYSTEMPATH\Autoloader\Autoloader.php(259): CodeIgniter\Autoloader\Autoloader->includeFile('APPPATH\\Controllers\\apiController.php')
 2 SYSTEMPATH\Autoloader\Autoloader.php(237): CodeIgniter\Autoloader\Autoloader->loadInNamespace('App\\Controllers\\apiController')
 3 [internal function]: CodeIgniter\Autoloader\Autoloader->loadClass('App\\Controllers\\apiController')
 4 SYSTEMPATH\CodeIgniter.php(877): class_exists('\\App\\Controllers\\apiController', true)
 5 SYSTEMPATH\CodeIgniter.php(469): CodeIgniter\CodeIgniter->startController()
 6 SYSTEMPATH\CodeIgniter.php(351): CodeIgniter\CodeIgniter->handleRequest(null, Object(Config\Cache), false)
 7 FCPATH\index.php(67): CodeIgniter\CodeIgniter->run()
CRITICAL - 2022-12-23 10:34:28 --> syntax error, unexpected token "public"
in APPPATH\Controllers\apiController.php on line 138.
 1 SYSTEMPATH\Autoloader\Autoloader.php(259): CodeIgniter\Autoloader\Autoloader->includeFile('APPPATH\\Controllers\\apiController.php')
 2 SYSTEMPATH\Autoloader\Autoloader.php(237): CodeIgniter\Autoloader\Autoloader->loadInNamespace('App\\Controllers\\apiController')
 3 [internal function]: CodeIgniter\Autoloader\Autoloader->loadClass('App\\Controllers\\apiController')
 4 SYSTEMPATH\CodeIgniter.php(877): class_exists('\\App\\Controllers\\apiController', true)
 5 SYSTEMPATH\CodeIgniter.php(469): CodeIgniter\CodeIgniter->startController()
 6 SYSTEMPATH\CodeIgniter.php(351): CodeIgniter\CodeIgniter->handleRequest(null, Object(Config\Cache), false)
 7 FCPATH\index.php(67): CodeIgniter\CodeIgniter->run()
CRITICAL - 2022-12-23 10:36:17 --> syntax error, unexpected token "public"
in APPPATH\Controllers\apiController.php on line 135.
 1 SYSTEMPATH\Autoloader\Autoloader.php(259): CodeIgniter\Autoloader\Autoloader->includeFile('APPPATH\\Controllers\\apiController.php')
 2 SYSTEMPATH\Autoloader\Autoloader.php(237): CodeIgniter\Autoloader\Autoloader->loadInNamespace('App\\Controllers\\apiController')
 3 [internal function]: CodeIgniter\Autoloader\Autoloader->loadClass('App\\Controllers\\apiController')
 4 SYSTEMPATH\CodeIgniter.php(877): class_exists('\\App\\Controllers\\apiController', true)
 5 SYSTEMPATH\CodeIgniter.php(469): CodeIgniter\CodeIgniter->startController()
 6 SYSTEMPATH\CodeIgniter.php(351): CodeIgniter\CodeIgniter->handleRequest(null, Object(Config\Cache), false)
 7 FCPATH\index.php(67): CodeIgniter\CodeIgniter->run()
CRITICAL - 2022-12-23 10:39:45 --> syntax error, unexpected token "=>", expecting ")"
in APPPATH\Controllers\apiController.php on line 91.
 1 SYSTEMPATH\Autoloader\Autoloader.php(259): CodeIgniter\Autoloader\Autoloader->includeFile('APPPATH\\Controllers\\apiController.php')
 2 SYSTEMPATH\Autoloader\Autoloader.php(237): CodeIgniter\Autoloader\Autoloader->loadInNamespace('App\\Controllers\\apiController')
 3 [internal function]: CodeIgniter\Autoloader\Autoloader->loadClass('App\\Controllers\\apiController')
 4 SYSTEMPATH\CodeIgniter.php(877): class_exists('\\App\\Controllers\\apiController', true)
 5 SYSTEMPATH\CodeIgniter.php(469): CodeIgniter\CodeIgniter->startController()
 6 SYSTEMPATH\CodeIgniter.php(351): CodeIgniter\CodeIgniter->handleRequest(null, Object(Config\Cache), false)
 7 FCPATH\index.php(67): CodeIgniter\CodeIgniter->run()
CRITICAL - 2022-12-23 11:28:23 --> Undefined array key "device_id"
in APPPATH\Controllers\apiController.php on line 53.
 1 APPPATH\Controllers\apiController.php(53): CodeIgniter\Debug\Exceptions->errorHandler(2, 'Undefined array key "device_id"', 'APPPATH\\Controllers\\apiController.php', 53)
 2 SYSTEMPATH\CodeIgniter.php(927): App\Controllers\apiController->userRegister()
 3 SYSTEMPATH\CodeIgniter.php(482): CodeIgniter\CodeIgniter->runController(Object(App\Controllers\apiController))
 4 SYSTEMPATH\CodeIgniter.php(351): CodeIgniter\CodeIgniter->handleRequest(null, Object(Config\Cache), false)
 5 FCPATH\index.php(67): CodeIgniter\CodeIgniter->run()
CRITICAL - 2022-12-23 11:51:52 --> Undefined variable $resp
in APPPATH\Controllers\apiController.php on line 132.
 1 APPPATH\Controllers\apiController.php(132): CodeIgniter\Debug\Exceptions->errorHandler(2, 'Undefined variable $resp', 'APPPATH\\Controllers\\apiController.php', 132)
 2 SYSTEMPATH\CodeIgniter.php(927): App\Controllers\apiController->userRegister()
 3 SYSTEMPATH\CodeIgniter.php(482): CodeIgniter\CodeIgniter->runController(Object(App\Controllers\apiController))
 4 SYSTEMPATH\CodeIgniter.php(351): CodeIgniter\CodeIgniter->handleRequest(null, Object(Config\Cache), false)
 5 FCPATH\index.php(67): CodeIgniter\CodeIgniter->run()
CRITICAL - 2022-12-23 12:12:55 --> Undefined array key "mobile"
in APPPATH\Controllers\apiController.php on line 173.
 1 APPPATH\Controllers\apiController.php(173): CodeIgniter\Debug\Exceptions->errorHandler(2, 'Undefined array key "mobile"', 'APPPATH\\Controllers\\apiController.php', 173)
 2 SYSTEMPATH\CodeIgniter.php(927): App\Controllers\apiController->userPlan()
 3 SYSTEMPATH\CodeIgniter.php(482): CodeIgniter\CodeIgniter->runController(Object(App\Controllers\apiController))
 4 SYSTEMPATH\CodeIgniter.php(351): CodeIgniter\CodeIgniter->handleRequest(null, Object(Config\Cache), false)
 5 FCPATH\index.php(67): CodeIgniter\CodeIgniter->run()
CRITICAL - 2022-12-23 12:14:09 --> Undefined array key "mobile"
in APPPATH\Controllers\apiController.php on line 173.
 1 APPPATH\Controllers\apiController.php(173): CodeIgniter\Debug\Exceptions->errorHandler(2, 'Undefined array key "mobile"', 'APPPATH\\Controllers\\apiController.php', 173)
 2 SYSTEMPATH\CodeIgniter.php(927): App\Controllers\apiController->userPlan()
 3 SYSTEMPATH\CodeIgniter.php(482): CodeIgniter\CodeIgniter->runController(Object(App\Controllers\apiController))
 4 SYSTEMPATH\CodeIgniter.php(351): CodeIgniter\CodeIgniter->handleRequest(null, Object(Config\Cache), false)
 5 FCPATH\index.php(67): CodeIgniter\CodeIgniter->run()
CRITICAL - 2022-12-23 12:14:12 --> Undefined array key "mobile"
in APPPATH\Controllers\apiController.php on line 173.
 1 APPPATH\Controllers\apiController.php(173): CodeIgniter\Debug\Exceptions->errorHandler(2, 'Undefined array key "mobile"', 'APPPATH\\Controllers\\apiController.php', 173)
 2 SYSTEMPATH\CodeIgniter.php(927): App\Controllers\apiController->userPlan()
 3 SYSTEMPATH\CodeIgniter.php(482): CodeIgniter\CodeIgniter->runController(Object(App\Controllers\apiController))
 4 SYSTEMPATH\CodeIgniter.php(351): CodeIgniter\CodeIgniter->handleRequest(null, Object(Config\Cache), false)
 5 FCPATH\index.php(67): CodeIgniter\CodeIgniter->run()
CRITICAL - 2022-12-23 12:14:15 --> Undefined array key "mobile"
in APPPATH\Controllers\apiController.php on line 173.
 1 APPPATH\Controllers\apiController.php(173): CodeIgniter\Debug\Exceptions->errorHandler(2, 'Undefined array key "mobile"', 'APPPATH\\Controllers\\apiController.php', 173)
 2 SYSTEMPATH\CodeIgniter.php(927): App\Controllers\apiController->userPlan()
 3 SYSTEMPATH\CodeIgniter.php(482): CodeIgniter\CodeIgniter->runController(Object(App\Controllers\apiController))
 4 SYSTEMPATH\CodeIgniter.php(351): CodeIgniter\CodeIgniter->handleRequest(null, Object(Config\Cache), false)
 5 FCPATH\index.php(67): CodeIgniter\CodeIgniter->run()
CRITICAL - 2022-12-23 12:15:37 --> Undefined array key "mobile"
in APPPATH\Controllers\apiController.php on line 173.
 1 APPPATH\Controllers\apiController.php(173): CodeIgniter\Debug\Exceptions->errorHandler(2, 'Undefined array key "mobile"', 'APPPATH\\Controllers\\apiController.php', 173)
 2 SYSTEMPATH\CodeIgniter.php(927): App\Controllers\apiController->userPlan()
 3 SYSTEMPATH\CodeIgniter.php(482): CodeIgniter\CodeIgniter->runController(Object(App\Controllers\apiController))
 4 SYSTEMPATH\CodeIgniter.php(351): CodeIgniter\CodeIgniter->handleRequest(null, Object(Config\Cache), false)
 5 FCPATH\index.php(67): CodeIgniter\CodeIgniter->run()
CRITICAL - 2022-12-23 12:15:54 --> Undefined array key "mobile"
in APPPATH\Controllers\apiController.php on line 173.
 1 APPPATH\Controllers\apiController.php(173): CodeIgniter\Debug\Exceptions->errorHandler(2, 'Undefined array key "mobile"', 'APPPATH\\Controllers\\apiController.php', 173)
 2 SYSTEMPATH\CodeIgniter.php(927): App\Controllers\apiController->userPlan()
 3 SYSTEMPATH\CodeIgniter.php(482): CodeIgniter\CodeIgniter->runController(Object(App\Controllers\apiController))
 4 SYSTEMPATH\CodeIgniter.php(351): CodeIgniter\CodeIgniter->handleRequest(null, Object(Config\Cache), false)
 5 FCPATH\index.php(67): CodeIgniter\CodeIgniter->run()
CRITICAL - 2022-12-23 12:18:20 --> Undefined array key "mobile"
in APPPATH\Controllers\apiController.php on line 173.
 1 APPPATH\Controllers\apiController.php(173): CodeIgniter\Debug\Exceptions->errorHandler(2, 'Undefined array key "mobile"', 'APPPATH\\Controllers\\apiController.php', 173)
 2 SYSTEMPATH\CodeIgniter.php(927): App\Controllers\apiController->userPlan()
 3 SYSTEMPATH\CodeIgniter.php(482): CodeIgniter\CodeIgniter->runController(Object(App\Controllers\apiController))
 4 SYSTEMPATH\CodeIgniter.php(351): CodeIgniter\CodeIgniter->handleRequest(null, Object(Config\Cache), false)
 5 FCPATH\index.php(67): CodeIgniter\CodeIgniter->run()
CRITICAL - 2022-12-23 12:20:58 --> Undefined array key "planname"
in APPPATH\Controllers\apiController.php on line 174.
 1 APPPATH\Controllers\apiController.php(174): CodeIgniter\Debug\Exceptions->errorHandler(2, 'Undefined array key "planname"', 'APPPATH\\Controllers\\apiController.php', 174)
 2 SYSTEMPATH\CodeIgniter.php(927): App\Controllers\apiController->userPlan()
 3 SYSTEMPATH\CodeIgniter.php(482): CodeIgniter\CodeIgniter->runController(Object(App\Controllers\apiController))
 4 SYSTEMPATH\CodeIgniter.php(351): CodeIgniter\CodeIgniter->handleRequest(null, Object(Config\Cache), false)
 5 FCPATH\index.php(67): CodeIgniter\CodeIgniter->run()
CRITICAL - 2022-12-23 12:21:09 --> Attempt to read property "id" on array
in APPPATH\Controllers\apiController.php on line 188.
 1 APPPATH\Controllers\apiController.php(188): CodeIgniter\Debug\Exceptions->errorHandler(2, 'Attempt to read property "id" on array', 'APPPATH\\Controllers\\apiController.php', 188)
 2 SYSTEMPATH\CodeIgniter.php(927): App\Controllers\apiController->userPlan()
 3 SYSTEMPATH\CodeIgniter.php(482): CodeIgniter\CodeIgniter->runController(Object(App\Controllers\apiController))
 4 SYSTEMPATH\CodeIgniter.php(351): CodeIgniter\CodeIgniter->handleRequest(null, Object(Config\Cache), false)
 5 FCPATH\index.php(67): CodeIgniter\CodeIgniter->run()
CRITICAL - 2022-12-23 12:22:23 --> Attempt to read property "id" on array
in APPPATH\Controllers\apiController.php on line 318.
 1 APPPATH\Controllers\apiController.php(318): CodeIgniter\Debug\Exceptions->errorHandler(2, 'Attempt to read property "id" on array', 'APPPATH\\Controllers\\apiController.php', 318)
 2 SYSTEMPATH\CodeIgniter.php(927): App\Controllers\apiController->userPlanVerify()
 3 SYSTEMPATH\CodeIgniter.php(482): CodeIgniter\CodeIgniter->runController(Object(App\Controllers\apiController))
 4 SYSTEMPATH\CodeIgniter.php(351): CodeIgniter\CodeIgniter->handleRequest(null, Object(Config\Cache), false)
 5 FCPATH\index.php(67): CodeIgniter\CodeIgniter->run()
CRITICAL - 2022-12-23 12:22:25 --> Attempt to read property "id" on array
in APPPATH\Controllers\apiController.php on line 318.
 1 APPPATH\Controllers\apiController.php(318): CodeIgniter\Debug\Exceptions->errorHandler(2, 'Attempt to read property "id" on array', 'APPPATH\\Controllers\\apiController.php', 318)
 2 SYSTEMPATH\CodeIgniter.php(927): App\Controllers\apiController->userPlanVerify()
 3 SYSTEMPATH\CodeIgniter.php(482): CodeIgniter\CodeIgniter->runController(Object(App\Controllers\apiController))
 4 SYSTEMPATH\CodeIgniter.php(351): CodeIgniter\CodeIgniter->handleRequest(null, Object(Config\Cache), false)
 5 FCPATH\index.php(67): CodeIgniter\CodeIgniter->run()
CRITICAL - 2022-12-23 12:22:31 --> Attempt to read property "id" on array
in APPPATH\Controllers\apiController.php on line 318.
 1 APPPATH\Controllers\apiController.php(318): CodeIgniter\Debug\Exceptions->errorHandler(2, 'Attempt to read property "id" on array', 'APPPATH\\Controllers\\apiController.php', 318)
 2 SYSTEMPATH\CodeIgniter.php(927): App\Controllers\apiController->userPlanVerify()
 3 SYSTEMPATH\CodeIgniter.php(482): CodeIgniter\CodeIgniter->runController(Object(App\Controllers\apiController))
 4 SYSTEMPATH\CodeIgniter.php(351): CodeIgniter\CodeIgniter->handleRequest(null, Object(Config\Cache), false)
 5 FCPATH\index.php(67): CodeIgniter\CodeIgniter->run()
CRITICAL - 2022-12-23 12:23:33 --> Attempt to read property "id" on array
in APPPATH\Controllers\apiController.php on line 318.
 1 APPPATH\Controllers\apiController.php(318): CodeIgniter\Debug\Exceptions->errorHandler(2, 'Attempt to read property "id" on array', 'APPPATH\\Controllers\\apiController.php', 318)
 2 SYSTEMPATH\CodeIgniter.php(927): App\Controllers\apiController->userPlanVerify()
 3 SYSTEMPATH\CodeIgniter.php(482): CodeIgniter\CodeIgniter->runController(Object(App\Controllers\apiController))
 4 SYSTEMPATH\CodeIgniter.php(351): CodeIgniter\CodeIgniter->handleRequest(null, Object(Config\Cache), false)
 5 FCPATH\index.php(67): CodeIgniter\CodeIgniter->run()
CRITICAL - 2022-12-23 12:24:03 --> Attempt to read property "id" on array
in APPPATH\Controllers\apiController.php on line 318.
 1 APPPATH\Controllers\apiController.php(318): CodeIgniter\Debug\Exceptions->errorHandler(2, 'Attempt to read property "id" on array', 'APPPATH\\Controllers\\apiController.php', 318)
 2 SYSTEMPATH\CodeIgniter.php(927): App\Controllers\apiController->userPlanVerify()
 3 SYSTEMPATH\CodeIgniter.php(482): CodeIgniter\CodeIgniter->runController(Object(App\Controllers\apiController))
 4 SYSTEMPATH\CodeIgniter.php(351): CodeIgniter\CodeIgniter->handleRequest(null, Object(Config\Cache), false)
 5 FCPATH\index.php(67): CodeIgniter\CodeIgniter->run()
CRITICAL - 2022-12-23 12:26:24 --> Attempt to read property "id" on array
in APPPATH\Controllers\apiController.php on line 318.
 1 APPPATH\Controllers\apiController.php(318): CodeIgniter\Debug\Exceptions->errorHandler(2, 'Attempt to read property "id" on array', 'APPPATH\\Controllers\\apiController.php', 318)
 2 SYSTEMPATH\CodeIgniter.php(927): App\Controllers\apiController->userPlanVerify()
 3 SYSTEMPATH\CodeIgniter.php(482): CodeIgniter\CodeIgniter->runController(Object(App\Controllers\apiController))
 4 SYSTEMPATH\CodeIgniter.php(351): CodeIgniter\CodeIgniter->handleRequest(null, Object(Config\Cache), false)
 5 FCPATH\index.php(67): CodeIgniter\CodeIgniter->run()
CRITICAL - 2022-12-23 12:27:17 --> Attempt to read property "id" on array
in APPPATH\Controllers\apiController.php on line 188.
 1 APPPATH\Controllers\apiController.php(188): CodeIgniter\Debug\Exceptions->errorHandler(2, 'Attempt to read property "id" on array', 'APPPATH\\Controllers\\apiController.php', 188)
 2 SYSTEMPATH\CodeIgniter.php(927): App\Controllers\apiController->userPlan()
 3 SYSTEMPATH\CodeIgniter.php(482): CodeIgniter\CodeIgniter->runController(Object(App\Controllers\apiController))
 4 SYSTEMPATH\CodeIgniter.php(351): CodeIgniter\CodeIgniter->handleRequest(null, Object(Config\Cache), false)
 5 FCPATH\index.php(67): CodeIgniter\CodeIgniter->run()
CRITICAL - 2022-12-23 12:29:35 --> Attempt to read property "id" on array
in APPPATH\Controllers\apiController.php on line 189.
 1 APPPATH\Controllers\apiController.php(189): CodeIgniter\Debug\Exceptions->errorHandler(2, 'Attempt to read property "id" on array', 'APPPATH\\Controllers\\apiController.php', 189)
 2 SYSTEMPATH\CodeIgniter.php(927): App\Controllers\apiController->userPlan()
 3 SYSTEMPATH\CodeIgniter.php(482): CodeIgniter\CodeIgniter->runController(Object(App\Controllers\apiController))
 4 SYSTEMPATH\CodeIgniter.php(351): CodeIgniter\CodeIgniter->handleRequest(null, Object(Config\Cache), false)
 5 FCPATH\index.php(67): CodeIgniter\CodeIgniter->run()
CRITICAL - 2022-12-23 12:29:57 --> Attempt to read property "id" on array
in APPPATH\Controllers\apiController.php on line 189.
 1 APPPATH\Controllers\apiController.php(189): CodeIgniter\Debug\Exceptions->errorHandler(2, 'Attempt to read property "id" on array', 'APPPATH\\Controllers\\apiController.php', 189)
 2 SYSTEMPATH\CodeIgniter.php(927): App\Controllers\apiController->userPlan()
 3 SYSTEMPATH\CodeIgniter.php(482): CodeIgniter\CodeIgniter->runController(Object(App\Controllers\apiController))
 4 SYSTEMPATH\CodeIgniter.php(351): CodeIgniter\CodeIgniter->handleRequest(null, Object(Config\Cache), false)
 5 FCPATH\index.php(67): CodeIgniter\CodeIgniter->run()
CRITICAL - 2022-12-23 12:30:25 --> Attempt to read property "id" on array
in APPPATH\Controllers\apiController.php on line 187.
 1 APPPATH\Controllers\apiController.php(187): CodeIgniter\Debug\Exceptions->errorHandler(2, 'Attempt to read property "id" on array', 'APPPATH\\Controllers\\apiController.php', 187)
 2 SYSTEMPATH\CodeIgniter.php(927): App\Controllers\apiController->userPlan()
 3 SYSTEMPATH\CodeIgniter.php(482): CodeIgniter\CodeIgniter->runController(Object(App\Controllers\apiController))
 4 SYSTEMPATH\CodeIgniter.php(351): CodeIgniter\CodeIgniter->handleRequest(null, Object(Config\Cache), false)
 5 FCPATH\index.php(67): CodeIgniter\CodeIgniter->run()
CRITICAL - 2022-12-23 12:30:42 --> Attempt to read property "id" on array
in APPPATH\Controllers\apiController.php on line 189.
 1 APPPATH\Controllers\apiController.php(189): CodeIgniter\Debug\Exceptions->errorHandler(2, 'Attempt to read property "id" on array', 'APPPATH\\Controllers\\apiController.php', 189)
 2 SYSTEMPATH\CodeIgniter.php(927): App\Controllers\apiController->userPlan()
 3 SYSTEMPATH\CodeIgniter.php(482): CodeIgniter\CodeIgniter->runController(Object(App\Controllers\apiController))
 4 SYSTEMPATH\CodeIgniter.php(351): CodeIgniter\CodeIgniter->handleRequest(null, Object(Config\Cache), false)
 5 FCPATH\index.php(67): CodeIgniter\CodeIgniter->run()
CRITICAL - 2022-12-23 12:31:32 --> Attempt to read property "id" on array
in APPPATH\Controllers\apiController.php on line 209.
 1 APPPATH\Controllers\apiController.php(209): CodeIgniter\Debug\Exceptions->errorHandler(2, 'Attempt to read property "id" on array', 'APPPATH\\Controllers\\apiController.php', 209)
 2 SYSTEMPATH\CodeIgniter.php(927): App\Controllers\apiController->userPlan()
 3 SYSTEMPATH\CodeIgniter.php(482): CodeIgniter\CodeIgniter->runController(Object(App\Controllers\apiController))
 4 SYSTEMPATH\CodeIgniter.php(351): CodeIgniter\CodeIgniter->handleRequest(null, Object(Config\Cache), false)
 5 FCPATH\index.php(67): CodeIgniter\CodeIgniter->run()
CRITICAL - 2022-12-23 12:31:34 --> Attempt to read property "id" on array
in APPPATH\Controllers\apiController.php on line 209.
 1 APPPATH\Controllers\apiController.php(209): CodeIgniter\Debug\Exceptions->errorHandler(2, 'Attempt to read property "id" on array', 'APPPATH\\Controllers\\apiController.php', 209)
 2 SYSTEMPATH\CodeIgniter.php(927): App\Controllers\apiController->userPlan()
 3 SYSTEMPATH\CodeIgniter.php(482): CodeIgniter\CodeIgniter->runController(Object(App\Controllers\apiController))
 4 SYSTEMPATH\CodeIgniter.php(351): CodeIgniter\CodeIgniter->handleRequest(null, Object(Config\Cache), false)
 5 FCPATH\index.php(67): CodeIgniter\CodeIgniter->run()
CRITICAL - 2022-12-23 12:33:26 --> Attempt to read property "id" on array
in APPPATH\Controllers\apiController.php on line 209.
 1 APPPATH\Controllers\apiController.php(209): CodeIgniter\Debug\Exceptions->errorHandler(2, 'Attempt to read property "id" on array', 'APPPATH\\Controllers\\apiController.php', 209)
 2 SYSTEMPATH\CodeIgniter.php(927): App\Controllers\apiController->userPlan()
 3 SYSTEMPATH\CodeIgniter.php(482): CodeIgniter\CodeIgniter->runController(Object(App\Controllers\apiController))
 4 SYSTEMPATH\CodeIgniter.php(351): CodeIgniter\CodeIgniter->handleRequest(null, Object(Config\Cache), false)
 5 FCPATH\index.php(67): CodeIgniter\CodeIgniter->run()
CRITICAL - 2022-12-23 12:35:03 --> Undefined variable $0
in APPPATH\Controllers\apiController.php on line 216.
 1 APPPATH\Controllers\apiController.php(216): CodeIgniter\Debug\Exceptions->errorHandler(2, 'Undefined variable $0', 'APPPATH\\Controllers\\apiController.php', 216)
 2 SYSTEMPATH\CodeIgniter.php(927): App\Controllers\apiController->userPlan()
 3 SYSTEMPATH\CodeIgniter.php(482): CodeIgniter\CodeIgniter->runController(Object(App\Controllers\apiController))
 4 SYSTEMPATH\CodeIgniter.php(351): CodeIgniter\CodeIgniter->handleRequest(null, Object(Config\Cache), false)
 5 FCPATH\index.php(67): CodeIgniter\CodeIgniter->run()
CRITICAL - 2022-12-23 12:38:40 --> Attempt to read property "id" on array
in APPPATH\Controllers\apiController.php on line 222.
 1 APPPATH\Controllers\apiController.php(222): CodeIgniter\Debug\Exceptions->errorHandler(2, 'Attempt to read property "id" on array', 'APPPATH\\Controllers\\apiController.php', 222)
 2 SYSTEMPATH\CodeIgniter.php(927): App\Controllers\apiController->userPlan()
 3 SYSTEMPATH\CodeIgniter.php(482): CodeIgniter\CodeIgniter->runController(Object(App\Controllers\apiController))
 4 SYSTEMPATH\CodeIgniter.php(351): CodeIgniter\CodeIgniter->handleRequest(null, Object(Config\Cache), false)
 5 FCPATH\index.php(67): CodeIgniter\CodeIgniter->run()
CRITICAL - 2022-12-23 12:38:47 --> Attempt to read property "id" on array
in APPPATH\Controllers\apiController.php on line 222.
 1 APPPATH\Controllers\apiController.php(222): CodeIgniter\Debug\Exceptions->errorHandler(2, 'Attempt to read property "id" on array', 'APPPATH\\Controllers\\apiController.php', 222)
 2 SYSTEMPATH\CodeIgniter.php(927): App\Controllers\apiController->userPlan()
 3 SYSTEMPATH\CodeIgniter.php(482): CodeIgniter\CodeIgniter->runController(Object(App\Controllers\apiController))
 4 SYSTEMPATH\CodeIgniter.php(351): CodeIgniter\CodeIgniter->handleRequest(null, Object(Config\Cache), false)
 5 FCPATH\index.php(67): CodeIgniter\CodeIgniter->run()
