ERROR - 2022-12-21 00:10:55 --> mysqli_sql_exception: Table 'dataserach.admintbl' doesn't exist in /opt/lampp/htdocs/data-search/system/Database/MySQLi/Connection.php:292
Stack trace:
#0 /opt/lampp/htdocs/data-search/system/Database/MySQLi/Connection.php(292): mysqli->query('SELECT *\nFROM `...', 0)
#1 /opt/lampp/htdocs/data-search/system/Database/BaseConnection.php(666): CodeIgniter\Database\MySQLi\Connection->execute('SELECT *\nFROM `...')
#2 /opt/lampp/htdocs/data-search/system/Database/BaseConnection.php(593): CodeIgniter\Database\BaseConnection->simpleQuery('SELECT *\nFROM `...')
#3 /opt/lampp/htdocs/data-search/system/Database/BaseBuilder.php(1585): CodeIgniter\Database\BaseConnection->query('SELECT *\nFROM `...', Array, false)
#4 /opt/lampp/htdocs/data-search/app/Controllers/ccdController.php(55): CodeIgniter\Database\BaseBuilder->get()
#5 /opt/lampp/htdocs/data-search/system/CodeIgniter.php(927): App\Controllers\ccdController->loginck()
#6 /opt/lampp/htdocs/data-search/system/CodeIgniter.php(482): CodeIgniter\CodeIgniter->runController(Object(App\Controllers\ccdController))
#7 /opt/lampp/htdocs/data-search/system/CodeIgniter.php(351): CodeIgniter\CodeIgniter->handleRequest(NULL, Object(Config\Cache), false)
#8 /opt/lampp/htdocs/data-search/index.php(67): CodeIgniter\CodeIgniter->run()
#9 {main}
CRITICAL - 2022-12-21 00:10:55 --> Table 'dataserach.admintbl' doesn't exist
in SYSTEMPATH/Database/MySQLi/Connection.php on line 292.
 1 SYSTEMPATH/Database/MySQLi/Connection.php(292): mysqli->query('SELECT *
FROM `admintbl`
WHERE `username` = \'superAdmin\'
AND `password` = \'95c6fbad2228a2e0ed8cb112d9fdb067\'', 0)
 2 SYSTEMPATH/Database/BaseConnection.php(666): CodeIgniter\Database\MySQLi\Connection->execute('SELECT *
FROM `admintbl`
WHERE `username` = \'superAdmin\'
AND `password` = \'95c6fbad2228a2e0ed8cb112d9fdb067\'')
 3 SYSTEMPATH/Database/BaseConnection.php(593): CodeIgniter\Database\BaseConnection->simpleQuery('SELECT *
FROM `admintbl`
WHERE `username` = \'superAdmin\'
AND `password` = \'95c6fbad2228a2e0ed8cb112d9fdb067\'')
 4 SYSTEMPATH/Database/BaseBuilder.php(1585): CodeIgniter\Database\BaseConnection->query('SELECT *
FROM `admintbl`
WHERE `username` = :username:
AND `password` = :password:', [...], false)
 5 APPPATH/Controllers/ccdController.php(55): CodeIgniter\Database\BaseBuilder->get()
 6 SYSTEMPATH/CodeIgniter.php(927): App\Controllers\ccdController->loginck()
 7 SYSTEMPATH/CodeIgniter.php(482): CodeIgniter\CodeIgniter->runController(Object(App\Controllers\ccdController))
 8 SYSTEMPATH/CodeIgniter.php(351): CodeIgniter\CodeIgniter->handleRequest(null, Object(Config\Cache), false)
 9 FCPATH/index.php(67): CodeIgniter\CodeIgniter->run()
ERROR - 2022-12-21 01:17:17 --> mysqli_sql_exception: Table 'dataserach.admintbl' doesn't exist in /opt/lampp/htdocs/data-search/system/Database/MySQLi/Connection.php:292
Stack trace:
#0 /opt/lampp/htdocs/data-search/system/Database/MySQLi/Connection.php(292): mysqli->query('SELECT *\nFROM `...', 0)
#1 /opt/lampp/htdocs/data-search/system/Database/BaseConnection.php(666): CodeIgniter\Database\MySQLi\Connection->execute('SELECT *\nFROM `...')
#2 /opt/lampp/htdocs/data-search/system/Database/BaseConnection.php(593): CodeIgniter\Database\BaseConnection->simpleQuery('SELECT *\nFROM `...')
#3 /opt/lampp/htdocs/data-search/system/Database/BaseBuilder.php(1585): CodeIgniter\Database\BaseConnection->query('SELECT *\nFROM `...', Array, false)
#4 /opt/lampp/htdocs/data-search/app/Controllers/ccdController.php(55): CodeIgniter\Database\BaseBuilder->get()
#5 /opt/lampp/htdocs/data-search/system/CodeIgniter.php(927): App\Controllers\ccdController->loginck()
#6 /opt/lampp/htdocs/data-search/system/CodeIgniter.php(482): CodeIgniter\CodeIgniter->runController(Object(App\Controllers\ccdController))
#7 /opt/lampp/htdocs/data-search/system/CodeIgniter.php(351): CodeIgniter\CodeIgniter->handleRequest(NULL, Object(Config\Cache), false)
#8 /opt/lampp/htdocs/data-search/index.php(67): CodeIgniter\CodeIgniter->run()
#9 {main}
CRITICAL - 2022-12-21 01:17:17 --> Table 'dataserach.admintbl' doesn't exist
in SYSTEMPATH/Database/MySQLi/Connection.php on line 292.
 1 SYSTEMPATH/Database/MySQLi/Connection.php(292): mysqli->query('SELECT *
FROM `admintbl`
WHERE `username` = \'superAdmin\'
AND `password` = \'95c6fbad2228a2e0ed8cb112d9fdb067\'', 0)
 2 SYSTEMPATH/Database/BaseConnection.php(666): CodeIgniter\Database\MySQLi\Connection->execute('SELECT *
FROM `admintbl`
WHERE `username` = \'superAdmin\'
AND `password` = \'95c6fbad2228a2e0ed8cb112d9fdb067\'')
 3 SYSTEMPATH/Database/BaseConnection.php(593): CodeIgniter\Database\BaseConnection->simpleQuery('SELECT *
FROM `admintbl`
WHERE `username` = \'superAdmin\'
AND `password` = \'95c6fbad2228a2e0ed8cb112d9fdb067\'')
 4 SYSTEMPATH/Database/BaseBuilder.php(1585): CodeIgniter\Database\BaseConnection->query('SELECT *
FROM `admintbl`
WHERE `username` = :username:
AND `password` = :password:', [...], false)
 5 APPPATH/Controllers/ccdController.php(55): CodeIgniter\Database\BaseBuilder->get()
 6 SYSTEMPATH/CodeIgniter.php(927): App\Controllers\ccdController->loginck()
 7 SYSTEMPATH/CodeIgniter.php(482): CodeIgniter\CodeIgniter->runController(Object(App\Controllers\ccdController))
 8 SYSTEMPATH/CodeIgniter.php(351): CodeIgniter\CodeIgniter->handleRequest(null, Object(Config\Cache), false)
 9 FCPATH/index.php(67): CodeIgniter\CodeIgniter->run()
ERROR - 2022-12-21 01:17:47 --> mysqli_sql_exception: Table 'dataserach.admintbl' doesn't exist in /opt/lampp/htdocs/data-search/system/Database/MySQLi/Connection.php:292
Stack trace:
#0 /opt/lampp/htdocs/data-search/system/Database/MySQLi/Connection.php(292): mysqli->query('SELECT *\nFROM `...', 0)
#1 /opt/lampp/htdocs/data-search/system/Database/BaseConnection.php(666): CodeIgniter\Database\MySQLi\Connection->execute('SELECT *\nFROM `...')
#2 /opt/lampp/htdocs/data-search/system/Database/BaseConnection.php(593): CodeIgniter\Database\BaseConnection->simpleQuery('SELECT *\nFROM `...')
#3 /opt/lampp/htdocs/data-search/system/Database/BaseBuilder.php(1585): CodeIgniter\Database\BaseConnection->query('SELECT *\nFROM `...', Array, false)
#4 /opt/lampp/htdocs/data-search/app/Controllers/ccdController.php(55): CodeIgniter\Database\BaseBuilder->get()
#5 /opt/lampp/htdocs/data-search/system/CodeIgniter.php(927): App\Controllers\ccdController->loginck()
#6 /opt/lampp/htdocs/data-search/system/CodeIgniter.php(482): CodeIgniter\CodeIgniter->runController(Object(App\Controllers\ccdController))
#7 /opt/lampp/htdocs/data-search/system/CodeIgniter.php(351): CodeIgniter\CodeIgniter->handleRequest(NULL, Object(Config\Cache), false)
#8 /opt/lampp/htdocs/data-search/index.php(67): CodeIgniter\CodeIgniter->run()
#9 {main}
CRITICAL - 2022-12-21 01:17:47 --> Table 'dataserach.admintbl' doesn't exist
in SYSTEMPATH/Database/MySQLi/Connection.php on line 292.
 1 SYSTEMPATH/Database/MySQLi/Connection.php(292): mysqli->query('SELECT *
FROM `admintbl`
WHERE `username` = \'superAdmin\'
AND `password` = \'95c6fbad2228a2e0ed8cb112d9fdb067\'', 0)
 2 SYSTEMPATH/Database/BaseConnection.php(666): CodeIgniter\Database\MySQLi\Connection->execute('SELECT *
FROM `admintbl`
WHERE `username` = \'superAdmin\'
AND `password` = \'95c6fbad2228a2e0ed8cb112d9fdb067\'')
 3 SYSTEMPATH/Database/BaseConnection.php(593): CodeIgniter\Database\BaseConnection->simpleQuery('SELECT *
FROM `admintbl`
WHERE `username` = \'superAdmin\'
AND `password` = \'95c6fbad2228a2e0ed8cb112d9fdb067\'')
 4 SYSTEMPATH/Database/BaseBuilder.php(1585): CodeIgniter\Database\BaseConnection->query('SELECT *
FROM `admintbl`
WHERE `username` = :username:
AND `password` = :password:', [...], false)
 5 APPPATH/Controllers/ccdController.php(55): CodeIgniter\Database\BaseBuilder->get()
 6 SYSTEMPATH/CodeIgniter.php(927): App\Controllers\ccdController->loginck()
 7 SYSTEMPATH/CodeIgniter.php(482): CodeIgniter\CodeIgniter->runController(Object(App\Controllers\ccdController))
 8 SYSTEMPATH/CodeIgniter.php(351): CodeIgniter\CodeIgniter->handleRequest(null, Object(Config\Cache), false)
 9 FCPATH/index.php(67): CodeIgniter\CodeIgniter->run()
ERROR - 2022-12-21 01:17:52 --> mysqli_sql_exception: Table 'dataserach.admintbl' doesn't exist in /opt/lampp/htdocs/data-search/system/Database/MySQLi/Connection.php:292
Stack trace:
#0 /opt/lampp/htdocs/data-search/system/Database/MySQLi/Connection.php(292): mysqli->query('SELECT *\nFROM `...', 0)
#1 /opt/lampp/htdocs/data-search/system/Database/BaseConnection.php(666): CodeIgniter\Database\MySQLi\Connection->execute('SELECT *\nFROM `...')
#2 /opt/lampp/htdocs/data-search/system/Database/BaseConnection.php(593): CodeIgniter\Database\BaseConnection->simpleQuery('SELECT *\nFROM `...')
#3 /opt/lampp/htdocs/data-search/system/Database/BaseBuilder.php(1585): CodeIgniter\Database\BaseConnection->query('SELECT *\nFROM `...', Array, false)
#4 /opt/lampp/htdocs/data-search/app/Controllers/ccdController.php(55): CodeIgniter\Database\BaseBuilder->get()
#5 /opt/lampp/htdocs/data-search/system/CodeIgniter.php(927): App\Controllers\ccdController->loginck()
#6 /opt/lampp/htdocs/data-search/system/CodeIgniter.php(482): CodeIgniter\CodeIgniter->runController(Object(App\Controllers\ccdController))
#7 /opt/lampp/htdocs/data-search/system/CodeIgniter.php(351): CodeIgniter\CodeIgniter->handleRequest(NULL, Object(Config\Cache), false)
#8 /opt/lampp/htdocs/data-search/index.php(67): CodeIgniter\CodeIgniter->run()
#9 {main}
CRITICAL - 2022-12-21 01:17:52 --> Table 'dataserach.admintbl' doesn't exist
in SYSTEMPATH/Database/MySQLi/Connection.php on line 292.
 1 SYSTEMPATH/Database/MySQLi/Connection.php(292): mysqli->query('SELECT *
FROM `admintbl`
WHERE `username` = \'superAdmin\'
AND `password` = \'95c6fbad2228a2e0ed8cb112d9fdb067\'', 0)
 2 SYSTEMPATH/Database/BaseConnection.php(666): CodeIgniter\Database\MySQLi\Connection->execute('SELECT *
FROM `admintbl`
WHERE `username` = \'superAdmin\'
AND `password` = \'95c6fbad2228a2e0ed8cb112d9fdb067\'')
 3 SYSTEMPATH/Database/BaseConnection.php(593): CodeIgniter\Database\BaseConnection->simpleQuery('SELECT *
FROM `admintbl`
WHERE `username` = \'superAdmin\'
AND `password` = \'95c6fbad2228a2e0ed8cb112d9fdb067\'')
 4 SYSTEMPATH/Database/BaseBuilder.php(1585): CodeIgniter\Database\BaseConnection->query('SELECT *
FROM `admintbl`
WHERE `username` = :username:
AND `password` = :password:', [...], false)
 5 APPPATH/Controllers/ccdController.php(55): CodeIgniter\Database\BaseBuilder->get()
 6 SYSTEMPATH/CodeIgniter.php(927): App\Controllers\ccdController->loginck()
 7 SYSTEMPATH/CodeIgniter.php(482): CodeIgniter\CodeIgniter->runController(Object(App\Controllers\ccdController))
 8 SYSTEMPATH/CodeIgniter.php(351): CodeIgniter\CodeIgniter->handleRequest(null, Object(Config\Cache), false)
 9 FCPATH/index.php(67): CodeIgniter\CodeIgniter->run()
ERROR - 2022-12-21 01:18:06 --> mysqli_sql_exception: Table 'dataserach.admintbl' doesn't exist in /opt/lampp/htdocs/data-search/system/Database/MySQLi/Connection.php:292
Stack trace:
#0 /opt/lampp/htdocs/data-search/system/Database/MySQLi/Connection.php(292): mysqli->query('SELECT *\nFROM `...', 0)
#1 /opt/lampp/htdocs/data-search/system/Database/BaseConnection.php(666): CodeIgniter\Database\MySQLi\Connection->execute('SELECT *\nFROM `...')
#2 /opt/lampp/htdocs/data-search/system/Database/BaseConnection.php(593): CodeIgniter\Database\BaseConnection->simpleQuery('SELECT *\nFROM `...')
#3 /opt/lampp/htdocs/data-search/system/Database/BaseBuilder.php(1585): CodeIgniter\Database\BaseConnection->query('SELECT *\nFROM `...', Array, false)
#4 /opt/lampp/htdocs/data-search/app/Controllers/ccdController.php(55): CodeIgniter\Database\BaseBuilder->get()
#5 /opt/lampp/htdocs/data-search/system/CodeIgniter.php(927): App\Controllers\ccdController->loginck()
#6 /opt/lampp/htdocs/data-search/system/CodeIgniter.php(482): CodeIgniter\CodeIgniter->runController(Object(App\Controllers\ccdController))
#7 /opt/lampp/htdocs/data-search/system/CodeIgniter.php(351): CodeIgniter\CodeIgniter->handleRequest(NULL, Object(Config\Cache), false)
#8 /opt/lampp/htdocs/data-search/index.php(67): CodeIgniter\CodeIgniter->run()
#9 {main}
CRITICAL - 2022-12-21 01:18:06 --> Table 'dataserach.admintbl' doesn't exist
in SYSTEMPATH/Database/MySQLi/Connection.php on line 292.
 1 SYSTEMPATH/Database/MySQLi/Connection.php(292): mysqli->query('SELECT *
FROM `admintbl`
WHERE `username` = \'superAdmin\'
AND `password` = \'95c6fbad2228a2e0ed8cb112d9fdb067\'', 0)
 2 SYSTEMPATH/Database/BaseConnection.php(666): CodeIgniter\Database\MySQLi\Connection->execute('SELECT *
FROM `admintbl`
WHERE `username` = \'superAdmin\'
AND `password` = \'95c6fbad2228a2e0ed8cb112d9fdb067\'')
 3 SYSTEMPATH/Database/BaseConnection.php(593): CodeIgniter\Database\BaseConnection->simpleQuery('SELECT *
FROM `admintbl`
WHERE `username` = \'superAdmin\'
AND `password` = \'95c6fbad2228a2e0ed8cb112d9fdb067\'')
 4 SYSTEMPATH/Database/BaseBuilder.php(1585): CodeIgniter\Database\BaseConnection->query('SELECT *
FROM `admintbl`
WHERE `username` = :username:
AND `password` = :password:', [...], false)
 5 APPPATH/Controllers/ccdController.php(55): CodeIgniter\Database\BaseBuilder->get()
 6 SYSTEMPATH/CodeIgniter.php(927): App\Controllers\ccdController->loginck()
 7 SYSTEMPATH/CodeIgniter.php(482): CodeIgniter\CodeIgniter->runController(Object(App\Controllers\ccdController))
 8 SYSTEMPATH/CodeIgniter.php(351): CodeIgniter\CodeIgniter->handleRequest(null, Object(Config\Cache), false)
 9 FCPATH/index.php(67): CodeIgniter\CodeIgniter->run()
ERROR - 2022-12-21 01:19:24 --> mysqli_sql_exception: Table 'dataserach.admintbl' doesn't exist in /opt/lampp/htdocs/data-search/system/Database/MySQLi/Connection.php:292
Stack trace:
#0 /opt/lampp/htdocs/data-search/system/Database/MySQLi/Connection.php(292): mysqli->query('SELECT *\nFROM `...', 0)
#1 /opt/lampp/htdocs/data-search/system/Database/BaseConnection.php(666): CodeIgniter\Database\MySQLi\Connection->execute('SELECT *\nFROM `...')
#2 /opt/lampp/htdocs/data-search/system/Database/BaseConnection.php(593): CodeIgniter\Database\BaseConnection->simpleQuery('SELECT *\nFROM `...')
#3 /opt/lampp/htdocs/data-search/system/Database/BaseBuilder.php(1585): CodeIgniter\Database\BaseConnection->query('SELECT *\nFROM `...', Array, false)
#4 /opt/lampp/htdocs/data-search/app/Controllers/ccdController.php(55): CodeIgniter\Database\BaseBuilder->get()
#5 /opt/lampp/htdocs/data-search/system/CodeIgniter.php(927): App\Controllers\ccdController->loginck()
#6 /opt/lampp/htdocs/data-search/system/CodeIgniter.php(482): CodeIgniter\CodeIgniter->runController(Object(App\Controllers\ccdController))
#7 /opt/lampp/htdocs/data-search/system/CodeIgniter.php(351): CodeIgniter\CodeIgniter->handleRequest(NULL, Object(Config\Cache), false)
#8 /opt/lampp/htdocs/data-search/index.php(67): CodeIgniter\CodeIgniter->run()
#9 {main}
CRITICAL - 2022-12-21 01:19:24 --> Table 'dataserach.admintbl' doesn't exist
in SYSTEMPATH/Database/MySQLi/Connection.php on line 292.
 1 SYSTEMPATH/Database/MySQLi/Connection.php(292): mysqli->query('SELECT *
FROM `admintbl`
WHERE `username` = \'superAdmin\'
AND `password` = \'95c6fbad2228a2e0ed8cb112d9fdb067\'', 0)
 2 SYSTEMPATH/Database/BaseConnection.php(666): CodeIgniter\Database\MySQLi\Connection->execute('SELECT *
FROM `admintbl`
WHERE `username` = \'superAdmin\'
AND `password` = \'95c6fbad2228a2e0ed8cb112d9fdb067\'')
 3 SYSTEMPATH/Database/BaseConnection.php(593): CodeIgniter\Database\BaseConnection->simpleQuery('SELECT *
FROM `admintbl`
WHERE `username` = \'superAdmin\'
AND `password` = \'95c6fbad2228a2e0ed8cb112d9fdb067\'')
 4 SYSTEMPATH/Database/BaseBuilder.php(1585): CodeIgniter\Database\BaseConnection->query('SELECT *
FROM `admintbl`
WHERE `username` = :username:
AND `password` = :password:', [...], false)
 5 APPPATH/Controllers/ccdController.php(55): CodeIgniter\Database\BaseBuilder->get()
 6 SYSTEMPATH/CodeIgniter.php(927): App\Controllers\ccdController->loginck()
 7 SYSTEMPATH/CodeIgniter.php(482): CodeIgniter\CodeIgniter->runController(Object(App\Controllers\ccdController))
 8 SYSTEMPATH/CodeIgniter.php(351): CodeIgniter\CodeIgniter->handleRequest(null, Object(Config\Cache), false)
 9 FCPATH/index.php(67): CodeIgniter\CodeIgniter->run()
ERROR - 2022-12-21 01:27:10 --> mysqli_sql_exception: Table 'dataserach.admintbl' doesn't exist in /opt/lampp/htdocs/data-search/system/Database/MySQLi/Connection.php:292
Stack trace:
#0 /opt/lampp/htdocs/data-search/system/Database/MySQLi/Connection.php(292): mysqli->query('SELECT *\nFROM `...', 0)
#1 /opt/lampp/htdocs/data-search/system/Database/BaseConnection.php(666): CodeIgniter\Database\MySQLi\Connection->execute('SELECT *\nFROM `...')
#2 /opt/lampp/htdocs/data-search/system/Database/BaseConnection.php(593): CodeIgniter\Database\BaseConnection->simpleQuery('SELECT *\nFROM `...')
#3 /opt/lampp/htdocs/data-search/system/Database/BaseBuilder.php(1585): CodeIgniter\Database\BaseConnection->query('SELECT *\nFROM `...', Array, false)
#4 /opt/lampp/htdocs/data-search/app/Controllers/ccdController.php(55): CodeIgniter\Database\BaseBuilder->get()
#5 /opt/lampp/htdocs/data-search/system/CodeIgniter.php(927): App\Controllers\ccdController->loginck()
#6 /opt/lampp/htdocs/data-search/system/CodeIgniter.php(482): CodeIgniter\CodeIgniter->runController(Object(App\Controllers\ccdController))
#7 /opt/lampp/htdocs/data-search/system/CodeIgniter.php(351): CodeIgniter\CodeIgniter->handleRequest(NULL, Object(Config\Cache), false)
#8 /opt/lampp/htdocs/data-search/index.php(67): CodeIgniter\CodeIgniter->run()
#9 {main}
CRITICAL - 2022-12-21 01:27:10 --> Table 'dataserach.admintbl' doesn't exist
in SYSTEMPATH/Database/MySQLi/Connection.php on line 292.
 1 SYSTEMPATH/Database/MySQLi/Connection.php(292): mysqli->query('SELECT *
FROM `admintbl`
WHERE `username` = \'superAdmin\'
AND `password` = \'95c6fbad2228a2e0ed8cb112d9fdb067\'', 0)
 2 SYSTEMPATH/Database/BaseConnection.php(666): CodeIgniter\Database\MySQLi\Connection->execute('SELECT *
FROM `admintbl`
WHERE `username` = \'superAdmin\'
AND `password` = \'95c6fbad2228a2e0ed8cb112d9fdb067\'')
 3 SYSTEMPATH/Database/BaseConnection.php(593): CodeIgniter\Database\BaseConnection->simpleQuery('SELECT *
FROM `admintbl`
WHERE `username` = \'superAdmin\'
AND `password` = \'95c6fbad2228a2e0ed8cb112d9fdb067\'')
 4 SYSTEMPATH/Database/BaseBuilder.php(1585): CodeIgniter\Database\BaseConnection->query('SELECT *
FROM `admintbl`
WHERE `username` = :username:
AND `password` = :password:', [...], false)
 5 APPPATH/Controllers/ccdController.php(55): CodeIgniter\Database\BaseBuilder->get()
 6 SYSTEMPATH/CodeIgniter.php(927): App\Controllers\ccdController->loginck()
 7 SYSTEMPATH/CodeIgniter.php(482): CodeIgniter\CodeIgniter->runController(Object(App\Controllers\ccdController))
 8 SYSTEMPATH/CodeIgniter.php(351): CodeIgniter\CodeIgniter->handleRequest(null, Object(Config\Cache), false)
 9 FCPATH/index.php(67): CodeIgniter\CodeIgniter->run()
ERROR - 2022-12-21 01:27:20 --> mysqli_sql_exception: Table 'dataserach.admintbl' doesn't exist in /opt/lampp/htdocs/data-search/system/Database/MySQLi/Connection.php:292
Stack trace:
#0 /opt/lampp/htdocs/data-search/system/Database/MySQLi/Connection.php(292): mysqli->query('SELECT *\nFROM `...', 0)
#1 /opt/lampp/htdocs/data-search/system/Database/BaseConnection.php(666): CodeIgniter\Database\MySQLi\Connection->execute('SELECT *\nFROM `...')
#2 /opt/lampp/htdocs/data-search/system/Database/BaseConnection.php(593): CodeIgniter\Database\BaseConnection->simpleQuery('SELECT *\nFROM `...')
#3 /opt/lampp/htdocs/data-search/system/Database/BaseBuilder.php(1585): CodeIgniter\Database\BaseConnection->query('SELECT *\nFROM `...', Array, false)
#4 /opt/lampp/htdocs/data-search/app/Controllers/ccdController.php(55): CodeIgniter\Database\BaseBuilder->get()
#5 /opt/lampp/htdocs/data-search/system/CodeIgniter.php(927): App\Controllers\ccdController->loginck()
#6 /opt/lampp/htdocs/data-search/system/CodeIgniter.php(482): CodeIgniter\CodeIgniter->runController(Object(App\Controllers\ccdController))
#7 /opt/lampp/htdocs/data-search/system/CodeIgniter.php(351): CodeIgniter\CodeIgniter->handleRequest(NULL, Object(Config\Cache), false)
#8 /opt/lampp/htdocs/data-search/index.php(67): CodeIgniter\CodeIgniter->run()
#9 {main}
CRITICAL - 2022-12-21 01:27:20 --> Table 'dataserach.admintbl' doesn't exist
in SYSTEMPATH/Database/MySQLi/Connection.php on line 292.
 1 SYSTEMPATH/Database/MySQLi/Connection.php(292): mysqli->query('SELECT *
FROM `admintbl`
WHERE `username` = \'superAdmin\'
AND `password` = \'95c6fbad2228a2e0ed8cb112d9fdb067\'', 0)
 2 SYSTEMPATH/Database/BaseConnection.php(666): CodeIgniter\Database\MySQLi\Connection->execute('SELECT *
FROM `admintbl`
WHERE `username` = \'superAdmin\'
AND `password` = \'95c6fbad2228a2e0ed8cb112d9fdb067\'')
 3 SYSTEMPATH/Database/BaseConnection.php(593): CodeIgniter\Database\BaseConnection->simpleQuery('SELECT *
FROM `admintbl`
WHERE `username` = \'superAdmin\'
AND `password` = \'95c6fbad2228a2e0ed8cb112d9fdb067\'')
 4 SYSTEMPATH/Database/BaseBuilder.php(1585): CodeIgniter\Database\BaseConnection->query('SELECT *
FROM `admintbl`
WHERE `username` = :username:
AND `password` = :password:', [...], false)
 5 APPPATH/Controllers/ccdController.php(55): CodeIgniter\Database\BaseBuilder->get()
 6 SYSTEMPATH/CodeIgniter.php(927): App\Controllers\ccdController->loginck()
 7 SYSTEMPATH/CodeIgniter.php(482): CodeIgniter\CodeIgniter->runController(Object(App\Controllers\ccdController))
 8 SYSTEMPATH/CodeIgniter.php(351): CodeIgniter\CodeIgniter->handleRequest(null, Object(Config\Cache), false)
 9 FCPATH/index.php(67): CodeIgniter\CodeIgniter->run()
ERROR - 2022-12-21 01:33:36 --> mysqli_sql_exception: Table 'dataserach.admintbl' doesn't exist in /opt/lampp/htdocs/data-search/system/Database/MySQLi/Connection.php:292
Stack trace:
#0 /opt/lampp/htdocs/data-search/system/Database/MySQLi/Connection.php(292): mysqli->query('SELECT *\nFROM `...', 0)
#1 /opt/lampp/htdocs/data-search/system/Database/BaseConnection.php(666): CodeIgniter\Database\MySQLi\Connection->execute('SELECT *\nFROM `...')
#2 /opt/lampp/htdocs/data-search/system/Database/BaseConnection.php(593): CodeIgniter\Database\BaseConnection->simpleQuery('SELECT *\nFROM `...')
#3 /opt/lampp/htdocs/data-search/system/Database/BaseBuilder.php(1585): CodeIgniter\Database\BaseConnection->query('SELECT *\nFROM `...', Array, false)
#4 /opt/lampp/htdocs/data-search/app/Controllers/ccdController.php(55): CodeIgniter\Database\BaseBuilder->get()
#5 /opt/lampp/htdocs/data-search/system/CodeIgniter.php(927): App\Controllers\ccdController->loginck()
#6 /opt/lampp/htdocs/data-search/system/CodeIgniter.php(482): CodeIgniter\CodeIgniter->runController(Object(App\Controllers\ccdController))
#7 /opt/lampp/htdocs/data-search/system/CodeIgniter.php(351): CodeIgniter\CodeIgniter->handleRequest(NULL, Object(Config\Cache), false)
#8 /opt/lampp/htdocs/data-search/index.php(67): CodeIgniter\CodeIgniter->run()
#9 {main}
CRITICAL - 2022-12-21 01:33:36 --> Table 'dataserach.admintbl' doesn't exist
in SYSTEMPATH/Database/MySQLi/Connection.php on line 292.
 1 SYSTEMPATH/Database/MySQLi/Connection.php(292): mysqli->query('SELECT *
FROM `admintbl`
WHERE `username` = \'superAdmin\'
AND `password` = \'95c6fbad2228a2e0ed8cb112d9fdb067\'', 0)
 2 SYSTEMPATH/Database/BaseConnection.php(666): CodeIgniter\Database\MySQLi\Connection->execute('SELECT *
FROM `admintbl`
WHERE `username` = \'superAdmin\'
AND `password` = \'95c6fbad2228a2e0ed8cb112d9fdb067\'')
 3 SYSTEMPATH/Database/BaseConnection.php(593): CodeIgniter\Database\BaseConnection->simpleQuery('SELECT *
FROM `admintbl`
WHERE `username` = \'superAdmin\'
AND `password` = \'95c6fbad2228a2e0ed8cb112d9fdb067\'')
 4 SYSTEMPATH/Database/BaseBuilder.php(1585): CodeIgniter\Database\BaseConnection->query('SELECT *
FROM `admintbl`
WHERE `username` = :username:
AND `password` = :password:', [...], false)
 5 APPPATH/Controllers/ccdController.php(55): CodeIgniter\Database\BaseBuilder->get()
 6 SYSTEMPATH/CodeIgniter.php(927): App\Controllers\ccdController->loginck()
 7 SYSTEMPATH/CodeIgniter.php(482): CodeIgniter\CodeIgniter->runController(Object(App\Controllers\ccdController))
 8 SYSTEMPATH/CodeIgniter.php(351): CodeIgniter\CodeIgniter->handleRequest(null, Object(Config\Cache), false)
 9 FCPATH/index.php(67): CodeIgniter\CodeIgniter->run()
ERROR - 2022-12-21 01:35:47 --> mysqli_sql_exception: Unknown column 'username' in 'where clause' in /opt/lampp/htdocs/data-search/system/Database/MySQLi/Connection.php:292
Stack trace:
#0 /opt/lampp/htdocs/data-search/system/Database/MySQLi/Connection.php(292): mysqli->query('SELECT *\nFROM `...', 0)
#1 /opt/lampp/htdocs/data-search/system/Database/BaseConnection.php(666): CodeIgniter\Database\MySQLi\Connection->execute('SELECT *\nFROM `...')
#2 /opt/lampp/htdocs/data-search/system/Database/BaseConnection.php(593): CodeIgniter\Database\BaseConnection->simpleQuery('SELECT *\nFROM `...')
#3 /opt/lampp/htdocs/data-search/system/Database/BaseBuilder.php(1585): CodeIgniter\Database\BaseConnection->query('SELECT *\nFROM `...', Array, false)
#4 /opt/lampp/htdocs/data-search/app/Controllers/ccdController.php(55): CodeIgniter\Database\BaseBuilder->get()
#5 /opt/lampp/htdocs/data-search/system/CodeIgniter.php(927): App\Controllers\ccdController->loginck()
#6 /opt/lampp/htdocs/data-search/system/CodeIgniter.php(482): CodeIgniter\CodeIgniter->runController(Object(App\Controllers\ccdController))
#7 /opt/lampp/htdocs/data-search/system/CodeIgniter.php(351): CodeIgniter\CodeIgniter->handleRequest(NULL, Object(Config\Cache), false)
#8 /opt/lampp/htdocs/data-search/index.php(67): CodeIgniter\CodeIgniter->run()
#9 {main}
CRITICAL - 2022-12-21 01:35:47 --> Unknown column 'username' in 'where clause'
in SYSTEMPATH/Database/MySQLi/Connection.php on line 292.
 1 SYSTEMPATH/Database/MySQLi/Connection.php(292): mysqli->query('SELECT *
FROM `tbl_admin`
WHERE `username` = \'superAdmin\'
AND `password` = \'95c6fbad2228a2e0ed8cb112d9fdb067\'', 0)
 2 SYSTEMPATH/Database/BaseConnection.php(666): CodeIgniter\Database\MySQLi\Connection->execute('SELECT *
FROM `tbl_admin`
WHERE `username` = \'superAdmin\'
AND `password` = \'95c6fbad2228a2e0ed8cb112d9fdb067\'')
 3 SYSTEMPATH/Database/BaseConnection.php(593): CodeIgniter\Database\BaseConnection->simpleQuery('SELECT *
FROM `tbl_admin`
WHERE `username` = \'superAdmin\'
AND `password` = \'95c6fbad2228a2e0ed8cb112d9fdb067\'')
 4 SYSTEMPATH/Database/BaseBuilder.php(1585): CodeIgniter\Database\BaseConnection->query('SELECT *
FROM `tbl_admin`
WHERE `username` = :username:
AND `password` = :password:', [...], false)
 5 APPPATH/Controllers/ccdController.php(55): CodeIgniter\Database\BaseBuilder->get()
 6 SYSTEMPATH/CodeIgniter.php(927): App\Controllers\ccdController->loginck()
 7 SYSTEMPATH/CodeIgniter.php(482): CodeIgniter\CodeIgniter->runController(Object(App\Controllers\ccdController))
 8 SYSTEMPATH/CodeIgniter.php(351): CodeIgniter\CodeIgniter->handleRequest(null, Object(Config\Cache), false)
 9 FCPATH/index.php(67): CodeIgniter\CodeIgniter->run()
ERROR - 2022-12-21 01:37:33 --> mysqli_sql_exception: Table 'dataserach.tbl_admin' doesn't exist in /opt/lampp/htdocs/data-search/system/Database/MySQLi/Connection.php:292
Stack trace:
#0 /opt/lampp/htdocs/data-search/system/Database/MySQLi/Connection.php(292): mysqli->query('SELECT *\nFROM `...', 0)
#1 /opt/lampp/htdocs/data-search/system/Database/BaseConnection.php(666): CodeIgniter\Database\MySQLi\Connection->execute('SELECT *\nFROM `...')
#2 /opt/lampp/htdocs/data-search/system/Database/BaseConnection.php(593): CodeIgniter\Database\BaseConnection->simpleQuery('SELECT *\nFROM `...')
#3 /opt/lampp/htdocs/data-search/system/Database/BaseBuilder.php(1585): CodeIgniter\Database\BaseConnection->query('SELECT *\nFROM `...', Array, false)
#4 /opt/lampp/htdocs/data-search/app/Controllers/ccdController.php(55): CodeIgniter\Database\BaseBuilder->get()
#5 /opt/lampp/htdocs/data-search/system/CodeIgniter.php(927): App\Controllers\ccdController->loginck()
#6 /opt/lampp/htdocs/data-search/system/CodeIgniter.php(482): CodeIgniter\CodeIgniter->runController(Object(App\Controllers\ccdController))
#7 /opt/lampp/htdocs/data-search/system/CodeIgniter.php(351): CodeIgniter\CodeIgniter->handleRequest(NULL, Object(Config\Cache), false)
#8 /opt/lampp/htdocs/data-search/index.php(67): CodeIgniter\CodeIgniter->run()
#9 {main}
CRITICAL - 2022-12-21 01:37:33 --> Table 'dataserach.tbl_admin' doesn't exist
in SYSTEMPATH/Database/MySQLi/Connection.php on line 292.
 1 SYSTEMPATH/Database/MySQLi/Connection.php(292): mysqli->query('SELECT *
FROM `tbl_admin`
WHERE `username` = \'superAdmin\'
AND `password` = \'95c6fbad2228a2e0ed8cb112d9fdb067\'', 0)
 2 SYSTEMPATH/Database/BaseConnection.php(666): CodeIgniter\Database\MySQLi\Connection->execute('SELECT *
FROM `tbl_admin`
WHERE `username` = \'superAdmin\'
AND `password` = \'95c6fbad2228a2e0ed8cb112d9fdb067\'')
 3 SYSTEMPATH/Database/BaseConnection.php(593): CodeIgniter\Database\BaseConnection->simpleQuery('SELECT *
FROM `tbl_admin`
WHERE `username` = \'superAdmin\'
AND `password` = \'95c6fbad2228a2e0ed8cb112d9fdb067\'')
 4 SYSTEMPATH/Database/BaseBuilder.php(1585): CodeIgniter\Database\BaseConnection->query('SELECT *
FROM `tbl_admin`
WHERE `username` = :username:
AND `password` = :password:', [...], false)
 5 APPPATH/Controllers/ccdController.php(55): CodeIgniter\Database\BaseBuilder->get()
 6 SYSTEMPATH/CodeIgniter.php(927): App\Controllers\ccdController->loginck()
 7 SYSTEMPATH/CodeIgniter.php(482): CodeIgniter\CodeIgniter->runController(Object(App\Controllers\ccdController))
 8 SYSTEMPATH/CodeIgniter.php(351): CodeIgniter\CodeIgniter->handleRequest(null, Object(Config\Cache), false)
 9 FCPATH/index.php(67): CodeIgniter\CodeIgniter->run()
CRITICAL - 2022-12-21 02:24:51 --> Invalid file: admin/paln-entry.php
in SYSTEMPATH/Exceptions/FrameworkException.php on line 33.
 1 SYSTEMPATH/View/View.php(201): CodeIgniter\Exceptions\FrameworkException::forInvalidFile('admin/paln-entry.php')
 2 SYSTEMPATH/Common.php(1134): CodeIgniter\View\View->render('admin/paln-entry', [], true)
 3 APPPATH/Controllers/adminController.php(147): view('admin/paln-entry', [...])
 4 SYSTEMPATH/CodeIgniter.php(927): App\Controllers\adminController->planAdd()
 5 SYSTEMPATH/CodeIgniter.php(482): CodeIgniter\CodeIgniter->runController(Object(App\Controllers\adminController))
 6 SYSTEMPATH/CodeIgniter.php(351): CodeIgniter\CodeIgniter->handleRequest(null, Object(Config\Cache), false)
 7 FCPATH/index.php(67): CodeIgniter\CodeIgniter->run()
CRITICAL - 2022-12-21 02:25:42 --> Invalid file: admin/paln-entry.php
in SYSTEMPATH/Exceptions/FrameworkException.php on line 33.
 1 SYSTEMPATH/View/View.php(201): CodeIgniter\Exceptions\FrameworkException::forInvalidFile('admin/paln-entry.php')
 2 SYSTEMPATH/Common.php(1134): CodeIgniter\View\View->render('admin/paln-entry', [], true)
 3 APPPATH/Controllers/adminController.php(155): view('admin/paln-entry', [...])
 4 SYSTEMPATH/CodeIgniter.php(927): App\Controllers\adminController->planAdd()
 5 SYSTEMPATH/CodeIgniter.php(482): CodeIgniter\CodeIgniter->runController(Object(App\Controllers\adminController))
 6 SYSTEMPATH/CodeIgniter.php(351): CodeIgniter\CodeIgniter->handleRequest(null, Object(Config\Cache), false)
 7 FCPATH/index.php(67): CodeIgniter\CodeIgniter->run()
ERROR - 2022-12-21 15:57:45 --> mysqli_sql_exception: Column 'plan_name' cannot be null in /opt/lampp/htdocs/data-search/system/Database/MySQLi/Connection.php:292
Stack trace:
#0 /opt/lampp/htdocs/data-search/system/Database/MySQLi/Connection.php(292): mysqli->query('INSERT INTO `pl...', 0)
#1 /opt/lampp/htdocs/data-search/system/Database/BaseConnection.php(666): CodeIgniter\Database\MySQLi\Connection->execute('INSERT INTO `pl...')
#2 /opt/lampp/htdocs/data-search/system/Database/BaseConnection.php(593): CodeIgniter\Database\BaseConnection->simpleQuery('INSERT INTO `pl...')
#3 /opt/lampp/htdocs/data-search/system/Database/BaseBuilder.php(1916): CodeIgniter\Database\BaseConnection->query('INSERT INTO `pl...', Array, false)
#4 /opt/lampp/htdocs/data-search/app/Controllers/adminController.php(139): CodeIgniter\Database\BaseBuilder->insert(Array)
#5 /opt/lampp/htdocs/data-search/system/CodeIgniter.php(927): App\Controllers\adminController->planAdd()
#6 /opt/lampp/htdocs/data-search/system/CodeIgniter.php(482): CodeIgniter\CodeIgniter->runController(Object(App\Controllers\adminController))
#7 /opt/lampp/htdocs/data-search/system/CodeIgniter.php(351): CodeIgniter\CodeIgniter->handleRequest(NULL, Object(Config\Cache), false)
#8 /opt/lampp/htdocs/data-search/index.php(67): CodeIgniter\CodeIgniter->run()
#9 {main}
CRITICAL - 2022-12-21 15:57:45 --> Column 'plan_name' cannot be null
in SYSTEMPATH/Database/MySQLi/Connection.php on line 292.
 1 SYSTEMPATH/Database/MySQLi/Connection.php(292): mysqli->query('INSERT INTO `plandetail` (`plan_name`, `plan_validity`, `plan_price`, `status`) VALUES (NULL, NULL, NULL, 1)', 0)
 2 SYSTEMPATH/Database/BaseConnection.php(666): CodeIgniter\Database\MySQLi\Connection->execute('INSERT INTO `plandetail` (`plan_name`, `plan_validity`, `plan_price`, `status`) VALUES (NULL, NULL, NULL, 1)')
 3 SYSTEMPATH/Database/BaseConnection.php(593): CodeIgniter\Database\BaseConnection->simpleQuery('INSERT INTO `plandetail` (`plan_name`, `plan_validity`, `plan_price`, `status`) VALUES (NULL, NULL, NULL, 1)')
 4 SYSTEMPATH/Database/BaseBuilder.php(1916): CodeIgniter\Database\BaseConnection->query('INSERT INTO `plandetail` (`plan_name`, `plan_validity`, `plan_price`, `status`) VALUES (:plan_name:, :plan_validity:, :plan_price:, :status:)', [...], false)
 5 APPPATH/Controllers/adminController.php(139): CodeIgniter\Database\BaseBuilder->insert([...])
 6 SYSTEMPATH/CodeIgniter.php(927): App\Controllers\adminController->planAdd()
 7 SYSTEMPATH/CodeIgniter.php(482): CodeIgniter\CodeIgniter->runController(Object(App\Controllers\adminController))
 8 SYSTEMPATH/CodeIgniter.php(351): CodeIgniter\CodeIgniter->handleRequest(null, Object(Config\Cache), false)
 9 FCPATH/index.php(67): CodeIgniter\CodeIgniter->run()
ERROR - 2022-12-21 23:54:15 --> mysqli_sql_exception: Column 'plan_name' cannot be null in /opt/lampp/htdocs/data-search/system/Database/MySQLi/Connection.php:292
Stack trace:
#0 /opt/lampp/htdocs/data-search/system/Database/MySQLi/Connection.php(292): mysqli->query('INSERT INTO `pl...', 0)
#1 /opt/lampp/htdocs/data-search/system/Database/BaseConnection.php(666): CodeIgniter\Database\MySQLi\Connection->execute('INSERT INTO `pl...')
#2 /opt/lampp/htdocs/data-search/system/Database/BaseConnection.php(593): CodeIgniter\Database\BaseConnection->simpleQuery('INSERT INTO `pl...')
#3 /opt/lampp/htdocs/data-search/system/Database/BaseBuilder.php(1916): CodeIgniter\Database\BaseConnection->query('INSERT INTO `pl...', Array, false)
#4 /opt/lampp/htdocs/data-search/app/Controllers/adminController.php(139): CodeIgniter\Database\BaseBuilder->insert(Array)
#5 /opt/lampp/htdocs/data-search/system/CodeIgniter.php(927): App\Controllers\adminController->planAdd()
#6 /opt/lampp/htdocs/data-search/system/CodeIgniter.php(482): CodeIgniter\CodeIgniter->runController(Object(App\Controllers\adminController))
#7 /opt/lampp/htdocs/data-search/system/CodeIgniter.php(351): CodeIgniter\CodeIgniter->handleRequest(NULL, Object(Config\Cache), false)
#8 /opt/lampp/htdocs/data-search/index.php(67): CodeIgniter\CodeIgniter->run()
#9 {main}
CRITICAL - 2022-12-21 23:54:15 --> Column 'plan_name' cannot be null
in SYSTEMPATH/Database/MySQLi/Connection.php on line 292.
 1 SYSTEMPATH/Database/MySQLi/Connection.php(292): mysqli->query('INSERT INTO `plandetail` (`plan_name`, `plan_validity`, `plan_price`, `status`) VALUES (NULL, NULL, NULL, 1)', 0)
 2 SYSTEMPATH/Database/BaseConnection.php(666): CodeIgniter\Database\MySQLi\Connection->execute('INSERT INTO `plandetail` (`plan_name`, `plan_validity`, `plan_price`, `status`) VALUES (NULL, NULL, NULL, 1)')
 3 SYSTEMPATH/Database/BaseConnection.php(593): CodeIgniter\Database\BaseConnection->simpleQuery('INSERT INTO `plandetail` (`plan_name`, `plan_validity`, `plan_price`, `status`) VALUES (NULL, NULL, NULL, 1)')
 4 SYSTEMPATH/Database/BaseBuilder.php(1916): CodeIgniter\Database\BaseConnection->query('INSERT INTO `plandetail` (`plan_name`, `plan_validity`, `plan_price`, `status`) VALUES (:plan_name:, :plan_validity:, :plan_price:, :status:)', [...], false)
 5 APPPATH/Controllers/adminController.php(139): CodeIgniter\Database\BaseBuilder->insert([...])
 6 SYSTEMPATH/CodeIgniter.php(927): App\Controllers\adminController->planAdd()
 7 SYSTEMPATH/CodeIgniter.php(482): CodeIgniter\CodeIgniter->runController(Object(App\Controllers\adminController))
 8 SYSTEMPATH/CodeIgniter.php(351): CodeIgniter\CodeIgniter->handleRequest(null, Object(Config\Cache), false)
 9 FCPATH/index.php(67): CodeIgniter\CodeIgniter->run()
