CRITICAL - 2023-01-21 12:10:13 --> Invalid file: dataserach/index.php
in SYSTEMPATH\Exceptions\FrameworkException.php on line 33.
 1 SYSTEMPATH\View\View.php(201): CodeIgniter\Exceptions\FrameworkException::forInvalidFile('dataserach/index.php')
 2 SYSTEMPATH\Common.php(1134): CodeIgniter\View\View->render('dataserach/index', [], true)
 3 APPPATH\Controllers\dataController.php(45): view('dataserach/index')
 4 SYSTEMPATH\CodeIgniter.php(927): App\Controllers\dataController->loginck()
 5 SYSTEMPATH\CodeIgniter.php(482): CodeIgniter\CodeIgniter->runController(Object(App\Controllers\dataController))
 6 SYSTEMPATH\CodeIgniter.php(351): CodeIgniter\CodeIgniter->handleRequest(null, Object(Config\Cache), false)
 7 FCPATH\index.php(67): CodeIgniter\CodeIgniter->run()
CRITICAL - 2023-01-21 12:28:46 --> Cannot redeclare App\Controllers\adminController::userlist()
in APPPATH\Controllers\adminController.php on line 420.
 1 [internal function]: CodeIgniter\Debug\Exceptions->shutdownHandler()
CRITICAL - 2023-01-21 12:29:15 --> syntax error, unexpected token "public"
in APPPATH\Controllers\adminController.php on line 535.
 1 SYSTEMPATH\Autoloader\Autoloader.php(259): CodeIgniter\Autoloader\Autoloader->includeFile('APPPATH\\Controllers\\adminController.php')
 2 SYSTEMPATH\Autoloader\Autoloader.php(237): CodeIgniter\Autoloader\Autoloader->loadInNamespace('App\\Controllers\\adminController')
 3 [internal function]: CodeIgniter\Autoloader\Autoloader->loadClass('App\\Controllers\\adminController')
 4 SYSTEMPATH\CodeIgniter.php(877): class_exists('\\App\\Controllers\\adminController', true)
 5 SYSTEMPATH\CodeIgniter.php(469): CodeIgniter\CodeIgniter->startController()
 6 SYSTEMPATH\CodeIgniter.php(351): CodeIgniter\CodeIgniter->handleRequest(null, Object(Config\Cache), false)
 7 FCPATH\index.php(67): CodeIgniter\CodeIgniter->run()
CRITICAL - 2023-01-21 12:33:29 --> Cannot redeclare App\Controllers\adminController::userlist()
in APPPATH\Controllers\adminController.php on line 418.
 1 [internal function]: CodeIgniter\Debug\Exceptions->shutdownHandler()
CRITICAL - 2023-01-21 12:34:30 --> Undefined variable $user
in APPPATH\Views\admin\user-list.php on line 63.
 1 APPPATH\Views\admin\user-list.php(63): CodeIgniter\Debug\Exceptions->errorHandler(2, 'Undefined variable $user', 'APPPATH\\Views\\admin\\user-list.php', 63)
 2 SYSTEMPATH\View\View.php(213): include('APPPATH\\Views\\admin\\user-list.php')
 3 SYSTEMPATH\View\View.php(216): CodeIgniter\View\View->CodeIgniter\View\{closure}()
 4 SYSTEMPATH\Common.php(1134): CodeIgniter\View\View->render('admin/user-list', [], true)
 5 APPPATH\Controllers\adminController.php(235): view('admin/user-list', [...])
 6 SYSTEMPATH\CodeIgniter.php(927): App\Controllers\adminController->userList()
 7 SYSTEMPATH\CodeIgniter.php(482): CodeIgniter\CodeIgniter->runController(Object(App\Controllers\adminController))
 8 SYSTEMPATH\CodeIgniter.php(351): CodeIgniter\CodeIgniter->handleRequest(null, Object(Config\Cache), false)
 9 FCPATH\index.php(67): CodeIgniter\CodeIgniter->run()
CRITICAL - 2023-01-21 12:39:30 --> Undefined variable $user
in APPPATH\Views\admin\user-list.php on line 63.
 1 APPPATH\Views\admin\user-list.php(63): CodeIgniter\Debug\Exceptions->errorHandler(2, 'Undefined variable $user', 'APPPATH\\Views\\admin\\user-list.php', 63)
 2 SYSTEMPATH\View\View.php(213): include('APPPATH\\Views\\admin\\user-list.php')
 3 SYSTEMPATH\View\View.php(216): CodeIgniter\View\View->CodeIgniter\View\{closure}()
 4 SYSTEMPATH\Common.php(1134): CodeIgniter\View\View->render('admin/user-list', [], true)
 5 APPPATH\Controllers\adminController.php(235): view('admin/user-list', [...])
 6 SYSTEMPATH\CodeIgniter.php(927): App\Controllers\adminController->userList()
 7 SYSTEMPATH\CodeIgniter.php(482): CodeIgniter\CodeIgniter->runController(Object(App\Controllers\adminController))
 8 SYSTEMPATH\CodeIgniter.php(351): CodeIgniter\CodeIgniter->handleRequest(null, Object(Config\Cache), false)
 9 FCPATH\index.php(67): CodeIgniter\CodeIgniter->run()
CRITICAL - 2023-01-21 12:39:54 --> Undefined variable $user
in APPPATH\Views\admin\user-list.php on line 63.
 1 APPPATH\Views\admin\user-list.php(63): CodeIgniter\Debug\Exceptions->errorHandler(2, 'Undefined variable $user', 'APPPATH\\Views\\admin\\user-list.php', 63)
 2 SYSTEMPATH\View\View.php(213): include('APPPATH\\Views\\admin\\user-list.php')
 3 SYSTEMPATH\View\View.php(216): CodeIgniter\View\View->CodeIgniter\View\{closure}()
 4 SYSTEMPATH\Common.php(1134): CodeIgniter\View\View->render('admin/user-list', [], true)
 5 APPPATH\Controllers\adminController.php(235): view('admin/user-list', [...])
 6 SYSTEMPATH\CodeIgniter.php(927): App\Controllers\adminController->userList()
 7 SYSTEMPATH\CodeIgniter.php(482): CodeIgniter\CodeIgniter->runController(Object(App\Controllers\adminController))
 8 SYSTEMPATH\CodeIgniter.php(351): CodeIgniter\CodeIgniter->handleRequest(null, Object(Config\Cache), false)
 9 FCPATH\index.php(67): CodeIgniter\CodeIgniter->run()
CRITICAL - 2023-01-21 12:47:55 --> Undefined variable $user
in APPPATH\Views\admin\user-list.php on line 63.
 1 APPPATH\Views\admin\user-list.php(63): CodeIgniter\Debug\Exceptions->errorHandler(2, 'Undefined variable $user', 'APPPATH\\Views\\admin\\user-list.php', 63)
 2 SYSTEMPATH\View\View.php(213): include('APPPATH\\Views\\admin\\user-list.php')
 3 SYSTEMPATH\View\View.php(216): CodeIgniter\View\View->CodeIgniter\View\{closure}()
 4 SYSTEMPATH\Common.php(1134): CodeIgniter\View\View->render('admin/user-list', [], true)
 5 APPPATH\Controllers\adminController.php(235): view('admin/user-list', [...])
 6 SYSTEMPATH\CodeIgniter.php(927): App\Controllers\adminController->userList()
 7 SYSTEMPATH\CodeIgniter.php(482): CodeIgniter\CodeIgniter->runController(Object(App\Controllers\adminController))
 8 SYSTEMPATH\CodeIgniter.php(351): CodeIgniter\CodeIgniter->handleRequest(null, Object(Config\Cache), false)
 9 FCPATH\index.php(67): CodeIgniter\CodeIgniter->run()
CRITICAL - 2023-01-21 12:47:59 --> Undefined variable $user
in APPPATH\Views\admin\user-list.php on line 63.
 1 APPPATH\Views\admin\user-list.php(63): CodeIgniter\Debug\Exceptions->errorHandler(2, 'Undefined variable $user', 'APPPATH\\Views\\admin\\user-list.php', 63)
 2 SYSTEMPATH\View\View.php(213): include('APPPATH\\Views\\admin\\user-list.php')
 3 SYSTEMPATH\View\View.php(216): CodeIgniter\View\View->CodeIgniter\View\{closure}()
 4 SYSTEMPATH\Common.php(1134): CodeIgniter\View\View->render('admin/user-list', [], true)
 5 APPPATH\Controllers\adminController.php(235): view('admin/user-list', [...])
 6 SYSTEMPATH\CodeIgniter.php(927): App\Controllers\adminController->userList()
 7 SYSTEMPATH\CodeIgniter.php(482): CodeIgniter\CodeIgniter->runController(Object(App\Controllers\adminController))
 8 SYSTEMPATH\CodeIgniter.php(351): CodeIgniter\CodeIgniter->handleRequest(null, Object(Config\Cache), false)
 9 FCPATH\index.php(67): CodeIgniter\CodeIgniter->run()
CRITICAL - 2023-01-21 12:53:18 --> Undefined variable $where
in APPPATH\Controllers\adminController.php on line 423.
 1 APPPATH\Controllers\adminController.php(423): CodeIgniter\Debug\Exceptions->errorHandler(2, 'Undefined variable $where', 'APPPATH\\Controllers\\adminController.php', 423)
 2 SYSTEMPATH\CodeIgniter.php(927): App\Controllers\adminController->loginuserlist()
 3 SYSTEMPATH\CodeIgniter.php(482): CodeIgniter\CodeIgniter->runController(Object(App\Controllers\adminController))
 4 SYSTEMPATH\CodeIgniter.php(351): CodeIgniter\CodeIgniter->handleRequest(null, Object(Config\Cache), false)
 5 FCPATH\index.php(67): CodeIgniter\CodeIgniter->run()
CRITICAL - 2023-01-21 12:53:33 --> Undefined variable $data
in APPPATH\Controllers\adminController.php on line 426.
 1 APPPATH\Controllers\adminController.php(426): CodeIgniter\Debug\Exceptions->errorHandler(2, 'Undefined variable $data', 'APPPATH\\Controllers\\adminController.php', 426)
 2 SYSTEMPATH\CodeIgniter.php(927): App\Controllers\adminController->loginuserlist()
 3 SYSTEMPATH\CodeIgniter.php(482): CodeIgniter\CodeIgniter->runController(Object(App\Controllers\adminController))
 4 SYSTEMPATH\CodeIgniter.php(351): CodeIgniter\CodeIgniter->handleRequest(null, Object(Config\Cache), false)
 5 FCPATH\index.php(67): CodeIgniter\CodeIgniter->run()
CRITICAL - 2023-01-21 12:53:49 --> Invalid file: admin/login-user-list.php
in SYSTEMPATH\Exceptions\FrameworkException.php on line 33.
 1 SYSTEMPATH\View\View.php(201): CodeIgniter\Exceptions\FrameworkException::forInvalidFile('admin/login-user-list.php')
 2 SYSTEMPATH\Common.php(1134): CodeIgniter\View\View->render('admin/login-user-list', [], true)
 3 APPPATH\Controllers\adminController.php(426): view('admin/login-user-list', [...])
 4 SYSTEMPATH\CodeIgniter.php(927): App\Controllers\adminController->loginuserlist()
 5 SYSTEMPATH\CodeIgniter.php(482): CodeIgniter\CodeIgniter->runController(Object(App\Controllers\adminController))
 6 SYSTEMPATH\CodeIgniter.php(351): CodeIgniter\CodeIgniter->handleRequest(null, Object(Config\Cache), false)
 7 FCPATH\index.php(67): CodeIgniter\CodeIgniter->run()
CRITICAL - 2023-01-21 12:54:21 --> Undefined variable $where
in APPPATH\Controllers\adminController.php on line 423.
 1 APPPATH\Controllers\adminController.php(423): CodeIgniter\Debug\Exceptions->errorHandler(2, 'Undefined variable $where', 'APPPATH\\Controllers\\adminController.php', 423)
 2 SYSTEMPATH\CodeIgniter.php(927): App\Controllers\adminController->loginuserlist()
 3 SYSTEMPATH\CodeIgniter.php(482): CodeIgniter\CodeIgniter->runController(Object(App\Controllers\adminController))
 4 SYSTEMPATH\CodeIgniter.php(351): CodeIgniter\CodeIgniter->handleRequest(null, Object(Config\Cache), false)
 5 FCPATH\index.php(67): CodeIgniter\CodeIgniter->run()
CRITICAL - 2023-01-21 12:54:28 --> Undefined variable $data
in APPPATH\Controllers\adminController.php on line 426.
 1 APPPATH\Controllers\adminController.php(426): CodeIgniter\Debug\Exceptions->errorHandler(2, 'Undefined variable $data', 'APPPATH\\Controllers\\adminController.php', 426)
 2 SYSTEMPATH\CodeIgniter.php(927): App\Controllers\adminController->loginuserlist()
 3 SYSTEMPATH\CodeIgniter.php(482): CodeIgniter\CodeIgniter->runController(Object(App\Controllers\adminController))
 4 SYSTEMPATH\CodeIgniter.php(351): CodeIgniter\CodeIgniter->handleRequest(null, Object(Config\Cache), false)
 5 FCPATH\index.php(67): CodeIgniter\CodeIgniter->run()
CRITICAL - 2023-01-21 12:54:41 --> Undefined property: mysqli::$username
in APPPATH\Views\admin\user-list.php on line 68.
 1 APPPATH\Views\admin\user-list.php(68): CodeIgniter\Debug\Exceptions->errorHandler(2, 'Undefined property: mysqli::$username', 'APPPATH\\Views\\admin\\user-list.php', 68)
 2 SYSTEMPATH\View\View.php(213): include('APPPATH\\Views\\admin\\user-list.php')
 3 SYSTEMPATH\View\View.php(216): CodeIgniter\View\View->CodeIgniter\View\{closure}()
 4 SYSTEMPATH\Common.php(1134): CodeIgniter\View\View->render('admin/user-list', [], true)
 5 APPPATH\Controllers\adminController.php(426): view('admin/user-list', [...])
 6 SYSTEMPATH\CodeIgniter.php(927): App\Controllers\adminController->loginuserlist()
 7 SYSTEMPATH\CodeIgniter.php(482): CodeIgniter\CodeIgniter->runController(Object(App\Controllers\adminController))
 8 SYSTEMPATH\CodeIgniter.php(351): CodeIgniter\CodeIgniter->handleRequest(null, Object(Config\Cache), false)
 9 FCPATH\index.php(67): CodeIgniter\CodeIgniter->run()
CRITICAL - 2023-01-21 13:03:08 --> Undefined variable $user
in APPPATH\Views\admin\user-list.php on line 63.
 1 APPPATH\Views\admin\user-list.php(63): CodeIgniter\Debug\Exceptions->errorHandler(2, 'Undefined variable $user', 'APPPATH\\Views\\admin\\user-list.php', 63)
 2 SYSTEMPATH\View\View.php(213): include('APPPATH\\Views\\admin\\user-list.php')
 3 SYSTEMPATH\View\View.php(216): CodeIgniter\View\View->CodeIgniter\View\{closure}()
 4 SYSTEMPATH\Common.php(1134): CodeIgniter\View\View->render('admin/user-list', [], true)
 5 APPPATH\Controllers\adminController.php(235): view('admin/user-list', [...])
 6 SYSTEMPATH\CodeIgniter.php(927): App\Controllers\adminController->userList()
 7 SYSTEMPATH\CodeIgniter.php(482): CodeIgniter\CodeIgniter->runController(Object(App\Controllers\adminController))
 8 SYSTEMPATH\CodeIgniter.php(351): CodeIgniter\CodeIgniter->handleRequest(null, Object(Config\Cache), false)
 9 FCPATH\index.php(67): CodeIgniter\CodeIgniter->run()
CRITICAL - 2023-01-21 13:03:39 --> Undefined variable $user
in APPPATH\Views\admin\user-list.php on line 63.
 1 APPPATH\Views\admin\user-list.php(63): CodeIgniter\Debug\Exceptions->errorHandler(2, 'Undefined variable $user', 'APPPATH\\Views\\admin\\user-list.php', 63)
 2 SYSTEMPATH\View\View.php(213): include('APPPATH\\Views\\admin\\user-list.php')
 3 SYSTEMPATH\View\View.php(216): CodeIgniter\View\View->CodeIgniter\View\{closure}()
 4 SYSTEMPATH\Common.php(1134): CodeIgniter\View\View->render('admin/user-list', [], true)
 5 APPPATH\Controllers\adminController.php(235): view('admin/user-list', [...])
 6 SYSTEMPATH\CodeIgniter.php(927): App\Controllers\adminController->userList()
 7 SYSTEMPATH\CodeIgniter.php(482): CodeIgniter\CodeIgniter->runController(Object(App\Controllers\adminController))
 8 SYSTEMPATH\CodeIgniter.php(351): CodeIgniter\CodeIgniter->handleRequest(null, Object(Config\Cache), false)
 9 FCPATH\index.php(67): CodeIgniter\CodeIgniter->run()
CRITICAL - 2023-01-21 13:16:31 --> Undefined variable $user
in APPPATH\Views\admin\user-list.php on line 63.
 1 APPPATH\Views\admin\user-list.php(63): CodeIgniter\Debug\Exceptions->errorHandler(2, 'Undefined variable $user', 'APPPATH\\Views\\admin\\user-list.php', 63)
 2 SYSTEMPATH\View\View.php(213): include('APPPATH\\Views\\admin\\user-list.php')
 3 SYSTEMPATH\View\View.php(216): CodeIgniter\View\View->CodeIgniter\View\{closure}()
 4 SYSTEMPATH\Common.php(1134): CodeIgniter\View\View->render('admin/user-list', [], true)
 5 APPPATH\Controllers\adminController.php(235): view('admin/user-list', [...])
 6 SYSTEMPATH\CodeIgniter.php(927): App\Controllers\adminController->userList()
 7 SYSTEMPATH\CodeIgniter.php(482): CodeIgniter\CodeIgniter->runController(Object(App\Controllers\adminController))
 8 SYSTEMPATH\CodeIgniter.php(351): CodeIgniter\CodeIgniter->handleRequest(null, Object(Config\Cache), false)
 9 FCPATH\index.php(67): CodeIgniter\CodeIgniter->run()
CRITICAL - 2023-01-21 13:17:05 --> Undefined property: stdClass::$plan_validity
in APPPATH\Views\admin\plan-list.php on line 60.
 1 APPPATH\Views\admin\plan-list.php(60): CodeIgniter\Debug\Exceptions->errorHandler(2, 'Undefined property: stdClass::$plan_validity', 'APPPATH\\Views\\admin\\plan-list.php', 60)
 2 SYSTEMPATH\View\View.php(213): include('APPPATH\\Views\\admin\\plan-list.php')
 3 SYSTEMPATH\View\View.php(216): CodeIgniter\View\View->CodeIgniter\View\{closure}()
 4 SYSTEMPATH\Common.php(1134): CodeIgniter\View\View->render('admin/plan-list', [], true)
 5 APPPATH\Controllers\adminController.php(183): view('admin/plan-list', [...])
 6 SYSTEMPATH\CodeIgniter.php(927): App\Controllers\adminController->planList()
 7 SYSTEMPATH\CodeIgniter.php(482): CodeIgniter\CodeIgniter->runController(Object(App\Controllers\adminController))
 8 SYSTEMPATH\CodeIgniter.php(351): CodeIgniter\CodeIgniter->handleRequest(null, Object(Config\Cache), false)
 9 FCPATH\index.php(67): CodeIgniter\CodeIgniter->run()
CRITICAL - 2023-01-21 13:21:54 --> Undefined variable $user
in APPPATH\Views\admin\user-list.php on line 63.
 1 APPPATH\Views\admin\user-list.php(63): CodeIgniter\Debug\Exceptions->errorHandler(2, 'Undefined variable $user', 'APPPATH\\Views\\admin\\user-list.php', 63)
 2 SYSTEMPATH\View\View.php(213): include('APPPATH\\Views\\admin\\user-list.php')
 3 SYSTEMPATH\View\View.php(216): CodeIgniter\View\View->CodeIgniter\View\{closure}()
 4 SYSTEMPATH\Common.php(1134): CodeIgniter\View\View->render('admin/user-list', [], true)
 5 APPPATH\Controllers\adminController.php(235): view('admin/user-list', [...])
 6 SYSTEMPATH\CodeIgniter.php(927): App\Controllers\adminController->userList()
 7 SYSTEMPATH\CodeIgniter.php(482): CodeIgniter\CodeIgniter->runController(Object(App\Controllers\adminController))
 8 SYSTEMPATH\CodeIgniter.php(351): CodeIgniter\CodeIgniter->handleRequest(null, Object(Config\Cache), false)
 9 FCPATH\index.php(67): CodeIgniter\CodeIgniter->run()
CRITICAL - 2023-01-21 13:23:45 --> Undefined variable $user
in APPPATH\Views\admin\user-list.php on line 63.
 1 APPPATH\Views\admin\user-list.php(63): CodeIgniter\Debug\Exceptions->errorHandler(2, 'Undefined variable $user', 'APPPATH\\Views\\admin\\user-list.php', 63)
 2 SYSTEMPATH\View\View.php(213): include('APPPATH\\Views\\admin\\user-list.php')
 3 SYSTEMPATH\View\View.php(216): CodeIgniter\View\View->CodeIgniter\View\{closure}()
 4 SYSTEMPATH\Common.php(1134): CodeIgniter\View\View->render('admin/user-list', [], true)
 5 APPPATH\Controllers\adminController.php(235): view('admin/user-list', [...])
 6 SYSTEMPATH\CodeIgniter.php(927): App\Controllers\adminController->userList()
 7 SYSTEMPATH\CodeIgniter.php(482): CodeIgniter\CodeIgniter->runController(Object(App\Controllers\adminController))
 8 SYSTEMPATH\CodeIgniter.php(351): CodeIgniter\CodeIgniter->handleRequest(null, Object(Config\Cache), false)
 9 FCPATH\index.php(67): CodeIgniter\CodeIgniter->run()
CRITICAL - 2023-01-21 13:23:56 --> Undefined variable $user
in APPPATH\Views\admin\user-list.php on line 63.
 1 APPPATH\Views\admin\user-list.php(63): CodeIgniter\Debug\Exceptions->errorHandler(2, 'Undefined variable $user', 'APPPATH\\Views\\admin\\user-list.php', 63)
 2 SYSTEMPATH\View\View.php(213): include('APPPATH\\Views\\admin\\user-list.php')
 3 SYSTEMPATH\View\View.php(216): CodeIgniter\View\View->CodeIgniter\View\{closure}()
 4 SYSTEMPATH\Common.php(1134): CodeIgniter\View\View->render('admin/user-list', [], true)
 5 APPPATH\Controllers\adminController.php(235): view('admin/user-list', [...])
 6 SYSTEMPATH\CodeIgniter.php(927): App\Controllers\adminController->userList()
 7 SYSTEMPATH\CodeIgniter.php(482): CodeIgniter\CodeIgniter->runController(Object(App\Controllers\adminController))
 8 SYSTEMPATH\CodeIgniter.php(351): CodeIgniter\CodeIgniter->handleRequest(null, Object(Config\Cache), false)
 9 FCPATH\index.php(67): CodeIgniter\CodeIgniter->run()
CRITICAL - 2023-01-21 13:24:37 --> Undefined variable $user
in APPPATH\Views\admin\user-list.php on line 63.
 1 APPPATH\Views\admin\user-list.php(63): CodeIgniter\Debug\Exceptions->errorHandler(2, 'Undefined variable $user', 'APPPATH\\Views\\admin\\user-list.php', 63)
 2 SYSTEMPATH\View\View.php(213): include('APPPATH\\Views\\admin\\user-list.php')
 3 SYSTEMPATH\View\View.php(216): CodeIgniter\View\View->CodeIgniter\View\{closure}()
 4 SYSTEMPATH\Common.php(1134): CodeIgniter\View\View->render('admin/user-list', [], true)
 5 APPPATH\Controllers\adminController.php(235): view('admin/user-list', [...])
 6 SYSTEMPATH\CodeIgniter.php(927): App\Controllers\adminController->userList()
 7 SYSTEMPATH\CodeIgniter.php(482): CodeIgniter\CodeIgniter->runController(Object(App\Controllers\adminController))
 8 SYSTEMPATH\CodeIgniter.php(351): CodeIgniter\CodeIgniter->handleRequest(null, Object(Config\Cache), false)
 9 FCPATH\index.php(67): CodeIgniter\CodeIgniter->run()
CRITICAL - 2023-01-21 13:24:56 --> Undefined variable $user
in APPPATH\Views\admin\user-list.php on line 63.
 1 APPPATH\Views\admin\user-list.php(63): CodeIgniter\Debug\Exceptions->errorHandler(2, 'Undefined variable $user', 'APPPATH\\Views\\admin\\user-list.php', 63)
 2 SYSTEMPATH\View\View.php(213): include('APPPATH\\Views\\admin\\user-list.php')
 3 SYSTEMPATH\View\View.php(216): CodeIgniter\View\View->CodeIgniter\View\{closure}()
 4 SYSTEMPATH\Common.php(1134): CodeIgniter\View\View->render('admin/user-list', [], true)
 5 APPPATH\Controllers\adminController.php(235): view('admin/user-list', [...])
 6 SYSTEMPATH\CodeIgniter.php(927): App\Controllers\adminController->userList()
 7 SYSTEMPATH\CodeIgniter.php(482): CodeIgniter\CodeIgniter->runController(Object(App\Controllers\adminController))
 8 SYSTEMPATH\CodeIgniter.php(351): CodeIgniter\CodeIgniter->handleRequest(null, Object(Config\Cache), false)
 9 FCPATH\index.php(67): CodeIgniter\CodeIgniter->run()
CRITICAL - 2023-01-21 13:25:07 --> Invalid file: admin/login-user-list.php
in SYSTEMPATH\Exceptions\FrameworkException.php on line 33.
 1 SYSTEMPATH\View\View.php(201): CodeIgniter\Exceptions\FrameworkException::forInvalidFile('admin/login-user-list.php')
 2 SYSTEMPATH\Common.php(1134): CodeIgniter\View\View->render('admin/login-user-list', [], true)
 3 APPPATH\Controllers\adminController.php(426): view('admin/login-user-list', [...])
 4 SYSTEMPATH\CodeIgniter.php(927): App\Controllers\adminController->loginuserlist()
 5 SYSTEMPATH\CodeIgniter.php(482): CodeIgniter\CodeIgniter->runController(Object(App\Controllers\adminController))
 6 SYSTEMPATH\CodeIgniter.php(351): CodeIgniter\CodeIgniter->handleRequest(null, Object(Config\Cache), false)
 7 FCPATH\index.php(67): CodeIgniter\CodeIgniter->run()
CRITICAL - 2023-01-21 13:25:23 --> Invalid file: admin/login-user-list.php
in SYSTEMPATH\Exceptions\FrameworkException.php on line 33.
 1 SYSTEMPATH\View\View.php(201): CodeIgniter\Exceptions\FrameworkException::forInvalidFile('admin/login-user-list.php')
 2 SYSTEMPATH\Common.php(1134): CodeIgniter\View\View->render('admin/login-user-list', [], true)
 3 APPPATH\Controllers\adminController.php(426): view('admin/login-user-list', [...])
 4 SYSTEMPATH\CodeIgniter.php(927): App\Controllers\adminController->loginuserlist()
 5 SYSTEMPATH\CodeIgniter.php(482): CodeIgniter\CodeIgniter->runController(Object(App\Controllers\adminController))
 6 SYSTEMPATH\CodeIgniter.php(351): CodeIgniter\CodeIgniter->handleRequest(null, Object(Config\Cache), false)
 7 FCPATH\index.php(67): CodeIgniter\CodeIgniter->run()
CRITICAL - 2023-01-21 13:25:47 --> Invalid file: admin/login-user-list.php
in SYSTEMPATH\Exceptions\FrameworkException.php on line 33.
 1 SYSTEMPATH\View\View.php(201): CodeIgniter\Exceptions\FrameworkException::forInvalidFile('admin/login-user-list.php')
 2 SYSTEMPATH\Common.php(1134): CodeIgniter\View\View->render('admin/login-user-list', [], true)
 3 APPPATH\Controllers\adminController.php(426): view('admin/login-user-list', [...])
 4 SYSTEMPATH\CodeIgniter.php(927): App\Controllers\adminController->loginuserlist()
 5 SYSTEMPATH\CodeIgniter.php(482): CodeIgniter\CodeIgniter->runController(Object(App\Controllers\adminController))
 6 SYSTEMPATH\CodeIgniter.php(351): CodeIgniter\CodeIgniter->handleRequest(null, Object(Config\Cache), false)
 7 FCPATH\index.php(67): CodeIgniter\CodeIgniter->run()
CRITICAL - 2023-01-21 13:26:48 --> Undefined variable $user
in APPPATH\Views\admin\user-list.php on line 63.
 1 APPPATH\Views\admin\user-list.php(63): CodeIgniter\Debug\Exceptions->errorHandler(2, 'Undefined variable $user', 'APPPATH\\Views\\admin\\user-list.php', 63)
 2 SYSTEMPATH\View\View.php(213): include('APPPATH\\Views\\admin\\user-list.php')
 3 SYSTEMPATH\View\View.php(216): CodeIgniter\View\View->CodeIgniter\View\{closure}()
 4 SYSTEMPATH\Common.php(1134): CodeIgniter\View\View->render('admin/user-list', [], true)
 5 APPPATH\Controllers\adminController.php(235): view('admin/user-list', [...])
 6 SYSTEMPATH\CodeIgniter.php(927): App\Controllers\adminController->userList()
 7 SYSTEMPATH\CodeIgniter.php(482): CodeIgniter\CodeIgniter->runController(Object(App\Controllers\adminController))
 8 SYSTEMPATH\CodeIgniter.php(351): CodeIgniter\CodeIgniter->handleRequest(null, Object(Config\Cache), false)
 9 FCPATH\index.php(67): CodeIgniter\CodeIgniter->run()
CRITICAL - 2023-01-21 13:26:58 --> Undefined variable $user
in APPPATH\Views\admin\user-list.php on line 63.
 1 APPPATH\Views\admin\user-list.php(63): CodeIgniter\Debug\Exceptions->errorHandler(2, 'Undefined variable $user', 'APPPATH\\Views\\admin\\user-list.php', 63)
 2 SYSTEMPATH\View\View.php(213): include('APPPATH\\Views\\admin\\user-list.php')
 3 SYSTEMPATH\View\View.php(216): CodeIgniter\View\View->CodeIgniter\View\{closure}()
 4 SYSTEMPATH\Common.php(1134): CodeIgniter\View\View->render('admin/user-list', [], true)
 5 APPPATH\Controllers\adminController.php(235): view('admin/user-list', [...])
 6 SYSTEMPATH\CodeIgniter.php(927): App\Controllers\adminController->userList()
 7 SYSTEMPATH\CodeIgniter.php(482): CodeIgniter\CodeIgniter->runController(Object(App\Controllers\adminController))
 8 SYSTEMPATH\CodeIgniter.php(351): CodeIgniter\CodeIgniter->handleRequest(null, Object(Config\Cache), false)
 9 FCPATH\index.php(67): CodeIgniter\CodeIgniter->run()
CRITICAL - 2023-01-21 13:28:21 --> Undefined property: stdClass::$username
in APPPATH\Views\admin\user-list.php on line 68.
 1 APPPATH\Views\admin\user-list.php(68): CodeIgniter\Debug\Exceptions->errorHandler(2, 'Undefined property: stdClass::$username', 'APPPATH\\Views\\admin\\user-list.php', 68)
 2 SYSTEMPATH\View\View.php(213): include('APPPATH\\Views\\admin\\user-list.php')
 3 SYSTEMPATH\View\View.php(216): CodeIgniter\View\View->CodeIgniter\View\{closure}()
 4 SYSTEMPATH\Common.php(1134): CodeIgniter\View\View->render('admin/user-list', [], true)
 5 APPPATH\Controllers\adminController.php(235): view('admin/user-list', [...])
 6 SYSTEMPATH\CodeIgniter.php(927): App\Controllers\adminController->userList()
 7 SYSTEMPATH\CodeIgniter.php(482): CodeIgniter\CodeIgniter->runController(Object(App\Controllers\adminController))
 8 SYSTEMPATH\CodeIgniter.php(351): CodeIgniter\CodeIgniter->handleRequest(null, Object(Config\Cache), false)
 9 FCPATH\index.php(67): CodeIgniter\CodeIgniter->run()
CRITICAL - 2023-01-21 13:28:55 --> Undefined property: stdClass::$username
in APPPATH\Views\admin\user-list.php on line 68.
 1 APPPATH\Views\admin\user-list.php(68): CodeIgniter\Debug\Exceptions->errorHandler(2, 'Undefined property: stdClass::$username', 'APPPATH\\Views\\admin\\user-list.php', 68)
 2 SYSTEMPATH\View\View.php(213): include('APPPATH\\Views\\admin\\user-list.php')
 3 SYSTEMPATH\View\View.php(216): CodeIgniter\View\View->CodeIgniter\View\{closure}()
 4 SYSTEMPATH\Common.php(1134): CodeIgniter\View\View->render('admin/user-list', [], true)
 5 APPPATH\Controllers\adminController.php(235): view('admin/user-list', [...])
 6 SYSTEMPATH\CodeIgniter.php(927): App\Controllers\adminController->userList()
 7 SYSTEMPATH\CodeIgniter.php(482): CodeIgniter\CodeIgniter->runController(Object(App\Controllers\adminController))
 8 SYSTEMPATH\CodeIgniter.php(351): CodeIgniter\CodeIgniter->handleRequest(null, Object(Config\Cache), false)
 9 FCPATH\index.php(67): CodeIgniter\CodeIgniter->run()
CRITICAL - 2023-01-21 13:29:23 --> Undefined property: stdClass::$email
in APPPATH\Views\admin\user-list.php on line 69.
 1 APPPATH\Views\admin\user-list.php(69): CodeIgniter\Debug\Exceptions->errorHandler(2, 'Undefined property: stdClass::$email', 'APPPATH\\Views\\admin\\user-list.php', 69)
 2 SYSTEMPATH\View\View.php(213): include('APPPATH\\Views\\admin\\user-list.php')
 3 SYSTEMPATH\View\View.php(216): CodeIgniter\View\View->CodeIgniter\View\{closure}()
 4 SYSTEMPATH\Common.php(1134): CodeIgniter\View\View->render('admin/user-list', [], true)
 5 APPPATH\Controllers\adminController.php(235): view('admin/user-list', [...])
 6 SYSTEMPATH\CodeIgniter.php(927): App\Controllers\adminController->userList()
 7 SYSTEMPATH\CodeIgniter.php(482): CodeIgniter\CodeIgniter->runController(Object(App\Controllers\adminController))
 8 SYSTEMPATH\CodeIgniter.php(351): CodeIgniter\CodeIgniter->handleRequest(null, Object(Config\Cache), false)
 9 FCPATH\index.php(67): CodeIgniter\CodeIgniter->run()
CRITICAL - 2023-01-21 13:31:10 --> Undefined property: stdClass::$email
in APPPATH\Views\admin\user-list.php on line 69.
 1 APPPATH\Views\admin\user-list.php(69): CodeIgniter\Debug\Exceptions->errorHandler(2, 'Undefined property: stdClass::$email', 'APPPATH\\Views\\admin\\user-list.php', 69)
 2 SYSTEMPATH\View\View.php(213): include('APPPATH\\Views\\admin\\user-list.php')
 3 SYSTEMPATH\View\View.php(216): CodeIgniter\View\View->CodeIgniter\View\{closure}()
 4 SYSTEMPATH\Common.php(1134): CodeIgniter\View\View->render('admin/user-list', [], true)
 5 APPPATH\Controllers\adminController.php(235): view('admin/user-list', [...])
 6 SYSTEMPATH\CodeIgniter.php(927): App\Controllers\adminController->userList()
 7 SYSTEMPATH\CodeIgniter.php(482): CodeIgniter\CodeIgniter->runController(Object(App\Controllers\adminController))
 8 SYSTEMPATH\CodeIgniter.php(351): CodeIgniter\CodeIgniter->handleRequest(null, Object(Config\Cache), false)
 9 FCPATH\index.php(67): CodeIgniter\CodeIgniter->run()
CRITICAL - 2023-01-21 13:31:22 --> Undefined property: stdClass::$email
in APPPATH\Views\admin\user-list.php on line 69.
 1 APPPATH\Views\admin\user-list.php(69): CodeIgniter\Debug\Exceptions->errorHandler(2, 'Undefined property: stdClass::$email', 'APPPATH\\Views\\admin\\user-list.php', 69)
 2 SYSTEMPATH\View\View.php(213): include('APPPATH\\Views\\admin\\user-list.php')
 3 SYSTEMPATH\View\View.php(216): CodeIgniter\View\View->CodeIgniter\View\{closure}()
 4 SYSTEMPATH\Common.php(1134): CodeIgniter\View\View->render('admin/user-list', [], true)
 5 APPPATH\Controllers\adminController.php(235): view('admin/user-list', [...])
 6 SYSTEMPATH\CodeIgniter.php(927): App\Controllers\adminController->userList()
 7 SYSTEMPATH\CodeIgniter.php(482): CodeIgniter\CodeIgniter->runController(Object(App\Controllers\adminController))
 8 SYSTEMPATH\CodeIgniter.php(351): CodeIgniter\CodeIgniter->handleRequest(null, Object(Config\Cache), false)
 9 FCPATH\index.php(67): CodeIgniter\CodeIgniter->run()
CRITICAL - 2023-01-21 13:31:46 --> Undefined property: stdClass::$email
in APPPATH\Views\admin\user-list.php on line 69.
 1 APPPATH\Views\admin\user-list.php(69): CodeIgniter\Debug\Exceptions->errorHandler(2, 'Undefined property: stdClass::$email', 'APPPATH\\Views\\admin\\user-list.php', 69)
 2 SYSTEMPATH\View\View.php(213): include('APPPATH\\Views\\admin\\user-list.php')
 3 SYSTEMPATH\View\View.php(216): CodeIgniter\View\View->CodeIgniter\View\{closure}()
 4 SYSTEMPATH\Common.php(1134): CodeIgniter\View\View->render('admin/user-list', [], true)
 5 APPPATH\Controllers\adminController.php(235): view('admin/user-list', [...])
 6 SYSTEMPATH\CodeIgniter.php(927): App\Controllers\adminController->userList()
 7 SYSTEMPATH\CodeIgniter.php(482): CodeIgniter\CodeIgniter->runController(Object(App\Controllers\adminController))
 8 SYSTEMPATH\CodeIgniter.php(351): CodeIgniter\CodeIgniter->handleRequest(null, Object(Config\Cache), false)
 9 FCPATH\index.php(67): CodeIgniter\CodeIgniter->run()
CRITICAL - 2023-01-21 13:33:34 --> Undefined property: stdClass::$deviceid
in APPPATH\Views\admin\user-list.php on line 71.
 1 APPPATH\Views\admin\user-list.php(71): CodeIgniter\Debug\Exceptions->errorHandler(2, 'Undefined property: stdClass::$deviceid', 'APPPATH\\Views\\admin\\user-list.php', 71)
 2 SYSTEMPATH\View\View.php(213): include('APPPATH\\Views\\admin\\user-list.php')
 3 SYSTEMPATH\View\View.php(216): CodeIgniter\View\View->CodeIgniter\View\{closure}()
 4 SYSTEMPATH\Common.php(1134): CodeIgniter\View\View->render('admin/user-list', [], true)
 5 APPPATH\Controllers\adminController.php(235): view('admin/user-list', [...])
 6 SYSTEMPATH\CodeIgniter.php(927): App\Controllers\adminController->userList()
 7 SYSTEMPATH\CodeIgniter.php(482): CodeIgniter\CodeIgniter->runController(Object(App\Controllers\adminController))
 8 SYSTEMPATH\CodeIgniter.php(351): CodeIgniter\CodeIgniter->handleRequest(null, Object(Config\Cache), false)
 9 FCPATH\index.php(67): CodeIgniter\CodeIgniter->run()
CRITICAL - 2023-01-21 15:09:53 --> Invalid file: admin/login-user-list.php
in SYSTEMPATH\Exceptions\FrameworkException.php on line 33.
 1 SYSTEMPATH\View\View.php(201): CodeIgniter\Exceptions\FrameworkException::forInvalidFile('admin/login-user-list.php')
 2 SYSTEMPATH\Common.php(1134): CodeIgniter\View\View->render('admin/login-user-list', [], true)
 3 APPPATH\Controllers\adminController.php(426): view('admin/login-user-list', [...])
 4 SYSTEMPATH\CodeIgniter.php(927): App\Controllers\adminController->loginuserlist()
 5 SYSTEMPATH\CodeIgniter.php(482): CodeIgniter\CodeIgniter->runController(Object(App\Controllers\adminController))
 6 SYSTEMPATH\CodeIgniter.php(351): CodeIgniter\CodeIgniter->handleRequest(null, Object(Config\Cache), false)
 7 FCPATH\index.php(67): CodeIgniter\CodeIgniter->run()
CRITICAL - 2023-01-21 15:10:11 --> Invalid file: admin/login-user-list.php
in SYSTEMPATH\Exceptions\FrameworkException.php on line 33.
 1 SYSTEMPATH\View\View.php(201): CodeIgniter\Exceptions\FrameworkException::forInvalidFile('admin/login-user-list.php')
 2 SYSTEMPATH\Common.php(1134): CodeIgniter\View\View->render('admin/login-user-list', [], true)
 3 APPPATH\Controllers\adminController.php(426): view('admin/login-user-list', [...])
 4 SYSTEMPATH\CodeIgniter.php(927): App\Controllers\adminController->loginuserlist()
 5 SYSTEMPATH\CodeIgniter.php(482): CodeIgniter\CodeIgniter->runController(Object(App\Controllers\adminController))
 6 SYSTEMPATH\CodeIgniter.php(351): CodeIgniter\CodeIgniter->handleRequest(null, Object(Config\Cache), false)
 7 FCPATH\index.php(67): CodeIgniter\CodeIgniter->run()
CRITICAL - 2023-01-21 15:11:42 --> Invalid file: admin/login-user-list.php
in SYSTEMPATH\Exceptions\FrameworkException.php on line 33.
 1 SYSTEMPATH\View\View.php(201): CodeIgniter\Exceptions\FrameworkException::forInvalidFile('admin/login-user-list.php')
 2 SYSTEMPATH\Common.php(1134): CodeIgniter\View\View->render('admin/login-user-list', [], true)
 3 APPPATH\Controllers\adminController.php(426): view('admin/login-user-list', [...])
 4 SYSTEMPATH\CodeIgniter.php(927): App\Controllers\adminController->loginuserlist()
 5 SYSTEMPATH\CodeIgniter.php(482): CodeIgniter\CodeIgniter->runController(Object(App\Controllers\adminController))
 6 SYSTEMPATH\CodeIgniter.php(351): CodeIgniter\CodeIgniter->handleRequest(null, Object(Config\Cache), false)
 7 FCPATH\index.php(67): CodeIgniter\CodeIgniter->run()
CRITICAL - 2023-01-21 15:12:50 --> Undefined property: stdClass::$mobile
in APPPATH\Views\admin\login-user-list.php on line 73.
 1 APPPATH\Views\admin\login-user-list.php(73): CodeIgniter\Debug\Exceptions->errorHandler(2, 'Undefined property: stdClass::$mobile', 'APPPATH\\Views\\admin\\login-user-list.php', 73)
 2 SYSTEMPATH\View\View.php(213): include('APPPATH\\Views\\admin\\login-user-list.php')
 3 SYSTEMPATH\View\View.php(216): CodeIgniter\View\View->CodeIgniter\View\{closure}()
 4 SYSTEMPATH\Common.php(1134): CodeIgniter\View\View->render('admin/login-user-list', [], true)
 5 APPPATH\Controllers\adminController.php(426): view('admin/login-user-list', [...])
 6 SYSTEMPATH\CodeIgniter.php(927): App\Controllers\adminController->loginuserlist()
 7 SYSTEMPATH\CodeIgniter.php(482): CodeIgniter\CodeIgniter->runController(Object(App\Controllers\adminController))
 8 SYSTEMPATH\CodeIgniter.php(351): CodeIgniter\CodeIgniter->handleRequest(null, Object(Config\Cache), false)
 9 FCPATH\index.php(67): CodeIgniter\CodeIgniter->run()
CRITICAL - 2023-01-21 15:14:06 --> Invalid file: admin/user-list.php
in SYSTEMPATH\Exceptions\FrameworkException.php on line 33.
 1 SYSTEMPATH\View\View.php(201): CodeIgniter\Exceptions\FrameworkException::forInvalidFile('admin/user-list.php')
 2 SYSTEMPATH\Common.php(1134): CodeIgniter\View\View->render('admin/user-list', [], true)
 3 APPPATH\Controllers\adminController.php(235): view('admin/user-list', [...])
 4 SYSTEMPATH\CodeIgniter.php(927): App\Controllers\adminController->userList()
 5 SYSTEMPATH\CodeIgniter.php(482): CodeIgniter\CodeIgniter->runController(Object(App\Controllers\adminController))
 6 SYSTEMPATH\CodeIgniter.php(351): CodeIgniter\CodeIgniter->handleRequest(null, Object(Config\Cache), false)
 7 FCPATH\index.php(67): CodeIgniter\CodeIgniter->run()
CRITICAL - 2023-01-21 15:15:54 --> Undefined property: stdClass::$email
in APPPATH\Views\admin\user-list.php on line 73.
 1 APPPATH\Views\admin\user-list.php(73): CodeIgniter\Debug\Exceptions->errorHandler(2, 'Undefined property: stdClass::$email', 'APPPATH\\Views\\admin\\user-list.php', 73)
 2 SYSTEMPATH\View\View.php(213): include('APPPATH\\Views\\admin\\user-list.php')
 3 SYSTEMPATH\View\View.php(216): CodeIgniter\View\View->CodeIgniter\View\{closure}()
 4 SYSTEMPATH\Common.php(1134): CodeIgniter\View\View->render('admin/user-list', [], true)
 5 APPPATH\Controllers\adminController.php(235): view('admin/user-list', [...])
 6 SYSTEMPATH\CodeIgniter.php(927): App\Controllers\adminController->userList()
 7 SYSTEMPATH\CodeIgniter.php(482): CodeIgniter\CodeIgniter->runController(Object(App\Controllers\adminController))
 8 SYSTEMPATH\CodeIgniter.php(351): CodeIgniter\CodeIgniter->handleRequest(null, Object(Config\Cache), false)
 9 FCPATH\index.php(67): CodeIgniter\CodeIgniter->run()
CRITICAL - 2023-01-21 15:19:14 --> Undefined property: stdClass::$validity_days
in APPPATH\Views\admin\plan-list.php on line 60.
 1 APPPATH\Views\admin\plan-list.php(60): CodeIgniter\Debug\Exceptions->errorHandler(2, 'Undefined property: stdClass::$validity_days', 'APPPATH\\Views\\admin\\plan-list.php', 60)
 2 SYSTEMPATH\View\View.php(213): include('APPPATH\\Views\\admin\\plan-list.php')
 3 SYSTEMPATH\View\View.php(216): CodeIgniter\View\View->CodeIgniter\View\{closure}()
 4 SYSTEMPATH\Common.php(1134): CodeIgniter\View\View->render('admin/plan-list', [], true)
 5 APPPATH\Controllers\adminController.php(183): view('admin/plan-list', [...])
 6 SYSTEMPATH\CodeIgniter.php(927): App\Controllers\adminController->planList()
 7 SYSTEMPATH\CodeIgniter.php(482): CodeIgniter\CodeIgniter->runController(Object(App\Controllers\adminController))
 8 SYSTEMPATH\CodeIgniter.php(351): CodeIgniter\CodeIgniter->handleRequest(null, Object(Config\Cache), false)
 9 FCPATH\index.php(67): CodeIgniter\CodeIgniter->run()
CRITICAL - 2023-01-21 15:20:34 --> Undefined property: stdClass::$plan_validity
in APPPATH\Views\admin\plan-list.php on line 60.
 1 APPPATH\Views\admin\plan-list.php(60): CodeIgniter\Debug\Exceptions->errorHandler(2, 'Undefined property: stdClass::$plan_validity', 'APPPATH\\Views\\admin\\plan-list.php', 60)
 2 SYSTEMPATH\View\View.php(213): include('APPPATH\\Views\\admin\\plan-list.php')
 3 SYSTEMPATH\View\View.php(216): CodeIgniter\View\View->CodeIgniter\View\{closure}()
 4 SYSTEMPATH\Common.php(1134): CodeIgniter\View\View->render('admin/plan-list', [], true)
 5 APPPATH\Controllers\adminController.php(183): view('admin/plan-list', [...])
 6 SYSTEMPATH\CodeIgniter.php(927): App\Controllers\adminController->planList()
 7 SYSTEMPATH\CodeIgniter.php(482): CodeIgniter\CodeIgniter->runController(Object(App\Controllers\adminController))
 8 SYSTEMPATH\CodeIgniter.php(351): CodeIgniter\CodeIgniter->handleRequest(null, Object(Config\Cache), false)
 9 FCPATH\index.php(67): CodeIgniter\CodeIgniter->run()
CRITICAL - 2023-01-21 15:24:13 --> Undefined property: stdClass::$plan_validity
in APPPATH\Views\admin\plan-edit.php on line 55.
 1 APPPATH\Views\admin\plan-edit.php(55): CodeIgniter\Debug\Exceptions->errorHandler(2, 'Undefined property: stdClass::$plan_validity', 'APPPATH\\Views\\admin\\plan-edit.php', 55)
 2 SYSTEMPATH\View\View.php(213): include('APPPATH\\Views\\admin\\plan-edit.php')
 3 SYSTEMPATH\View\View.php(216): CodeIgniter\View\View->CodeIgniter\View\{closure}()
 4 SYSTEMPATH\Common.php(1134): CodeIgniter\View\View->render('admin/plan-edit', [], true)
 5 APPPATH\Controllers\adminController.php(168): view('admin/plan-edit', [...])
 6 SYSTEMPATH\CodeIgniter.php(927): App\Controllers\adminController->planEdit('5')
 7 SYSTEMPATH\CodeIgniter.php(482): CodeIgniter\CodeIgniter->runController(Object(App\Controllers\adminController))
 8 SYSTEMPATH\CodeIgniter.php(351): CodeIgniter\CodeIgniter->handleRequest(null, Object(Config\Cache), false)
 9 FCPATH\index.php(67): CodeIgniter\CodeIgniter->run()
CRITICAL - 2023-01-21 15:24:49 --> Attempt to read property "id" on null
in APPPATH\Views\admin\plan-edit.php on line 44.
 1 APPPATH\Views\admin\plan-edit.php(44): CodeIgniter\Debug\Exceptions->errorHandler(2, 'Attempt to read property "id" on null', 'APPPATH\\Views\\admin\\plan-edit.php', 44)
 2 SYSTEMPATH\View\View.php(213): include('APPPATH\\Views\\admin\\plan-edit.php')
 3 SYSTEMPATH\View\View.php(216): CodeIgniter\View\View->CodeIgniter\View\{closure}()
 4 SYSTEMPATH\Common.php(1134): CodeIgniter\View\View->render('admin/plan-edit', [], true)
 5 APPPATH\Controllers\adminController.php(168): view('admin/plan-edit', [...])
 6 SYSTEMPATH\CodeIgniter.php(927): App\Controllers\adminController->planEdit('FCPATH\\assets2', 'img', 'messages-1.jpg')
 7 SYSTEMPATH\CodeIgniter.php(482): CodeIgniter\CodeIgniter->runController(Object(App\Controllers\adminController))
 8 SYSTEMPATH\CodeIgniter.php(351): CodeIgniter\CodeIgniter->handleRequest(null, Object(Config\Cache), false)
 9 FCPATH\index.php(67): CodeIgniter\CodeIgniter->run()
CRITICAL - 2023-01-21 15:24:49 --> Attempt to read property "id" on null
in APPPATH\Views\admin\plan-edit.php on line 44.
 1 APPPATH\Views\admin\plan-edit.php(44): CodeIgniter\Debug\Exceptions->errorHandler(2, 'Attempt to read property "id" on null', 'APPPATH\\Views\\admin\\plan-edit.php', 44)
 2 SYSTEMPATH\View\View.php(213): include('APPPATH\\Views\\admin\\plan-edit.php')
 3 SYSTEMPATH\View\View.php(216): CodeIgniter\View\View->CodeIgniter\View\{closure}()
 4 SYSTEMPATH\Common.php(1134): CodeIgniter\View\View->render('admin/plan-edit', [], true)
 5 APPPATH\Controllers\adminController.php(168): view('admin/plan-edit', [...])
 6 SYSTEMPATH\CodeIgniter.php(927): App\Controllers\adminController->planEdit('assets222', 'img', 'messages-2.jpg')
 7 SYSTEMPATH\CodeIgniter.php(482): CodeIgniter\CodeIgniter->runController(Object(App\Controllers\adminController))
 8 SYSTEMPATH\CodeIgniter.php(351): CodeIgniter\CodeIgniter->handleRequest(null, Object(Config\Cache), false)
 9 FCPATH\index.php(67): CodeIgniter\CodeIgniter->run()
CRITICAL - 2023-01-21 15:24:49 --> Attempt to read property "id" on null
in APPPATH\Views\admin\plan-edit.php on line 44.
 1 APPPATH\Views\admin\plan-edit.php(44): CodeIgniter\Debug\Exceptions->errorHandler(2, 'Attempt to read property "id" on null', 'APPPATH\\Views\\admin\\plan-edit.php', 44)
 2 SYSTEMPATH\View\View.php(213): include('APPPATH\\Views\\admin\\plan-edit.php')
 3 SYSTEMPATH\View\View.php(216): CodeIgniter\View\View->CodeIgniter\View\{closure}()
 4 SYSTEMPATH\Common.php(1134): CodeIgniter\View\View->render('admin/plan-edit', [], true)
 5 APPPATH\Controllers\adminController.php(168): view('admin/plan-edit', [...])
 6 SYSTEMPATH\CodeIgniter.php(927): App\Controllers\adminController->planEdit('FCPATH\\assets2', 'img', 'profile-img.jpg')
 7 SYSTEMPATH\CodeIgniter.php(482): CodeIgniter\CodeIgniter->runController(Object(App\Controllers\adminController))
 8 SYSTEMPATH\CodeIgniter.php(351): CodeIgniter\CodeIgniter->handleRequest(null, Object(Config\Cache), false)
 9 FCPATH\index.php(67): CodeIgniter\CodeIgniter->run()
CRITICAL - 2023-01-21 15:24:49 --> Attempt to read property "id" on null
in APPPATH\Views\admin\plan-edit.php on line 44.
 1 APPPATH\Views\admin\plan-edit.php(44): CodeIgniter\Debug\Exceptions->errorHandler(2, 'Attempt to read property "id" on null', 'APPPATH\\Views\\admin\\plan-edit.php', 44)
 2 SYSTEMPATH\View\View.php(213): include('APPPATH\\Views\\admin\\plan-edit.php')
 3 SYSTEMPATH\View\View.php(216): CodeIgniter\View\View->CodeIgniter\View\{closure}()
 4 SYSTEMPATH\Common.php(1134): CodeIgniter\View\View->render('admin/plan-edit', [], true)
 5 APPPATH\Controllers\adminController.php(168): view('admin/plan-edit', [...])
 6 SYSTEMPATH\CodeIgniter.php(927): App\Controllers\adminController->planEdit('FCPATH\\assets2', 'img', 'messages-3.jpg')
 7 SYSTEMPATH\CodeIgniter.php(482): CodeIgniter\CodeIgniter->runController(Object(App\Controllers\adminController))
 8 SYSTEMPATH\CodeIgniter.php(351): CodeIgniter\CodeIgniter->handleRequest(null, Object(Config\Cache), false)
 9 FCPATH\index.php(67): CodeIgniter\CodeIgniter->run()
ERROR - 2023-01-21 15:25:20 --> mysqli_sql_exception: Unknown column 'plan_validity' in 'field list' in C:\xampp\htdocs\data-search\system\Database\MySQLi\Connection.php:292
Stack trace:
#0 C:\xampp\htdocs\data-search\system\Database\MySQLi\Connection.php(292): mysqli->query('INSERT INTO `pl...', 0)
#1 C:\xampp\htdocs\data-search\system\Database\BaseConnection.php(666): CodeIgniter\Database\MySQLi\Connection->execute('INSERT INTO `pl...')
#2 C:\xampp\htdocs\data-search\system\Database\BaseConnection.php(593): CodeIgniter\Database\BaseConnection->simpleQuery('INSERT INTO `pl...')
#3 C:\xampp\htdocs\data-search\system\Database\BaseBuilder.php(1916): CodeIgniter\Database\BaseConnection->query('INSERT INTO `pl...', Array, false)
#4 C:\xampp\htdocs\data-search\app\Controllers\adminController.php(138): CodeIgniter\Database\BaseBuilder->insert(Array)
#5 C:\xampp\htdocs\data-search\system\CodeIgniter.php(927): App\Controllers\adminController->planAdd()
#6 C:\xampp\htdocs\data-search\system\CodeIgniter.php(482): CodeIgniter\CodeIgniter->runController(Object(App\Controllers\adminController))
#7 C:\xampp\htdocs\data-search\system\CodeIgniter.php(351): CodeIgniter\CodeIgniter->handleRequest(NULL, Object(Config\Cache), false)
#8 C:\xampp\htdocs\data-search\index.php(67): CodeIgniter\CodeIgniter->run()
#9 {main}
CRITICAL - 2023-01-21 15:25:20 --> Unknown column 'plan_validity' in 'field list'
in SYSTEMPATH\Database\MySQLi\Connection.php on line 292.
 1 SYSTEMPATH\Database\MySQLi\Connection.php(292): mysqli->query('INSERT INTO `plandetail` (`plan_name`, `plan_validity`, `plan_price`, `status`) VALUES (\'Supar\', \'356\', \'999\', 1)', 0)
 2 SYSTEMPATH\Database\BaseConnection.php(666): CodeIgniter\Database\MySQLi\Connection->execute('INSERT INTO `plandetail` (`plan_name`, `plan_validity`, `plan_price`, `status`) VALUES (\'Supar\', \'356\', \'999\', 1)')
 3 SYSTEMPATH\Database\BaseConnection.php(593): CodeIgniter\Database\BaseConnection->simpleQuery('INSERT INTO `plandetail` (`plan_name`, `plan_validity`, `plan_price`, `status`) VALUES (\'Supar\', \'356\', \'999\', 1)')
 4 SYSTEMPATH\Database\BaseBuilder.php(1916): CodeIgniter\Database\BaseConnection->query('INSERT INTO `plandetail` (`plan_name`, `plan_validity`, `plan_price`, `status`) VALUES (:plan_name:, :plan_validity:, :plan_price:, :status:)', [...], false)
 5 APPPATH\Controllers\adminController.php(138): CodeIgniter\Database\BaseBuilder->insert([...])
 6 SYSTEMPATH\CodeIgniter.php(927): App\Controllers\adminController->planAdd()
 7 SYSTEMPATH\CodeIgniter.php(482): CodeIgniter\CodeIgniter->runController(Object(App\Controllers\adminController))
 8 SYSTEMPATH\CodeIgniter.php(351): CodeIgniter\CodeIgniter->handleRequest(null, Object(Config\Cache), false)
 9 FCPATH\index.php(67): CodeIgniter\CodeIgniter->run()
CRITICAL - 2023-01-21 15:29:36 --> Attempt to read property "id" on null
in APPPATH\Views\admin\plan-edit.php on line 44.
 1 APPPATH\Views\admin\plan-edit.php(44): CodeIgniter\Debug\Exceptions->errorHandler(2, 'Attempt to read property "id" on null', 'APPPATH\\Views\\admin\\plan-edit.php', 44)
 2 SYSTEMPATH\View\View.php(213): include('APPPATH\\Views\\admin\\plan-edit.php')
 3 SYSTEMPATH\View\View.php(216): CodeIgniter\View\View->CodeIgniter\View\{closure}()
 4 SYSTEMPATH\Common.php(1134): CodeIgniter\View\View->render('admin/plan-edit', [], true)
 5 APPPATH\Controllers\adminController.php(168): view('admin/plan-edit', [...])
 6 SYSTEMPATH\CodeIgniter.php(927): App\Controllers\adminController->planEdit('FCPATH\\assets2', 'img', 'messages-1.jpg')
 7 SYSTEMPATH\CodeIgniter.php(482): CodeIgniter\CodeIgniter->runController(Object(App\Controllers\adminController))
 8 SYSTEMPATH\CodeIgniter.php(351): CodeIgniter\CodeIgniter->handleRequest(null, Object(Config\Cache), false)
 9 FCPATH\index.php(67): CodeIgniter\CodeIgniter->run()
CRITICAL - 2023-01-21 15:29:36 --> Attempt to read property "id" on null
in APPPATH\Views\admin\plan-edit.php on line 44.
 1 APPPATH\Views\admin\plan-edit.php(44): CodeIgniter\Debug\Exceptions->errorHandler(2, 'Attempt to read property "id" on null', 'APPPATH\\Views\\admin\\plan-edit.php', 44)
 2 SYSTEMPATH\View\View.php(213): include('APPPATH\\Views\\admin\\plan-edit.php')
 3 SYSTEMPATH\View\View.php(216): CodeIgniter\View\View->CodeIgniter\View\{closure}()
 4 SYSTEMPATH\Common.php(1134): CodeIgniter\View\View->render('admin/plan-edit', [], true)
 5 APPPATH\Controllers\adminController.php(168): view('admin/plan-edit', [...])
 6 SYSTEMPATH\CodeIgniter.php(927): App\Controllers\adminController->planEdit('assets222', 'img', 'messages-2.jpg')
 7 SYSTEMPATH\CodeIgniter.php(482): CodeIgniter\CodeIgniter->runController(Object(App\Controllers\adminController))
 8 SYSTEMPATH\CodeIgniter.php(351): CodeIgniter\CodeIgniter->handleRequest(null, Object(Config\Cache), false)
 9 FCPATH\index.php(67): CodeIgniter\CodeIgniter->run()
CRITICAL - 2023-01-21 15:29:36 --> Attempt to read property "id" on null
in APPPATH\Views\admin\plan-edit.php on line 44.
 1 APPPATH\Views\admin\plan-edit.php(44): CodeIgniter\Debug\Exceptions->errorHandler(2, 'Attempt to read property "id" on null', 'APPPATH\\Views\\admin\\plan-edit.php', 44)
 2 SYSTEMPATH\View\View.php(213): include('APPPATH\\Views\\admin\\plan-edit.php')
 3 SYSTEMPATH\View\View.php(216): CodeIgniter\View\View->CodeIgniter\View\{closure}()
 4 SYSTEMPATH\Common.php(1134): CodeIgniter\View\View->render('admin/plan-edit', [], true)
 5 APPPATH\Controllers\adminController.php(168): view('admin/plan-edit', [...])
 6 SYSTEMPATH\CodeIgniter.php(927): App\Controllers\adminController->planEdit('FCPATH\\assets2', 'img', 'profile-img.jpg')
 7 SYSTEMPATH\CodeIgniter.php(482): CodeIgniter\CodeIgniter->runController(Object(App\Controllers\adminController))
 8 SYSTEMPATH\CodeIgniter.php(351): CodeIgniter\CodeIgniter->handleRequest(null, Object(Config\Cache), false)
 9 FCPATH\index.php(67): CodeIgniter\CodeIgniter->run()
CRITICAL - 2023-01-21 15:29:36 --> Attempt to read property "id" on null
in APPPATH\Views\admin\plan-edit.php on line 44.
 1 APPPATH\Views\admin\plan-edit.php(44): CodeIgniter\Debug\Exceptions->errorHandler(2, 'Attempt to read property "id" on null', 'APPPATH\\Views\\admin\\plan-edit.php', 44)
 2 SYSTEMPATH\View\View.php(213): include('APPPATH\\Views\\admin\\plan-edit.php')
 3 SYSTEMPATH\View\View.php(216): CodeIgniter\View\View->CodeIgniter\View\{closure}()
 4 SYSTEMPATH\Common.php(1134): CodeIgniter\View\View->render('admin/plan-edit', [], true)
 5 APPPATH\Controllers\adminController.php(168): view('admin/plan-edit', [...])
 6 SYSTEMPATH\CodeIgniter.php(927): App\Controllers\adminController->planEdit('FCPATH\\assets2', 'img', 'messages-3.jpg')
 7 SYSTEMPATH\CodeIgniter.php(482): CodeIgniter\CodeIgniter->runController(Object(App\Controllers\adminController))
 8 SYSTEMPATH\CodeIgniter.php(351): CodeIgniter\CodeIgniter->handleRequest(null, Object(Config\Cache), false)
 9 FCPATH\index.php(67): CodeIgniter\CodeIgniter->run()
CRITICAL - 2023-01-21 15:32:02 --> Undefined variable $user
in APPPATH\Views\admin\user-list.php on line 69.
 1 APPPATH\Views\admin\user-list.php(69): CodeIgniter\Debug\Exceptions->errorHandler(2, 'Undefined variable $user', 'APPPATH\\Views\\admin\\user-list.php', 69)
 2 SYSTEMPATH\View\View.php(213): include('APPPATH\\Views\\admin\\user-list.php')
 3 SYSTEMPATH\View\View.php(216): CodeIgniter\View\View->CodeIgniter\View\{closure}()
 4 SYSTEMPATH\Common.php(1134): CodeIgniter\View\View->render('admin/user-list', [], true)
 5 APPPATH\Controllers\adminController.php(289): view('admin/user-list', [...])
 6 SYSTEMPATH\CodeIgniter.php(927): App\Controllers\adminController->userDelete('65')
 7 SYSTEMPATH\CodeIgniter.php(482): CodeIgniter\CodeIgniter->runController(Object(App\Controllers\adminController))
 8 SYSTEMPATH\CodeIgniter.php(351): CodeIgniter\CodeIgniter->handleRequest(null, Object(Config\Cache), false)
 9 FCPATH\index.php(67): CodeIgniter\CodeIgniter->run()
