CRITICAL - 2023-01-19 15:54:57 --> Attempt to read property "username" on null
in APPPATH\Controllers\dataController.php on line 95.
 1 APPPATH\Controllers\dataController.php(95): CodeIgniter\Debug\Exceptions->errorHandler(2, 'Attempt to read property "username" on null', 'APPPATH\\Controllers\\dataController.php', 95)
 2 SYSTEMPATH\CodeIgniter.php(927): App\Controllers\dataController->loginck()
 3 SYSTEMPATH\CodeIgniter.php(482): CodeIgniter\CodeIgniter->runController(Object(App\Controllers\dataController))
 4 SYSTEMPATH\CodeIgniter.php(351): CodeIgniter\CodeIgniter->handleRequest(null, Object(Config\Cache), false)
 5 FCPATH\index.php(67): CodeIgniter\CodeIgniter->run()
CRITICAL - 2023-01-19 16:03:43 --> Undefined variable $array
in APPPATH\Controllers\adminController.php on line 234.
 1 APPPATH\Controllers\adminController.php(234): CodeIgniter\Debug\Exceptions->errorHandler(2, 'Undefined variable $array', 'APPPATH\\Controllers\\adminController.php', 234)
 2 SYSTEMPATH\CodeIgniter.php(927): App\Controllers\adminController->userList()
 3 SYSTEMPATH\CodeIgniter.php(482): CodeIgniter\CodeIgniter->runController(Object(App\Controllers\adminController))
 4 SYSTEMPATH\CodeIgniter.php(351): CodeIgniter\CodeIgniter->handleRequest(null, Object(Config\Cache), false)
 5 FCPATH\index.php(67): CodeIgniter\CodeIgniter->run()
CRITICAL - 2023-01-19 16:23:03 --> Undefined property: stdClass::$plan_end
in APPPATH\Views\admin\user-list.php on line 45.
 1 APPPATH\Views\admin\user-list.php(45): CodeIgniter\Debug\Exceptions->errorHandler(2, 'Undefined property: stdClass::$plan_end', 'APPPATH\\Views\\admin\\user-list.php', 45)
 2 SYSTEMPATH\View\View.php(213): include('APPPATH\\Views\\admin\\user-list.php')
 3 SYSTEMPATH\View\View.php(216): CodeIgniter\View\View->CodeIgniter\View\{closure}()
 4 SYSTEMPATH\Common.php(1134): CodeIgniter\View\View->render('admin/user-list', [], true)
 5 APPPATH\Controllers\adminController.php(235): view('admin/user-list', [...])
 6 SYSTEMPATH\CodeIgniter.php(927): App\Controllers\adminController->userList()
 7 SYSTEMPATH\CodeIgniter.php(482): CodeIgniter\CodeIgniter->runController(Object(App\Controllers\adminController))
 8 SYSTEMPATH\CodeIgniter.php(351): CodeIgniter\CodeIgniter->handleRequest(null, Object(Config\Cache), false)
 9 FCPATH\index.php(67): CodeIgniter\CodeIgniter->run()
CRITICAL - 2023-01-19 16:23:36 --> Undefined property: stdClass::$plan_end
in APPPATH\Views\admin\user-list.php on line 45.
 1 APPPATH\Views\admin\user-list.php(45): CodeIgniter\Debug\Exceptions->errorHandler(2, 'Undefined property: stdClass::$plan_end', 'APPPATH\\Views\\admin\\user-list.php', 45)
 2 SYSTEMPATH\View\View.php(213): include('APPPATH\\Views\\admin\\user-list.php')
 3 SYSTEMPATH\View\View.php(216): CodeIgniter\View\View->CodeIgniter\View\{closure}()
 4 SYSTEMPATH\Common.php(1134): CodeIgniter\View\View->render('admin/user-list', [], true)
 5 APPPATH\Controllers\adminController.php(235): view('admin/user-list', [...])
 6 SYSTEMPATH\CodeIgniter.php(927): App\Controllers\adminController->userList()
 7 SYSTEMPATH\CodeIgniter.php(482): CodeIgniter\CodeIgniter->runController(Object(App\Controllers\adminController))
 8 SYSTEMPATH\CodeIgniter.php(351): CodeIgniter\CodeIgniter->handleRequest(null, Object(Config\Cache), false)
 9 FCPATH\index.php(67): CodeIgniter\CodeIgniter->run()
CRITICAL - 2023-01-19 16:24:12 --> Undefined constant "App\Controllers\where"
in APPPATH\Controllers\adminController.php on line 250.
 1 SYSTEMPATH\CodeIgniter.php(927): App\Controllers\adminController->userDelete('8')
 2 SYSTEMPATH\CodeIgniter.php(482): CodeIgniter\CodeIgniter->runController(Object(App\Controllers\adminController))
 3 SYSTEMPATH\CodeIgniter.php(351): CodeIgniter\CodeIgniter->handleRequest(null, Object(Config\Cache), false)
 4 FCPATH\index.php(67): CodeIgniter\CodeIgniter->run()
CRITICAL - 2023-01-19 16:24:53 --> Undefined constant "App\Controllers\where"
in APPPATH\Controllers\adminController.php on line 250.
 1 SYSTEMPATH\CodeIgniter.php(927): App\Controllers\adminController->userDelete('8')
 2 SYSTEMPATH\CodeIgniter.php(482): CodeIgniter\CodeIgniter->runController(Object(App\Controllers\adminController))
 3 SYSTEMPATH\CodeIgniter.php(351): CodeIgniter\CodeIgniter->handleRequest(null, Object(Config\Cache), false)
 4 FCPATH\index.php(67): CodeIgniter\CodeIgniter->run()
CRITICAL - 2023-01-19 16:24:57 --> Undefined property: stdClass::$ussrid
in APPPATH\Views\admin\user-list.php on line 50.
 1 APPPATH\Views\admin\user-list.php(50): CodeIgniter\Debug\Exceptions->errorHandler(2, 'Undefined property: stdClass::$ussrid', 'APPPATH\\Views\\admin\\user-list.php', 50)
 2 SYSTEMPATH\View\View.php(213): include('APPPATH\\Views\\admin\\user-list.php')
 3 SYSTEMPATH\View\View.php(216): CodeIgniter\View\View->CodeIgniter\View\{closure}()
 4 SYSTEMPATH\Common.php(1134): CodeIgniter\View\View->render('admin/user-list', [], true)
 5 APPPATH\Controllers\adminController.php(235): view('admin/user-list', [...])
 6 SYSTEMPATH\CodeIgniter.php(927): App\Controllers\adminController->userList()
 7 SYSTEMPATH\CodeIgniter.php(482): CodeIgniter\CodeIgniter->runController(Object(App\Controllers\adminController))
 8 SYSTEMPATH\CodeIgniter.php(351): CodeIgniter\CodeIgniter->handleRequest(null, Object(Config\Cache), false)
 9 FCPATH\index.php(67): CodeIgniter\CodeIgniter->run()
CRITICAL - 2023-01-19 16:25:02 --> Undefined property: stdClass::$ussrid
in APPPATH\Views\admin\user-list.php on line 50.
 1 APPPATH\Views\admin\user-list.php(50): CodeIgniter\Debug\Exceptions->errorHandler(2, 'Undefined property: stdClass::$ussrid', 'APPPATH\\Views\\admin\\user-list.php', 50)
 2 SYSTEMPATH\View\View.php(213): include('APPPATH\\Views\\admin\\user-list.php')
 3 SYSTEMPATH\View\View.php(216): CodeIgniter\View\View->CodeIgniter\View\{closure}()
 4 SYSTEMPATH\Common.php(1134): CodeIgniter\View\View->render('admin/user-list', [], true)
 5 APPPATH\Controllers\adminController.php(235): view('admin/user-list', [...])
 6 SYSTEMPATH\CodeIgniter.php(927): App\Controllers\adminController->userList()
 7 SYSTEMPATH\CodeIgniter.php(482): CodeIgniter\CodeIgniter->runController(Object(App\Controllers\adminController))
 8 SYSTEMPATH\CodeIgniter.php(351): CodeIgniter\CodeIgniter->handleRequest(null, Object(Config\Cache), false)
 9 FCPATH\index.php(67): CodeIgniter\CodeIgniter->run()
CRITICAL - 2023-01-19 16:25:59 --> Undefined constant "App\Controllers\where"
in APPPATH\Controllers\adminController.php on line 250.
 1 SYSTEMPATH\CodeIgniter.php(927): App\Controllers\adminController->userDelete('8')
 2 SYSTEMPATH\CodeIgniter.php(482): CodeIgniter\CodeIgniter->runController(Object(App\Controllers\adminController))
 3 SYSTEMPATH\CodeIgniter.php(351): CodeIgniter\CodeIgniter->handleRequest(null, Object(Config\Cache), false)
 4 FCPATH\index.php(67): CodeIgniter\CodeIgniter->run()
CRITICAL - 2023-01-19 16:28:12 --> Undefined constant "App\Controllers\where"
in APPPATH\Controllers\adminController.php on line 250.
 1 SYSTEMPATH\CodeIgniter.php(927): App\Controllers\adminController->userDelete('8')
 2 SYSTEMPATH\CodeIgniter.php(482): CodeIgniter\CodeIgniter->runController(Object(App\Controllers\adminController))
 3 SYSTEMPATH\CodeIgniter.php(351): CodeIgniter\CodeIgniter->handleRequest(null, Object(Config\Cache), false)
 4 FCPATH\index.php(67): CodeIgniter\CodeIgniter->run()
CRITICAL - 2023-01-19 16:28:26 --> Undefined constant "App\Controllers\where"
in APPPATH\Controllers\adminController.php on line 250.
 1 SYSTEMPATH\CodeIgniter.php(927): App\Controllers\adminController->userDelete('9')
 2 SYSTEMPATH\CodeIgniter.php(482): CodeIgniter\CodeIgniter->runController(Object(App\Controllers\adminController))
 3 SYSTEMPATH\CodeIgniter.php(351): CodeIgniter\CodeIgniter->handleRequest(null, Object(Config\Cache), false)
 4 FCPATH\index.php(67): CodeIgniter\CodeIgniter->run()
CRITICAL - 2023-01-19 16:28:57 --> Undefined constant "App\Controllers\where"
in APPPATH\Controllers\adminController.php on line 250.
 1 SYSTEMPATH\CodeIgniter.php(927): App\Controllers\adminController->userDelete('9')
 2 SYSTEMPATH\CodeIgniter.php(482): CodeIgniter\CodeIgniter->runController(Object(App\Controllers\adminController))
 3 SYSTEMPATH\CodeIgniter.php(351): CodeIgniter\CodeIgniter->handleRequest(null, Object(Config\Cache), false)
 4 FCPATH\index.php(67): CodeIgniter\CodeIgniter->run()
CRITICAL - 2023-01-19 16:44:36 --> Undefined property: stdClass::$plan
in APPPATH\Views\admin\active-list.php on line 48.
 1 APPPATH\Views\admin\active-list.php(48): CodeIgniter\Debug\Exceptions->errorHandler(2, 'Undefined property: stdClass::$plan', 'APPPATH\\Views\\admin\\active-list.php', 48)
 2 SYSTEMPATH\View\View.php(213): include('APPPATH\\Views\\admin\\active-list.php')
 3 SYSTEMPATH\View\View.php(216): CodeIgniter\View\View->CodeIgniter\View\{closure}()
 4 SYSTEMPATH\Common.php(1134): CodeIgniter\View\View->render('admin/active-list', [], true)
 5 APPPATH\Controllers\adminController.php(268): view('admin/active-list', [...])
 6 SYSTEMPATH\CodeIgniter.php(927): App\Controllers\adminController->activelist()
 7 SYSTEMPATH\CodeIgniter.php(482): CodeIgniter\CodeIgniter->runController(Object(App\Controllers\adminController))
 8 SYSTEMPATH\CodeIgniter.php(351): CodeIgniter\CodeIgniter->handleRequest(null, Object(Config\Cache), false)
 9 FCPATH\index.php(67): CodeIgniter\CodeIgniter->run()
CRITICAL - 2023-01-19 16:47:13 --> syntax error, unexpected token ";", expecting identifier or variable or "{" or "$"
in APPPATH\Views\admin\active-list.php on line 47.
 1 SYSTEMPATH\View\View.php(216): CodeIgniter\View\View->CodeIgniter\View\{closure}()
 2 SYSTEMPATH\Common.php(1134): CodeIgniter\View\View->render('admin/active-list', [], true)
 3 APPPATH\Controllers\adminController.php(268): view('admin/active-list', [...])
 4 SYSTEMPATH\CodeIgniter.php(927): App\Controllers\adminController->activelist()
 5 SYSTEMPATH\CodeIgniter.php(482): CodeIgniter\CodeIgniter->runController(Object(App\Controllers\adminController))
 6 SYSTEMPATH\CodeIgniter.php(351): CodeIgniter\CodeIgniter->handleRequest(null, Object(Config\Cache), false)
 7 FCPATH\index.php(67): CodeIgniter\CodeIgniter->run()
CRITICAL - 2023-01-19 16:47:39 --> syntax error, unexpected token ";"
in APPPATH\Views\admin\active-list.php on line 47.
 1 SYSTEMPATH\View\View.php(216): CodeIgniter\View\View->CodeIgniter\View\{closure}()
 2 SYSTEMPATH\Common.php(1134): CodeIgniter\View\View->render('admin/active-list', [], true)
 3 APPPATH\Controllers\adminController.php(268): view('admin/active-list', [...])
 4 SYSTEMPATH\CodeIgniter.php(927): App\Controllers\adminController->activelist()
 5 SYSTEMPATH\CodeIgniter.php(482): CodeIgniter\CodeIgniter->runController(Object(App\Controllers\adminController))
 6 SYSTEMPATH\CodeIgniter.php(351): CodeIgniter\CodeIgniter->handleRequest(null, Object(Config\Cache), false)
 7 FCPATH\index.php(67): CodeIgniter\CodeIgniter->run()
CRITICAL - 2023-01-19 16:58:24 --> Undefined property: stdClass::$plan
in APPPATH\Views\admin\user-list.php on line 48.
 1 APPPATH\Views\admin\user-list.php(48): CodeIgniter\Debug\Exceptions->errorHandler(2, 'Undefined property: stdClass::$plan', 'APPPATH\\Views\\admin\\user-list.php', 48)
 2 SYSTEMPATH\View\View.php(213): include('APPPATH\\Views\\admin\\user-list.php')
 3 SYSTEMPATH\View\View.php(216): CodeIgniter\View\View->CodeIgniter\View\{closure}()
 4 SYSTEMPATH\Common.php(1134): CodeIgniter\View\View->render('admin/user-list', [], true)
 5 APPPATH\Controllers\adminController.php(309): view('admin/user-list', [...])
 6 SYSTEMPATH\CodeIgniter.php(927): App\Controllers\adminController->activeuserDelete('69')
 7 SYSTEMPATH\CodeIgniter.php(482): CodeIgniter\CodeIgniter->runController(Object(App\Controllers\adminController))
 8 SYSTEMPATH\CodeIgniter.php(351): CodeIgniter\CodeIgniter->handleRequest(null, Object(Config\Cache), false)
 9 FCPATH\index.php(67): CodeIgniter\CodeIgniter->run()
CRITICAL - 2023-01-19 17:00:55 --> Undefined property: stdClass::$username
in APPPATH\Views\admin\active-list.php on line 44.
 1 APPPATH\Views\admin\active-list.php(44): CodeIgniter\Debug\Exceptions->errorHandler(2, 'Undefined property: stdClass::$username', 'APPPATH\\Views\\admin\\active-list.php', 44)
 2 SYSTEMPATH\View\View.php(213): include('APPPATH\\Views\\admin\\active-list.php')
 3 SYSTEMPATH\View\View.php(216): CodeIgniter\View\View->CodeIgniter\View\{closure}()
 4 SYSTEMPATH\Common.php(1134): CodeIgniter\View\View->render('admin/active-list', [], true)
 5 APPPATH\Controllers\adminController.php(309): view('admin/active-list', [...])
 6 SYSTEMPATH\CodeIgniter.php(927): App\Controllers\adminController->activeuserDelete('66')
 7 SYSTEMPATH\CodeIgniter.php(482): CodeIgniter\CodeIgniter->runController(Object(App\Controllers\adminController))
 8 SYSTEMPATH\CodeIgniter.php(351): CodeIgniter\CodeIgniter->handleRequest(null, Object(Config\Cache), false)
 9 FCPATH\index.php(67): CodeIgniter\CodeIgniter->run()
CRITICAL - 2023-01-19 17:01:57 --> Undefined property: stdClass::$username
in APPPATH\Views\admin\active-list.php on line 44.
 1 APPPATH\Views\admin\active-list.php(44): CodeIgniter\Debug\Exceptions->errorHandler(2, 'Undefined property: stdClass::$username', 'APPPATH\\Views\\admin\\active-list.php', 44)
 2 SYSTEMPATH\View\View.php(213): include('APPPATH\\Views\\admin\\active-list.php')
 3 SYSTEMPATH\View\View.php(216): CodeIgniter\View\View->CodeIgniter\View\{closure}()
 4 SYSTEMPATH\Common.php(1134): CodeIgniter\View\View->render('admin/active-list', [], true)
 5 APPPATH\Controllers\adminController.php(309): view('admin/active-list', [...])
 6 SYSTEMPATH\CodeIgniter.php(927): App\Controllers\adminController->activeuserDelete('70')
 7 SYSTEMPATH\CodeIgniter.php(482): CodeIgniter\CodeIgniter->runController(Object(App\Controllers\adminController))
 8 SYSTEMPATH\CodeIgniter.php(351): CodeIgniter\CodeIgniter->handleRequest(null, Object(Config\Cache), false)
 9 FCPATH\index.php(67): CodeIgniter\CodeIgniter->run()
